core   0: 3 0x80000000 (0x00000013)
core   0: 3 0x80000004 (0x00000093) x1  0x00000000
core   0: 3 0x80000008 (0x00000113) x2  0x00000000
core   0: 3 0x8000000c (0x00000193) x3  0x00000000
core   0: 3 0x80000010 (0x00000213) x4  0x00000000
core   0: 3 0x80000014 (0x00000293) x5  0x00000000
core   0: 3 0x80000018 (0x00000313) x6  0x00000000
core   0: 3 0x8000001c (0x00000393) x7  0x00000000
core   0: 3 0x80000020 (0x00000413) x8  0x00000000
core   0: 3 0x80000024 (0x00000493) x9  0x00000000
core   0: 3 0x80000028 (0x00000513) x10 0x00000000
core   0: 3 0x8000002c (0x00000593) x11 0x00000000
core   0: 3 0x80000030 (0x00000613) x12 0x00000000
core   0: 3 0x80000034 (0x00000693) x13 0x00000000
core   0: 3 0x80000038 (0x00000713) x14 0x00000000
core   0: 3 0x8000003c (0x00000793) x15 0x00000000
core   0: 3 0x80000040 (0x00000813) x16 0x00000000
core   0: 3 0x80000044 (0x00000893) x17 0x00000000
core   0: 3 0x80000048 (0x00000913) x18 0x00000000
core   0: 3 0x8000004c (0x00000993) x19 0x00000000
core   0: 3 0x80000050 (0x00000a13) x20 0x00000000
core   0: 3 0x80000054 (0x00000a93) x21 0x00000000
core   0: 3 0x80000058 (0x00000b13) x22 0x00000000
core   0: 3 0x8000005c (0x00000b93) x23 0x00000000
core   0: 3 0x80000060 (0x00000c13) x24 0x00000000
core   0: 3 0x80000064 (0x00000c93) x25 0x00000000
core   0: 3 0x80000068 (0x00000d13) x26 0x00000000
core   0: 3 0x8000006c (0x00000d93) x27 0x00000000
core   0: 3 0x80000070 (0x00000e13) x28 0x00000000
core   0: 3 0x80000074 (0x00000e93) x29 0x00000000
core   0: 3 0x80000078 (0x00000f13) x30 0x00000000
core   0: 3 0x8000007c (0x00000f93) x31 0x00000000
core   0: 3 0x80000080 (0x80100137) x2  0x80100000
core   0: 3 0x80000084 (0x00000297) x5  0x80000084
core   0: 3 0x80000088 (0x5e828293) x5  0x8000066c
core   0: 3 0x8000008c (0x00028067)
core   0: 3 0x8000066c (0x800017b7) x15 0x80001000
core   0: 3 0x80000670 (0x4bc78793) x15 0x800014bc
core   0: 3 0x80000674 (0x0007a583) x11 0x00000005 mem 0x800014bc
core   0: 3 0x80000678 (0x0047a603) x12 0x00000007 mem 0x800014c0
core   0: 3 0x8000067c (0x0087a683) x13 0x00000003 mem 0x800014c4
core   0: 3 0x80000680 (0x00c7a703) x14 0x00000002 mem 0x800014c8
core   0: 3 0x80000684 (0x0107a783) x15 0x00000005 mem 0x800014cc
core   0: 3 0x80000688 (0xfe010113) x2  0x800fffe0
core   0: 3 0x8000068c (0x00b12623) mem 0x800fffec 0x00000005
core   0: 3 0x80000690 (0x00c12823) mem 0x800ffff0 0x00000007
core   0: 3 0x80000694 (0x00d12a23) mem 0x800ffff4 0x00000003
core   0: 3 0x80000698 (0x00e12c23) mem 0x800ffff8 0x00000002
core   0: 3 0x8000069c (0x00f12e23) mem 0x800ffffc 0x00000005
core   0: 3 0x800006a0 (0x00400593) x11 0x00000004
core   0: 3 0x800006a4 (0x00c10793) x15 0x800fffec
core   0: 3 0x800006a8 (0x00000713) x14 0x00000000
core   0: 3 0x800006ac (0x0007a683) x13 0x00000005 mem 0x800fffec
core   0: 3 0x800006b0 (0x0047a603) x12 0x00000007 mem 0x800ffff0
core   0: 3 0x800006b4 (0x00170713) x14 0x00000001
core   0: 3 0x800006b8 (0x00d65663)
core   0: 3 0x800006c4 (0x00478793) x15 0x800ffff0
core   0: 3 0x800006c8 (0xfeb742e3)
core   0: 3 0x800006ac (0x0007a683) x13 0x00000007 mem 0x800ffff0
core   0: 3 0x800006b0 (0x0047a603) x12 0x00000003 mem 0x800ffff4
core   0: 3 0x800006b4 (0x00170713) x14 0x00000002
core   0: 3 0x800006b8 (0x00d65663)
core   0: 3 0x800006bc (0x00c7a023) mem 0x800ffff0 0x00000003
core   0: 3 0x800006c0 (0x00d7a223) mem 0x800ffff4 0x00000007
core   0: 3 0x800006c4 (0x00478793) x15 0x800ffff4
core   0: 3 0x800006c8 (0xfeb742e3)
core   0: 3 0x800006ac (0x0007a683) x13 0x00000007 mem 0x800ffff4
core   0: 3 0x800006b0 (0x0047a603) x12 0x00000002 mem 0x800ffff8
core   0: 3 0x800006b4 (0x00170713) x14 0x00000003
core   0: 3 0x800006b8 (0x00d65663)
core   0: 3 0x800006bc (0x00c7a023) mem 0x800ffff4 0x00000002
core   0: 3 0x800006c0 (0x00d7a223) mem 0x800ffff8 0x00000007
core   0: 3 0x800006c4 (0x00478793) x15 0x800ffff8
core   0: 3 0x800006c8 (0xfeb742e3)
core   0: 3 0x800006ac (0x0007a683) x13 0x00000007 mem 0x800ffff8
core   0: 3 0x800006b0 (0x0047a603) x12 0x00000005 mem 0x800ffffc
core   0: 3 0x800006b4 (0x00170713) x14 0x00000004
core   0: 3 0x800006b8 (0x00d65663)
core   0: 3 0x800006bc (0x00c7a023) mem 0x800ffff8 0x00000005
core   0: 3 0x800006c0 (0x00d7a223) mem 0x800ffffc 0x00000007
core   0: 3 0x800006c4 (0x00478793) x15 0x800ffffc
core   0: 3 0x800006c8 (0xfeb742e3)
core   0: 3 0x800006cc (0xfff58593) x11 0x00000003
core   0: 3 0x800006d0 (0xfc059ae3)
core   0: 3 0x800006a4 (0x00c10793) x15 0x800fffec
core   0: 3 0x800006a8 (0x00000713) x14 0x00000000
core   0: 3 0x800006ac (0x0007a683) x13 0x00000005 mem 0x800fffec
core   0: 3 0x800006b0 (0x0047a603) x12 0x00000003 mem 0x800ffff0
core   0: 3 0x800006b4 (0x00170713) x14 0x00000001
core   0: 3 0x800006b8 (0x00d65663)
core   0: 3 0x800006bc (0x00c7a023) mem 0x800fffec 0x00000003
core   0: 3 0x800006c0 (0x00d7a223) mem 0x800ffff0 0x00000005
core   0: 3 0x800006c4 (0x00478793) x15 0x800ffff0
core   0: 3 0x800006c8 (0xfeb742e3)
core   0: 3 0x800006ac (0x0007a683) x13 0x00000005 mem 0x800ffff0
core   0: 3 0x800006b0 (0x0047a603) x12 0x00000002 mem 0x800ffff4
core   0: 3 0x800006b4 (0x00170713) x14 0x00000002
core   0: 3 0x800006b8 (0x00d65663)
core   0: 3 0x800006bc (0x00c7a023) mem 0x800ffff0 0x00000002
core   0: 3 0x800006c0 (0x00d7a223) mem 0x800ffff4 0x00000005
core   0: 3 0x800006c4 (0x00478793) x15 0x800ffff4
core   0: 3 0x800006c8 (0xfeb742e3)
core   0: 3 0x800006ac (0x0007a683) x13 0x00000005 mem 0x800ffff4
core   0: 3 0x800006b0 (0x0047a603) x12 0x00000005 mem 0x800ffff8
core   0: 3 0x800006b4 (0x00170713) x14 0x00000003
core   0: 3 0x800006b8 (0x00d65663)
core   0: 3 0x800006c4 (0x00478793) x15 0x800ffff8
core   0: 3 0x800006c8 (0xfeb742e3)
core   0: 3 0x800006cc (0xfff58593) x11 0x00000002
core   0: 3 0x800006d0 (0xfc059ae3)
core   0: 3 0x800006a4 (0x00c10793) x15 0x800fffec
core   0: 3 0x800006a8 (0x00000713) x14 0x00000000
core   0: 3 0x800006ac (0x0007a683) x13 0x00000003 mem 0x800fffec
core   0: 3 0x800006b0 (0x0047a603) x12 0x00000002 mem 0x800ffff0
core   0: 3 0x800006b4 (0x00170713) x14 0x00000001
core   0: 3 0x800006b8 (0x00d65663)
core   0: 3 0x800006bc (0x00c7a023) mem 0x800fffec 0x00000002
core   0: 3 0x800006c0 (0x00d7a223) mem 0x800ffff0 0x00000003
core   0: 3 0x800006c4 (0x00478793) x15 0x800ffff0
core   0: 3 0x800006c8 (0xfeb742e3)
core   0: 3 0x800006ac (0x0007a683) x13 0x00000003 mem 0x800ffff0
core   0: 3 0x800006b0 (0x0047a603) x12 0x00000005 mem 0x800ffff4
core   0: 3 0x800006b4 (0x00170713) x14 0x00000002
core   0: 3 0x800006b8 (0x00d65663)
core   0: 3 0x800006c4 (0x00478793) x15 0x800ffff4
core   0: 3 0x800006c8 (0xfeb742e3)
core   0: 3 0x800006cc (0xfff58593) x11 0x00000001
core   0: 3 0x800006d0 (0xfc059ae3)
core   0: 3 0x800006a4 (0x00c10793) x15 0x800fffec
core   0: 3 0x800006a8 (0x00000713) x14 0x00000000
core   0: 3 0x800006ac (0x0007a683) x13 0x00000002 mem 0x800fffec
core   0: 3 0x800006b0 (0x0047a603) x12 0x00000003 mem 0x800ffff0
core   0: 3 0x800006b4 (0x00170713) x14 0x00000001
core   0: 3 0x800006b8 (0x00d65663)
core   0: 3 0x800006c4 (0x00478793) x15 0x800ffff0
core   0: 3 0x800006c8 (0xfeb742e3)
core   0: 3 0x800006cc (0xfff58593) x11 0x00000000
core   0: 3 0x800006d0 (0xfc059ae3)
core   0: 3 0x800006d4 (0x00c12703) x14 0x00000002 mem 0x800fffec
core   0: 3 0x800006d8 (0x000807b7) x15 0x00080000
core   0: 3 0x800006dc (0x00000513) x10 0x00000000
core   0: 3 0x800006e0 (0x03070713) x14 0x00000032
core   0: 3 0x800006e4 (0x00e7a023) mem 0x00080000 0x00000032
core   0: 3 0x800006e8 (0x01012703) x14 0x00000003 mem 0x800ffff0
core   0: 3 0x800006ec (0x03070713) x14 0x00000033
core   0: 3 0x800006f0 (0x00e7a023) mem 0x00080000 0x00000033
core   0: 3 0x800006f4 (0x01412703) x14 0x00000005 mem 0x800ffff4
core   0: 3 0x800006f8 (0x03070713) x14 0x00000035
core   0: 3 0x800006fc (0x00e7a023) mem 0x00080000 0x00000035
core   0: 3 0x80000700 (0x01812703) x14 0x00000005 mem 0x800ffff8
core   0: 3 0x80000704 (0x03070713) x14 0x00000035
core   0: 3 0x80000708 (0x00e7a023) mem 0x00080000 0x00000035
core   0: 3 0x8000070c (0x01c12703) x14 0x00000007 mem 0x800ffffc
core   0: 3 0x80000710 (0x03070713) x14 0x00000037
core   0: 3 0x80000714 (0x00e7a023) mem 0x00080000 0x00000037
core   0: 3 0x80000718 (0x02010113) x2  0x80100000
core   0: 3 0x8000071c (0x00008067)
