core   0: 3 0x00001000 (0x00000297) x5  0x00001000
core   0: 3 0x00001004 (0x02028593) x11 0x00001020
core   0: 3 0x00001008 (0xf1402573) x10 0x00000000
core   0: 3 0x0000100c (0x0182a283) x5  0x80000000 mem 0x00001018
core   0: 3 0x00001010 (0x00028067)
core   0: 3 0x80000000 (0x00000013)
core   0: 3 0x80000004 (0x00000093) x1  0x00000000
core   0: 3 0x80000008 (0x00000113) x2  0x00000000
core   0: 3 0x8000000c (0x00000193) x3  0x00000000
core   0: 3 0x80000010 (0x00000213) x4  0x00000000
core   0: 3 0x80000014 (0x00000293) x5  0x00000000
core   0: 3 0x80000018 (0x00000313) x6  0x00000000
core   0: 3 0x8000001c (0x00000393) x7  0x00000000
core   0: 3 0x80000020 (0x00000413) x8  0x00000000
core   0: 3 0x80000024 (0x00000493) x9  0x00000000
core   0: 3 0x80000028 (0x00000513) x10 0x00000000
core   0: 3 0x8000002c (0x00000593) x11 0x00000000
core   0: 3 0x80000030 (0x00000613) x12 0x00000000
core   0: 3 0x80000034 (0x00000693) x13 0x00000000
core   0: 3 0x80000038 (0x00000713) x14 0x00000000
core   0: 3 0x8000003c (0x00000793) x15 0x00000000
core   0: 3 0x80000040 (0x00000813) x16 0x00000000
core   0: 3 0x80000044 (0x00000893) x17 0x00000000
core   0: 3 0x80000048 (0x00000913) x18 0x00000000
core   0: 3 0x8000004c (0x00000993) x19 0x00000000
core   0: 3 0x80000050 (0x00000a13) x20 0x00000000
core   0: 3 0x80000054 (0x00000a93) x21 0x00000000
core   0: 3 0x80000058 (0x00000b13) x22 0x00000000
core   0: 3 0x8000005c (0x00000b93) x23 0x00000000
core   0: 3 0x80000060 (0x00000c13) x24 0x00000000
core   0: 3 0x80000064 (0x00000c93) x25 0x00000000
core   0: 3 0x80000068 (0x00000d13) x26 0x00000000
core   0: 3 0x8000006c (0x00000d93) x27 0x00000000
core   0: 3 0x80000070 (0x00000e13) x28 0x00000000
core   0: 3 0x80000074 (0x00000e93) x29 0x00000000
core   0: 3 0x80000078 (0x00000f13) x30 0x00000000
core   0: 3 0x8000007c (0x00000f93) x31 0x00000000
core   0: 3 0x80000080 (0x80100137) x2  0x80100000
core   0: 3 0x80000084 (0x00001297) x5  0x80001084
core   0: 3 0x80000088 (0xc7428293) x5  0x80000cf8
core   0: 3 0x8000008c (0x00028067)
core   0: 3 0x80000cf8 (0xfd010113) x2  0x800fffd0
core   0: 3 0x80000cfc (0x800027b7) x15 0x80002000
core   0: 3 0x80000d00 (0x80002737) x14 0x80002000
core   0: 3 0x80000d04 (0x02112623) mem 0x800ffffc 0x00000000
core   0: 3 0x80000d08 (0xc8478793) x15 0x80001c84
core   0: 3 0x80000d0c (0x00300813) x16 0x00000003
core   0: 3 0x80000d10 (0xc9c70713) x14 0x80001c9c
core   0: 3 0x80000d14 (0x00f72223) mem 0x80001ca0 0x80001c84
core   0: 3 0x80000d18 (0x01072023) mem 0x80001c9c 0x00000003
core   0: 3 0x80000d1c (0x06300713) x14 0x00000063
core   0: 3 0x80000d20 (0x00878613) x12 0x80001c8c
core   0: 3 0x80000d24 (0x01078693) x13 0x80001c94
core   0: 3 0x80000d28 (0x00e7a823) mem 0x80001c94 0x00000063
core   0: 3 0x80000d2c (0x00300593) x11 0x00000003
core   0: 3 0x80000d30 (0x00100713) x14 0x00000001
core   0: 3 0x80000d34 (0x00010513) x10 0x800fffd0
core   0: 3 0x80000d38 (0x0007aa23) mem 0x80001c98 0x00000000
core   0: 3 0x80000d3c (0x00c7a223) mem 0x80001c88 0x80001c8c
core   0: 3 0x80000d40 (0x0007a023) mem 0x80001c84 0x00000000
core   0: 3 0x80000d44 (0x00d7a623) mem 0x80001c90 0x80001c94
core   0: 3 0x80000d48 (0x00e7a423) mem 0x80001c8c 0x00000001
core   0: 3 0x80000d4c (0x9d9ff0ef) x1  0x80000d50
core   0: 3 0x80000724 (0x00b52023) mem 0x800fffd0 0x00000003
core   0: 3 0x80000728 (0x00052223) mem 0x800fffd4 0x00000000
core   0: 3 0x8000072c (0x00052423) mem 0x800fffd8 0x00000000
core   0: 3 0x80000730 (0x00052623) mem 0x800fffdc 0x00000000
core   0: 3 0x80000734 (0x00052823) mem 0x800fffe0 0x00000000
core   0: 3 0x80000738 (0x00052a23) mem 0x800fffe4 0x00000000
core   0: 3 0x8000073c (0x00052c23) mem 0x800fffe8 0x00000000
core   0: 3 0x80000740 (0x00052e23) mem 0x800fffec 0x00000000
core   0: 3 0x80000744 (0x04b05863)
core   0: 3 0x80000748 (0x80002837) x16 0x80002000
core   0: 3 0x8000074c (0xc9c80813) x16 0x80001c9c
core   0: 3 0x80000750 (0x00482783) x15 0x80001c84 mem 0x80001ca0
core   0: 3 0x80000754 (0x00058713) x14 0x00000003
core   0: 3 0x80000758 (0x00000693) x13 0x00000000
core   0: 3 0x8000075c (0x00c0006f)
core   0: 3 0x80000768 (0x0047a603) x12 0x80001c8c mem 0x80001c88
core   0: 3 0x8000076c (0x00e7a023) mem 0x80001c84 0x00000003
core   0: 3 0x80000770 (0x00d7a223) mem 0x80001c88 0x00000000
core   0: 3 0x80000774 (0xfff70713) x14 0x00000002
core   0: 3 0x80000778 (0xfe0714e3)
core   0: 3 0x80000760 (0x00078693) x13 0x80001c84
core   0: 3 0x80000764 (0x00060793) x15 0x80001c8c
core   0: 3 0x80000768 (0x0047a603) x12 0x80001c94 mem 0x80001c90
core   0: 3 0x8000076c (0x00e7a023) mem 0x80001c8c 0x00000002
core   0: 3 0x80000770 (0x00d7a223) mem 0x80001c90 0x80001c84
core   0: 3 0x80000774 (0xfff70713) x14 0x00000001
core   0: 3 0x80000778 (0xfe0714e3)
core   0: 3 0x80000760 (0x00078693) x13 0x80001c8c
core   0: 3 0x80000764 (0x00060793) x15 0x80001c94
core   0: 3 0x80000768 (0x0047a603) x12 0x00000000 mem 0x80001c98
core   0: 3 0x8000076c (0x00e7a023) mem 0x80001c94 0x00000001
core   0: 3 0x80000770 (0x00d7a223) mem 0x80001c98 0x80001c8c
core   0: 3 0x80000774 (0xfff70713) x14 0x00000000
core   0: 3 0x80000778 (0xfe0714e3)
core   0: 3 0x8000077c (0x00c82223) mem 0x80001ca0 0x00000000
core   0: 3 0x80000780 (0x00d7a223) mem 0x80001c98 0x80001c8c
core   0: 3 0x80000784 (0x00f52623) mem 0x800fffdc 0x80001c94
core   0: 3 0x80000788 (0x00100713) x14 0x00000001
core   0: 3 0x8000078c (0x00e7a023) mem 0x80001c94 0x00000001
core   0: 3 0x80000790 (0x00b52423) mem 0x800fffd8 0x00000003
core   0: 3 0x80000794 (0x00008067)
core   0: 3 0x80000d50 (0x00010513) x10 0x800fffd0
core   0: 3 0x80000d54 (0xa45ff0ef) x1  0x80000d58
core   0: 3 0x80000798 (0x00852703) x14 0x00000003 mem 0x800fffd8
core   0: 3 0x8000079c (0x04e05263)
core   0: 3 0x800007a0 (0x800026b7) x13 0x80002000
core   0: 3 0x800007a4 (0xc9c68693) x13 0x80001c9c
core   0: 3 0x800007a8 (0x00c52783) x15 0x80001c94 mem 0x800fffdc
core   0: 3 0x800007ac (0x0046a603) x12 0x00000000 mem 0x80001ca0
core   0: 3 0x800007b0 (0x00c0006f)
core   0: 3 0x800007bc (0x0047a583) x11 0x80001c8c mem 0x80001c98
core   0: 3 0x800007c0 (0xfff70713) x14 0x00000002
core   0: 3 0x800007c4 (0x00c7a223) mem 0x80001c98 0x00000000
core   0: 3 0x800007c8 (0x00078813) x16 0x80001c94
core   0: 3 0x800007cc (0xfe0714e3)
core   0: 3 0x800007b4 (0x00058793) x15 0x80001c8c
core   0: 3 0x800007b8 (0x00080613) x12 0x80001c94
core   0: 3 0x800007bc (0x0047a583) x11 0x80001c84 mem 0x80001c90
core   0: 3 0x800007c0 (0xfff70713) x14 0x00000001
core   0: 3 0x800007c4 (0x00c7a223) mem 0x80001c90 0x80001c94
core   0: 3 0x800007c8 (0x00078813) x16 0x80001c8c
core   0: 3 0x800007cc (0xfe0714e3)
core   0: 3 0x800007b4 (0x00058793) x15 0x80001c84
core   0: 3 0x800007b8 (0x00080613) x12 0x80001c8c
core   0: 3 0x800007bc (0x0047a583) x11 0x00000000 mem 0x80001c88
core   0: 3 0x800007c0 (0xfff70713) x14 0x00000000
core   0: 3 0x800007c4 (0x00c7a223) mem 0x80001c88 0x80001c8c
core   0: 3 0x800007c8 (0x00078813) x16 0x80001c84
core   0: 3 0x800007cc (0xfe0714e3)
core   0: 3 0x800007d0 (0x00b52623) mem 0x800fffdc 0x00000000
core   0: 3 0x800007d4 (0x00c7a223) mem 0x80001c88 0x80001c8c
core   0: 3 0x800007d8 (0x00f6a223) mem 0x80001ca0 0x80001c84
core   0: 3 0x800007dc (0x00052423) mem 0x800fffd8 0x00000000
core   0: 3 0x800007e0 (0x01052703) x14 0x00000000 mem 0x800fffe0
core   0: 3 0x800007e4 (0x04e05263)
core   0: 3 0x80000828 (0x01852703) x14 0x00000000 mem 0x800fffe8
core   0: 3 0x8000082c (0x02e05a63)
core   0: 3 0x80000860 (0x00052803) x16 0x00000003 mem 0x800fffd0
core   0: 3 0x80000864 (0x00052223) mem 0x800fffd4 0x00000000
core   0: 3 0x80000868 (0x00052423) mem 0x800fffd8 0x00000000
core   0: 3 0x8000086c (0x00052623) mem 0x800fffdc 0x00000000
core   0: 3 0x80000870 (0x00052823) mem 0x800fffe0 0x00000000
core   0: 3 0x80000874 (0x00052a23) mem 0x800fffe4 0x00000000
core   0: 3 0x80000878 (0x00052c23) mem 0x800fffe8 0x00000000
core   0: 3 0x8000087c (0x00052e23) mem 0x800fffec 0x00000000
core   0: 3 0x80000880 (0x05005863)
core   0: 3 0x80000884 (0x800026b7) x13 0x80002000
core   0: 3 0x80000888 (0xc9c68693) x13 0x80001c9c
core   0: 3 0x8000088c (0x0046a783) x15 0x80001c84 mem 0x80001ca0
core   0: 3 0x80000890 (0x00080713) x14 0x00000003
core   0: 3 0x80000894 (0x00000613) x12 0x00000000
core   0: 3 0x80000898 (0x00c0006f)
core   0: 3 0x800008a4 (0x0047a583) x11 0x80001c8c mem 0x80001c88
core   0: 3 0x800008a8 (0x00e7a023) mem 0x80001c84 0x00000003
core   0: 3 0x800008ac (0x00c7a223) mem 0x80001c88 0x00000000
core   0: 3 0x800008b0 (0xfff70713) x14 0x00000002
core   0: 3 0x800008b4 (0xfe0714e3)
core   0: 3 0x8000089c (0x00078613) x12 0x80001c84
core   0: 3 0x800008a0 (0x00058793) x15 0x80001c8c
core   0: 3 0x800008a4 (0x0047a583) x11 0x80001c94 mem 0x80001c90
core   0: 3 0x800008a8 (0x00e7a023) mem 0x80001c8c 0x00000002
core   0: 3 0x800008ac (0x00c7a223) mem 0x80001c90 0x80001c84
core   0: 3 0x800008b0 (0xfff70713) x14 0x00000001
core   0: 3 0x800008b4 (0xfe0714e3)
core   0: 3 0x8000089c (0x00078613) x12 0x80001c8c
core   0: 3 0x800008a0 (0x00058793) x15 0x80001c94
core   0: 3 0x800008a4 (0x0047a583) x11 0x00000000 mem 0x80001c98
core   0: 3 0x800008a8 (0x00e7a023) mem 0x80001c94 0x00000001
core   0: 3 0x800008ac (0x00c7a223) mem 0x80001c98 0x80001c8c
core   0: 3 0x800008b0 (0xfff70713) x14 0x00000000
core   0: 3 0x800008b4 (0xfe0714e3)
core   0: 3 0x800008b8 (0x00b6a223) mem 0x80001ca0 0x00000000
core   0: 3 0x800008bc (0x00c7a223) mem 0x80001c98 0x80001c8c
core   0: 3 0x800008c0 (0x00f52623) mem 0x800fffdc 0x80001c94
core   0: 3 0x800008c4 (0x00100713) x14 0x00000001
core   0: 3 0x800008c8 (0x00e7a023) mem 0x80001c94 0x00000001
core   0: 3 0x800008cc (0x01052423) mem 0x800fffd8 0x00000003
core   0: 3 0x800008d0 (0x00008067)
core   0: 3 0x80000d58 (0x00010513) x10 0x800fffd0
core   0: 3 0x80000d5c (0xf05ff0ef) x1  0x80000d60
core   0: 3 0x80000c60 (0x00052583) x11 0x00000003 mem 0x800fffd0
core   0: 3 0x80000c64 (0x01850713) x14 0x800fffe8
core   0: 3 0x80000c68 (0x01050693) x13 0x800fffe0
core   0: 3 0x80000c6c (0x00850613) x12 0x800fffd8
core   0: 3 0x80000c70 (0xc65ff06f)
core   0: 3 0x800008d4 (0xfb010113) x2  0x800fff80
core   0: 3 0x800008d8 (0x05212023) mem 0x800fffc0 0x00000000
core   0: 3 0x800008dc (0x04112623) mem 0x800fffcc 0x80000d60
core   0: 3 0x800008e0 (0x03412c23) mem 0x800fffb8 0x00000000
core   0: 3 0x800008e4 (0x03712623) mem 0x800fffac 0x00000000
core   0: 3 0x800008e8 (0x00b12223) mem 0x800fff84 0x00000003
core   0: 3 0x800008ec (0x00100793) x15 0x00000001
core   0: 3 0x800008f0 (0x00c12423) mem 0x800fff88 0x800fffd8
core   0: 3 0x800008f4 (0x00e12623) mem 0x800fff8c 0x800fffe8
core   0: 3 0x800008f8 (0x00050913) x18 0x800fffd0
core   0: 3 0x800008fc (0x34f58863)
core   0: 3 0x80000900 (0x80002a37) x20 0x80002000
core   0: 3 0x80000904 (0x03312e23) mem 0x800fffbc 0x00000000
core   0: 3 0x80000908 (0x04812423) mem 0x800fffc8 0x00000000
core   0: 3 0x8000090c (0x04912223) mem 0x800fffc4 0x00000000
core   0: 3 0x80000910 (0x03512a23) mem 0x800fffb4 0x00000000
core   0: 3 0x80000914 (0x03612823) mem 0x800fffb0 0x00000000
core   0: 3 0x80000918 (0x03812423) mem 0x800fffa8 0x00000000
core   0: 3 0x8000091c (0x03912223) mem 0x800fffa4 0x00000000
core   0: 3 0x80000920 (0x03a12023) mem 0x800fffa0 0x00000000
core   0: 3 0x80000924 (0x01b12e23) mem 0x800fff9c 0x00000000
core   0: 3 0x80000928 (0x00068b93) x23 0x800fffe0
core   0: 3 0x8000092c (0xc9ca0a13) x20 0x80001c9c
core   0: 3 0x80000930 (0x00100993) x19 0x00000001
core   0: 3 0x80000934 (0x00412783) x15 0x00000003 mem 0x800fff84
core   0: 3 0x80000938 (0xfff78793) x15 0x00000002
core   0: 3 0x8000093c (0x00f12223) mem 0x800fff84 0x00000002
core   0: 3 0x80000940 (0x1d378c63)
core   0: 3 0x80000944 (0x00412783) x15 0x00000002 mem 0x800fff84
core   0: 3 0x80000948 (0x00c12d83) x27 0x800fffe8 mem 0x800fff8c
core   0: 3 0x8000094c (0x00812b03) x22 0x800fffd8 mem 0x800fff88
core   0: 3 0x80000950 (0x00f12023) mem 0x800fff80 0x00000002
core   0: 3 0x80000954 (0x00012783) x15 0x00000002 mem 0x800fff80
core   0: 3 0x80000958 (0xfff78793) x15 0x00000001
core   0: 3 0x8000095c (0x00f12023) mem 0x800fff80 0x00000001
core   0: 3 0x80000960 (0x11378863)
core   0: 3 0x80000a70 (0x00492683) x13 0x00000000 mem 0x800fffd4
core   0: 3 0x80000a74 (0x000b0493) x9  0x800fffd8
core   0: 3 0x80000a78 (0x0044a703) x14 0x80001c94 mem 0x800fffdc
core   0: 3 0x80000a7c (0x0004a783) x15 0x00000003 mem 0x800fffd8
core   0: 3 0x80000a80 (0x00268693) x13 0x00000002
core   0: 3 0x80000a84 (0x00472603) x12 0x80001c8c mem 0x80001c98
core   0: 3 0x80000a88 (0x00072583) x11 0x00000001 mem 0x80001c94
core   0: 3 0x80000a8c (0xfff78793) x15 0x00000002
core   0: 3 0x80000a90 (0x00c4a223) mem 0x800fffdc 0x80001c8c
core   0: 3 0x80000a94 (0x004a2503) x10 0x00000000 mem 0x80001ca0
core   0: 3 0x80000a98 (0x00f4a023) mem 0x800fffd8 0x00000002
core   0: 3 0x80000a9c (0x000da603) x12 0x00000000 mem 0x800fffe8
core   0: 3 0x80000aa0 (0x00aa2223) mem 0x80001ca0 0x00000000
core   0: 3 0x80000aa4 (0x004da783) x15 0x00000000 mem 0x800fffec
core   0: 3 0x80000aa8 (0x00160613) x12 0x00000001
core   0: 3 0x80000aac (0x00f72223) mem 0x80001c98 0x00000000
core   0: 3 0x80000ab0 (0x00eda223) mem 0x800fffec 0x80001c94
core   0: 3 0x80000ab4 (0x004b2783) x15 0x80001c8c mem 0x800fffdc
core   0: 3 0x80000ab8 (0x00b72023) mem 0x80001c94 0x00000001
core   0: 3 0x80000abc (0x00cda023) mem 0x800fffe8 0x00000001
core   0: 3 0x80000ac0 (0x0047a583) x11 0x80001c84 mem 0x80001c90
core   0: 3 0x80000ac4 (0x000b2703) x14 0x00000002 mem 0x800fffd8
core   0: 3 0x80000ac8 (0x0007a603) x12 0x00000002 mem 0x80001c8c
core   0: 3 0x80000acc (0x00bb2223) mem 0x800fffdc 0x80001c84
core   0: 3 0x80000ad0 (0x004a2583) x11 0x00000000 mem 0x80001ca0
core   0: 3 0x80000ad4 (0xfff70713) x14 0x00000001
core   0: 3 0x80000ad8 (0x00eb2023) mem 0x800fffd8 0x00000001
core   0: 3 0x80000adc (0x00ba2223) mem 0x80001ca0 0x00000000
core   0: 3 0x80000ae0 (0x004ba583) x11 0x00000000 mem 0x800fffe4
core   0: 3 0x80000ae4 (0x000ba703) x14 0x00000000 mem 0x800fffe0
core   0: 3 0x80000ae8 (0x00b7a223) mem 0x80001c90 0x00000000
core   0: 3 0x80000aec (0x00fba223) mem 0x800fffe4 0x80001c8c
core   0: 3 0x80000af0 (0x00c7a023) mem 0x80001c8c 0x00000002
core   0: 3 0x80000af4 (0x00170793) x15 0x00000001
core   0: 3 0x80000af8 (0x00fba023) mem 0x800fffe0 0x00000001
core   0: 3 0x80000afc (0x00012783) x15 0x00000001 mem 0x800fff80
core   0: 3 0x80000b00 (0x00d92223) mem 0x800fffd4 0x00000002
core   0: 3 0x80000b04 (0x01378e63)
core   0: 3 0x80000b20 (0x004da703) x14 0x80001c94 mem 0x800fffec
core   0: 3 0x80000b24 (0x000da783) x15 0x00000001 mem 0x800fffe8
core   0: 3 0x80000b28 (0x00c12803) x16 0x800fffe8 mem 0x800fff8c
core   0: 3 0x80000b2c (0x00472603) x12 0x00000000 mem 0x80001c98
core   0: 3 0x80000b30 (0x00072583) x11 0x00000001 mem 0x80001c94
core   0: 3 0x80000b34 (0xfff78793) x15 0x00000000
core   0: 3 0x80000b38 (0x00cda223) mem 0x800fffec 0x00000000
core   0: 3 0x80000b3c (0x004a2503) x10 0x00000000 mem 0x80001ca0
core   0: 3 0x80000b40 (0x00fda023) mem 0x800fffe8 0x00000000
core   0: 3 0x80000b44 (0x000ba603) x12 0x00000001 mem 0x800fffe0
core   0: 3 0x80000b48 (0x00aa2223) mem 0x80001ca0 0x00000000
core   0: 3 0x80000b4c (0x004ba783) x15 0x80001c8c mem 0x800fffe4
core   0: 3 0x80000b50 (0x00812503) x10 0x800fffd8 mem 0x800fff88
core   0: 3 0x80000b54 (0x00160613) x12 0x00000002
core   0: 3 0x80000b58 (0x00f72223) mem 0x80001c98 0x80001c8c
core   0: 3 0x80000b5c (0x00eba223) mem 0x800fffe4 0x80001c94
core   0: 3 0x80000b60 (0x00452783) x15 0x80001c84 mem 0x800fffdc
core   0: 3 0x80000b64 (0x00b72023) mem 0x80001c94 0x00000001
core   0: 3 0x80000b68 (0x00cba023) mem 0x800fffe0 0x00000002
core   0: 3 0x80000b6c (0x0047a583) x11 0x00000000 mem 0x80001c88
core   0: 3 0x80000b70 (0x00052703) x14 0x00000001 mem 0x800fffd8
core   0: 3 0x80000b74 (0x0007a603) x12 0x00000003 mem 0x80001c84
core   0: 3 0x80000b78 (0x00b52223) mem 0x800fffdc 0x00000000
core   0: 3 0x80000b7c (0x004a2583) x11 0x00000000 mem 0x80001ca0
core   0: 3 0x80000b80 (0xfff70713) x14 0x00000000
core   0: 3 0x80000b84 (0x00e52023) mem 0x800fffd8 0x00000000
core   0: 3 0x80000b88 (0x00ba2223) mem 0x80001ca0 0x00000000
core   0: 3 0x80000b8c (0x00482583) x11 0x00000000 mem 0x800fffec
core   0: 3 0x80000b90 (0x00082703) x14 0x00000000 mem 0x800fffe8
core   0: 3 0x80000b94 (0x00268693) x13 0x00000004
core   0: 3 0x80000b98 (0x00b7a223) mem 0x80001c88 0x00000000
core   0: 3 0x80000b9c (0x00f82223) mem 0x800fffec 0x80001c84
core   0: 3 0x80000ba0 (0x00c7a023) mem 0x80001c84 0x00000003
core   0: 3 0x80000ba4 (0x00170793) x15 0x00000001
core   0: 3 0x80000ba8 (0x00f82023) mem 0x800fffe8 0x00000001
core   0: 3 0x80000bac (0x00412783) x15 0x00000002 mem 0x800fff84
core   0: 3 0x80000bb0 (0x00d92223) mem 0x800fffd4 0x00000004
core   0: 3 0x80000bb4 (0x01378863)
core   0: 3 0x80000bb8 (0x01712423) mem 0x800fff88 0x800fffe0
core   0: 3 0x80000bbc (0x00050b93) x23 0x800fffd8
core   0: 3 0x80000bc0 (0xd75ff06f)
core   0: 3 0x80000934 (0x00412783) x15 0x00000002 mem 0x800fff84
core   0: 3 0x80000938 (0xfff78793) x15 0x00000001
core   0: 3 0x8000093c (0x00f12223) mem 0x800fff84 0x00000001
core   0: 3 0x80000940 (0x1d378c63)
core   0: 3 0x80000b18 (0x00492683) x13 0x00000004 mem 0x800fffd4
core   0: 3 0x80000b1c (0x00812d83) x27 0x800fffe0 mem 0x800fff88
core   0: 3 0x80000b20 (0x004da703) x14 0x80001c94 mem 0x800fffe4
core   0: 3 0x80000b24 (0x000da783) x15 0x00000002 mem 0x800fffe0
core   0: 3 0x80000b28 (0x00c12803) x16 0x800fffe8 mem 0x800fff8c
core   0: 3 0x80000b2c (0x00472603) x12 0x80001c8c mem 0x80001c98
core   0: 3 0x80000b30 (0x00072583) x11 0x00000001 mem 0x80001c94
core   0: 3 0x80000b34 (0xfff78793) x15 0x00000001
core   0: 3 0x80000b38 (0x00cda223) mem 0x800fffe4 0x80001c8c
core   0: 3 0x80000b3c (0x004a2503) x10 0x00000000 mem 0x80001ca0
core   0: 3 0x80000b40 (0x00fda023) mem 0x800fffe0 0x00000001
core   0: 3 0x80000b44 (0x000ba603) x12 0x00000000 mem 0x800fffd8
core   0: 3 0x80000b48 (0x00aa2223) mem 0x80001ca0 0x00000000
core   0: 3 0x80000b4c (0x004ba783) x15 0x00000000 mem 0x800fffdc
core   0: 3 0x80000b50 (0x00812503) x10 0x800fffe0 mem 0x800fff88
core   0: 3 0x80000b54 (0x00160613) x12 0x00000001
core   0: 3 0x80000b58 (0x00f72223) mem 0x80001c98 0x00000000
core   0: 3 0x80000b5c (0x00eba223) mem 0x800fffdc 0x80001c94
core   0: 3 0x80000b60 (0x00452783) x15 0x80001c8c mem 0x800fffe4
core   0: 3 0x80000b64 (0x00b72023) mem 0x80001c94 0x00000001
core   0: 3 0x80000b68 (0x00cba023) mem 0x800fffd8 0x00000001
core   0: 3 0x80000b6c (0x0047a583) x11 0x00000000 mem 0x80001c90
core   0: 3 0x80000b70 (0x00052703) x14 0x00000001 mem 0x800fffe0
core   0: 3 0x80000b74 (0x0007a603) x12 0x00000002 mem 0x80001c8c
core   0: 3 0x80000b78 (0x00b52223) mem 0x800fffe4 0x00000000
core   0: 3 0x80000b7c (0x004a2583) x11 0x00000000 mem 0x80001ca0
core   0: 3 0x80000b80 (0xfff70713) x14 0x00000000
core   0: 3 0x80000b84 (0x00e52023) mem 0x800fffe0 0x00000000
core   0: 3 0x80000b88 (0x00ba2223) mem 0x80001ca0 0x00000000
core   0: 3 0x80000b8c (0x00482583) x11 0x80001c84 mem 0x800fffec
core   0: 3 0x80000b90 (0x00082703) x14 0x00000001 mem 0x800fffe8
core   0: 3 0x80000b94 (0x00268693) x13 0x00000006
core   0: 3 0x80000b98 (0x00b7a223) mem 0x80001c90 0x80001c84
core   0: 3 0x80000b9c (0x00f82223) mem 0x800fffec 0x80001c8c
core   0: 3 0x80000ba0 (0x00c7a023) mem 0x80001c8c 0x00000002
core   0: 3 0x80000ba4 (0x00170793) x15 0x00000002
core   0: 3 0x80000ba8 (0x00f82023) mem 0x800fffe8 0x00000002
core   0: 3 0x80000bac (0x00412783) x15 0x00000001 mem 0x800fff84
core   0: 3 0x80000bb0 (0x00d92223) mem 0x800fffd4 0x00000006
core   0: 3 0x80000bb4 (0x01378863)
core   0: 3 0x80000bc4 (0x04812403) x8  0x00000000 mem 0x800fffc8
core   0: 3 0x80000bc8 (0x04412483) x9  0x00000000 mem 0x800fffc4
core   0: 3 0x80000bcc (0x03c12983) x19 0x00000000 mem 0x800fffbc
core   0: 3 0x80000bd0 (0x03412a83) x21 0x00000000 mem 0x800fffb4
core   0: 3 0x80000bd4 (0x03012b03) x22 0x00000000 mem 0x800fffb0
core   0: 3 0x80000bd8 (0x02812c03) x24 0x00000000 mem 0x800fffa8
core   0: 3 0x80000bdc (0x02412c83) x25 0x00000000 mem 0x800fffa4
core   0: 3 0x80000be0 (0x02012d03) x26 0x00000000 mem 0x800fffa0
core   0: 3 0x80000be4 (0x01c12d83) x27 0x00000000 mem 0x800fff9c
core   0: 3 0x80000be8 (0x004ba783) x15 0x80001c94 mem 0x800fffdc
core   0: 3 0x80000bec (0x000ba703) x14 0x00000001 mem 0x800fffd8
core   0: 3 0x80000bf0 (0x00c12503) x10 0x800fffe8 mem 0x800fff8c
core   0: 3 0x80000bf4 (0x0047a583) x11 0x00000000 mem 0x80001c98
core   0: 3 0x80000bf8 (0x0007a603) x12 0x00000001 mem 0x80001c94
core   0: 3 0x80000bfc (0xfff70713) x14 0x00000000
core   0: 3 0x80000c00 (0x00bba223) mem 0x800fffdc 0x00000000
core   0: 3 0x80000c04 (0x004a2583) x11 0x00000000 mem 0x80001ca0
core   0: 3 0x80000c08 (0x00eba023) mem 0x800fffd8 0x00000000
core   0: 3 0x80000c0c (0x00052703) x14 0x00000002 mem 0x800fffe8
core   0: 3 0x80000c10 (0x00ba2223) mem 0x80001ca0 0x00000000
core   0: 3 0x80000c14 (0x00452583) x11 0x80001c8c mem 0x800fffec
core   0: 3 0x80000c18 (0x04c12083) x1  0x80000d60 mem 0x800fffcc
core   0: 3 0x80000c1c (0x00170713) x14 0x00000003
core   0: 3 0x80000c20 (0x00b7a223) mem 0x80001c98 0x80001c8c
core   0: 3 0x80000c24 (0x00f52223) mem 0x800fffec 0x80001c94
core   0: 3 0x80000c28 (0x00c7a023) mem 0x80001c94 0x00000001
core   0: 3 0x80000c2c (0x00e52023) mem 0x800fffe8 0x00000003
core   0: 3 0x80000c30 (0x00168693) x13 0x00000007
core   0: 3 0x80000c34 (0x00d92223) mem 0x800fffd4 0x00000007
core   0: 3 0x80000c38 (0x03812a03) x20 0x00000000 mem 0x800fffb8
core   0: 3 0x80000c3c (0x04012903) x18 0x00000000 mem 0x800fffc0
core   0: 3 0x80000c40 (0x02c12b83) x23 0x00000000 mem 0x800fffac
core   0: 3 0x80000c44 (0x05010113) x2  0x800fffd0
core   0: 3 0x80000c48 (0x00008067)
core   0: 3 0x80000d60 (0x00010513) x10 0x800fffd0
core   0: 3 0x80000d64 (0xf11ff0ef) x1  0x80000d68
core   0: 3 0x80000c74 (0x00852783) x15 0x00000000 mem 0x800fffd8
core   0: 3 0x80000c78 (0x00050613) x12 0x800fffd0
core   0: 3 0x80000c7c (0x04079663)
core   0: 3 0x80000c80 (0x01052503) x10 0x00000000 mem 0x800fffe0
core   0: 3 0x80000c84 (0x06051663)
core   0: 3 0x80000c88 (0x00062583) x11 0x00000003 mem 0x800fffd0
core   0: 3 0x80000c8c (0x01862783) x15 0x00000003 mem 0x800fffe8
core   0: 3 0x80000c90 (0x02b79863)
core   0: 3 0x80000c94 (0x01c62783) x15 0x80001c94 mem 0x800fffec
core   0: 3 0x80000c98 (0x02078c63)
core   0: 3 0x80000c9c (0x00000713) x14 0x00000000
core   0: 3 0x80000ca0 (0x00c0006f)
core   0: 3 0x80000cac (0x0007a683) x13 0x00000001 mem 0x80001c94
core   0: 3 0x80000cb0 (0x00170713) x14 0x00000001
core   0: 3 0x80000cb4 (0xfed708e3)
core   0: 3 0x80000ca4 (0x0047a783) x15 0x80001c8c mem 0x80001c98
core   0: 3 0x80000ca8 (0x02078463)
core   0: 3 0x80000cac (0x0007a683) x13 0x00000002 mem 0x80001c8c
core   0: 3 0x80000cb0 (0x00170713) x14 0x00000002
core   0: 3 0x80000cb4 (0xfed708e3)
core   0: 3 0x80000ca4 (0x0047a783) x15 0x80001c84 mem 0x80001c90
core   0: 3 0x80000ca8 (0x02078463)
core   0: 3 0x80000cac (0x0007a683) x13 0x00000003 mem 0x80001c84
core   0: 3 0x80000cb0 (0x00170713) x14 0x00000003
core   0: 3 0x80000cb4 (0xfed708e3)
core   0: 3 0x80000ca4 (0x0047a783) x15 0x00000000 mem 0x80001c88
core   0: 3 0x80000ca8 (0x02078463)
core   0: 3 0x80000cd0 (0x00100793) x15 0x00000001
core   0: 3 0x80000cd4 (0x00462703) x14 0x00000007 mem 0x800fffd4
core   0: 3 0x80000cd8 (0x00b797b3) x15 0x00000008
core   0: 3 0x80000cdc (0xfff78793) x15 0x00000007
core   0: 3 0x80000ce0 (0x00f71463)
core   0: 3 0x80000ce4 (0x00008067)
core   0: 3 0x80000d68 (0x00050593) x11 0x00000000
core   0: 3 0x80000d6c (0x80002537) x10 0x80002000
core   0: 3 0x80000d70 (0x9cc50513) x10 0x800019cc
core   0: 3 0x80000d74 (0x859ff0ef) x1  0x80000d78
core   0: 3 0x800005cc (0xfc010113) x2  0x800fff90
core   0: 3 0x800005d0 (0x02410313) x6  0x800fffb4
core   0: 3 0x800005d4 (0x02b12223) mem 0x800fffb4 0x00000000
core   0: 3 0x800005d8 (0x00030593) x11 0x800fffb4
core   0: 3 0x800005dc (0x00112e23) mem 0x800fffac 0x80000d78
core   0: 3 0x800005e0 (0x02c12423) mem 0x800fffb8 0x800fffd0
core   0: 3 0x800005e4 (0x02d12623) mem 0x800fffbc 0x00000003
core   0: 3 0x800005e8 (0x02e12823) mem 0x800fffc0 0x00000007
core   0: 3 0x800005ec (0x02f12a23) mem 0x800fffc4 0x00000007
core   0: 3 0x800005f0 (0x03012c23) mem 0x800fffc8 0x800fffe8
core   0: 3 0x800005f4 (0x03112e23) mem 0x800fffcc 0x00000000
core   0: 3 0x800005f8 (0x00612623) mem 0x800fff9c 0x800fffb4
core   0: 3 0x800005fc (0xaa5ff0ef) x1  0x80000600
core   0: 3 0x800000a0 (0x800027b7) x15 0x80002000
core   0: 3 0x800000a4 (0xeb010113) x2  0x800ffe40
core   0: 3 0x800000a8 (0x9dc78793) x15 0x800019dc
core   0: 3 0x800000ac (0x14812423) mem 0x800fff88 0x00000000
core   0: 3 0x800000b0 (0x13912223) mem 0x800fff64 0x00000000
core   0: 3 0x800000b4 (0x13a12023) mem 0x800fff60 0x00000000
core   0: 3 0x800000b8 (0x14112623) mem 0x800fff8c 0x80000600
core   0: 3 0x800000bc (0x14912223) mem 0x800fff84 0x00000000
core   0: 3 0x800000c0 (0x15212023) mem 0x800fff80 0x00000000
core   0: 3 0x800000c4 (0x13512a23) mem 0x800fff74 0x00000000
core   0: 3 0x800000c8 (0x13612823) mem 0x800fff70 0x00000000
core   0: 3 0x800000cc (0x13812423) mem 0x800fff68 0x00000000
core   0: 3 0x800000d0 (0x11b12e23) mem 0x800fff5c 0x00000000
core   0: 3 0x800000d4 (0x00050413) x8  0x800019cc
core   0: 3 0x800000d8 (0x00b12423) mem 0x800ffe48 0x800fffb4
core   0: 3 0x800000dc (0x02500c93) x25 0x00000025
core   0: 3 0x800000e0 (0x00080d37) x26 0x00080000
core   0: 3 0x800000e4 (0x00f12623) mem 0x800ffe4c 0x800019dc
core   0: 3 0x800000e8 (0x0100006f)
core   0: 3 0x800000f8 (0x00044783) x15 0x00000043 mem 0x800019cc
core   0: 3 0x800000fc (0xff9798e3)
core   0: 3 0x800000ec (0x04078c63)
core   0: 3 0x800000f0 (0x00140413) x8  0x800019cd
core   0: 3 0x800000f4 (0x00fd2023) mem 0x00080000 0x00000043
core   0: 3 0x800000f8 (0x00044783) x15 0x0000006f mem 0x800019cd
core   0: 3 0x800000fc (0xff9798e3)
core   0: 3 0x800000ec (0x04078c63)
core   0: 3 0x800000f0 (0x00140413) x8  0x800019ce
core   0: 3 0x800000f4 (0x00fd2023) mem 0x00080000 0x0000006f
core   0: 3 0x800000f8 (0x00044783) x15 0x00000072 mem 0x800019ce
core   0: 3 0x800000fc (0xff9798e3)
core   0: 3 0x800000ec (0x04078c63)
core   0: 3 0x800000f0 (0x00140413) x8  0x800019cf
core   0: 3 0x800000f4 (0x00fd2023) mem 0x00080000 0x00000072
core   0: 3 0x800000f8 (0x00044783) x15 0x00000072 mem 0x800019cf
core   0: 3 0x800000fc (0xff9798e3)
core   0: 3 0x800000ec (0x04078c63)
core   0: 3 0x800000f0 (0x00140413) x8  0x800019d0
core   0: 3 0x800000f4 (0x00fd2023) mem 0x00080000 0x00000072
core   0: 3 0x800000f8 (0x00044783) x15 0x00000065 mem 0x800019d0
core   0: 3 0x800000fc (0xff9798e3)
core   0: 3 0x800000ec (0x04078c63)
core   0: 3 0x800000f0 (0x00140413) x8  0x800019d1
core   0: 3 0x800000f4 (0x00fd2023) mem 0x00080000 0x00000065
core   0: 3 0x800000f8 (0x00044783) x15 0x00000063 mem 0x800019d1
core   0: 3 0x800000fc (0xff9798e3)
core   0: 3 0x800000ec (0x04078c63)
core   0: 3 0x800000f0 (0x00140413) x8  0x800019d2
core   0: 3 0x800000f4 (0x00fd2023) mem 0x00080000 0x00000063
core   0: 3 0x800000f8 (0x00044783) x15 0x00000074 mem 0x800019d2
core   0: 3 0x800000fc (0xff9798e3)
core   0: 3 0x800000ec (0x04078c63)
core   0: 3 0x800000f0 (0x00140413) x8  0x800019d3
core   0: 3 0x800000f4 (0x00fd2023) mem 0x00080000 0x00000074
core   0: 3 0x800000f8 (0x00044783) x15 0x00000020 mem 0x800019d3
core   0: 3 0x800000fc (0xff9798e3)
core   0: 3 0x800000ec (0x04078c63)
core   0: 3 0x800000f0 (0x00140413) x8  0x800019d4
core   0: 3 0x800000f4 (0x00fd2023) mem 0x00080000 0x00000020
core   0: 3 0x800000f8 (0x00044783) x15 0x00000025 mem 0x800019d4
core   0: 3 0x800000fc (0xff9798e3)
core   0: 3 0x80000100 (0x00144583) x11 0x00000030 mem 0x800019d5
core   0: 3 0x80000104 (0x00140893) x17 0x800019d5
core   0: 3 0x80000108 (0x00088613) x12 0x800019d5
core   0: 3 0x8000010c (0x02000c13) x24 0x00000020
core   0: 3 0x80000110 (0xfff00693) x13 0xffffffff
core   0: 3 0x80000114 (0xfff00b13) x22 0xffffffff
core   0: 3 0x80000118 (0x00000313) x6  0x00000000
core   0: 3 0x8000011c (0xfdd58793) x15 0x0000000d
core   0: 3 0x80000120 (0x0ff7f793) x15 0x0000000d
core   0: 3 0x80000124 (0x05500713) x14 0x00000055
core   0: 3 0x80000128 (0x00160413) x8  0x800019d6
core   0: 3 0x8000012c (0x06f76463)
core   0: 3 0x80000130 (0x00c12703) x14 0x800019dc mem 0x800ffe4c
core   0: 3 0x80000134 (0x00279793) x15 0x00000034
core   0: 3 0x80000138 (0x00e787b3) x15 0x80001a10
core   0: 3 0x8000013c (0x0007a783) x15 0x80000174 mem 0x80001a10
core   0: 3 0x80000140 (0x00078067)
core   0: 3 0x80000174 (0x00058c13) x24 0x00000030
core   0: 3 0x80000178 (0x00164583) x11 0x00000064 mem 0x800019d6
core   0: 3 0x8000017c (0x05500713) x14 0x00000055
core   0: 3 0x80000180 (0x00040613) x12 0x800019d6
core   0: 3 0x80000184 (0xfdd58793) x15 0x00000041
core   0: 3 0x80000188 (0x0ff7f793) x15 0x00000041
core   0: 3 0x8000018c (0x00160413) x8  0x800019d7
core   0: 3 0x80000190 (0xfaf770e3)
core   0: 3 0x80000130 (0x00c12703) x14 0x800019dc mem 0x800ffe4c
core   0: 3 0x80000134 (0x00279793) x15 0x00000104
core   0: 3 0x80000138 (0x00e787b3) x15 0x80001ae0
core   0: 3 0x8000013c (0x0007a783) x15 0x80000344 mem 0x80001ae0
core   0: 3 0x80000140 (0x00078067)
core   0: 3 0x80000344 (0x13312e23) mem 0x800fff7c 0x00000000
core   0: 3 0x80000348 (0x13412c23) mem 0x800fff78 0x00000000
core   0: 3 0x8000034c (0x00100793) x15 0x00000001
core   0: 3 0x80000350 (0x1a67c463)
core   0: 3 0x80000354 (0x00812783) x15 0x800fffb4 mem 0x800ffe48
core   0: 3 0x80000358 (0x0007a903) x18 0x00000000 mem 0x800fffb4
core   0: 3 0x8000035c (0x00478793) x15 0x800fffb8
core   0: 3 0x80000360 (0x00f12423) mem 0x800ffe48 0x800fffb8
core   0: 3 0x80000364 (0x41f95493) x9  0x00000000
core   0: 3 0x80000368 (0x0204d063)
core   0: 3 0x80000388 (0x00a00a93) x21 0x0000000a
core   0: 3 0x8000038c (0x00000d93) x27 0x00000000
core   0: 3 0x80000390 (0xee5ff06f)
core   0: 3 0x80000274 (0x000a8613) x12 0x0000000a
core   0: 3 0x80000278 (0x00000693) x13 0x00000000
core   0: 3 0x8000027c (0x00090513) x10 0x00000000
core   0: 3 0x80000280 (0x00048593) x11 0x00000000
core   0: 3 0x80000284 (0x35c010ef) x1  0x80000288
core   0: 3 0x800015e0 (0x00060813) x16 0x0000000a
core   0: 3 0x800015e4 (0x00050793) x15 0x00000000
core   0: 3 0x800015e8 (0x00058713) x14 0x00000000
core   0: 3 0x800015ec (0x20069663)
core   0: 3 0x800015f0 (0x800028b7) x17 0x80002000
core   0: 3 0x800015f4 (0xb3488893) x17 0x80001b34
core   0: 3 0x800015f8 (0x0cc5fc63)
core   0: 3 0x800015fc (0x000106b7) x13 0x00010000
core   0: 3 0x80001600 (0x0ad67e63)
core   0: 3 0x80001604 (0x10063693) x13 0x00000001
core   0: 3 0x80001608 (0x0016b693) x13 0x00000000
core   0: 3 0x8000160c (0x00369693) x13 0x00000000
core   0: 3 0x80001610 (0x00d65333) x6  0x0000000a
core   0: 3 0x80001614 (0x006888b3) x17 0x80001b3e
core   0: 3 0x80001618 (0x0008c883) x17 0x00000004 mem 0x80001b3e
core   0: 3 0x8000161c (0x02000313) x6  0x00000020
core   0: 3 0x80001620 (0x00d886b3) x13 0x00000004
core   0: 3 0x80001624 (0x40d308b3) x17 0x0000001c
core   0: 3 0x80001628 (0x00d30c63)
core   0: 3 0x8000162c (0x01159733) x14 0x00000000
core   0: 3 0x80001630 (0x00d556b3) x13 0x00000000
core   0: 3 0x80001634 (0x01161833) x16 0xa0000000
core   0: 3 0x80001638 (0x00e6e733) x14 0x00000000
core   0: 3 0x8000163c (0x011517b3) x15 0x00000000
core   0: 3 0x80001640 (0x01085613) x12 0x0000a000
core   0: 3 0x80001644 (0x02c756b3) x13 0x00000000
core   0: 3 0x80001648 (0x01081513) x10 0x00000000
core   0: 3 0x8000164c (0x01055513) x10 0x00000000
core   0: 3 0x80001650 (0x02c77733) x14 0x00000000
core   0: 3 0x80001654 (0x02a686b3) x13 0x00000000
core   0: 3 0x80001658 (0x01071593) x11 0x00000000
core   0: 3 0x8000165c (0x0107d713) x14 0x00000000
core   0: 3 0x80001660 (0x00b76733) x14 0x00000000
core   0: 3 0x80001664 (0x00d77a63)
core   0: 3 0x80001678 (0x40d70733) x14 0x00000000
core   0: 3 0x8000167c (0x02c756b3) x13 0x00000000
core   0: 3 0x80001680 (0x02c77733) x14 0x00000000
core   0: 3 0x80001684 (0x02a686b3) x13 0x00000000
core   0: 3 0x80001688 (0x01079793) x15 0x00000000
core   0: 3 0x8000168c (0x01071713) x14 0x00000000
core   0: 3 0x80001690 (0x0107d793) x15 0x00000000
core   0: 3 0x80001694 (0x00e7e7b3) x15 0x00000000
core   0: 3 0x80001698 (0x00d7fa63)
core   0: 3 0x800016ac (0x40d787b3) x15 0x00000000
core   0: 3 0x800016b0 (0x0117d533) x10 0x00000000
core   0: 3 0x800016b4 (0x00000593) x11 0x00000000
core   0: 3 0x800016b8 (0x00008067)
core   0: 3 0x80000288 (0x00a12823) mem 0x800ffe50 0x00000000
core   0: 3 0x8000028c (0x249d8e63)
core   0: 3 0x800004e8 (0xdb5974e3)
core   0: 3 0x800004ec (0x00000993) x19 0x00000000
core   0: 3 0x800004f0 (0x00100a13) x20 0x00000001
core   0: 3 0x800004f4 (0xdedff06f)
core   0: 3 0x800002e0 (0xfffb0793) x15 0xfffffffe
core   0: 3 0x800002e4 (0xfffa0613) x12 0x00000000
core   0: 3 0x800002e8 (0x000806b7) x13 0x00080000
core   0: 3 0x800002ec (0x016a5863)
core   0: 3 0x800002fc (0x01010613) x12 0x800ffe50
core   0: 3 0x80000300 (0x00299993) x19 0x00000000
core   0: 3 0x80000304 (0x013609b3) x19 0x800ffe50
core   0: 3 0x80000308 (0x00900513) x10 0x00000009
core   0: 3 0x8000030c (0x000805b7) x11 0x00080000
core   0: 3 0x80000310 (0x0080006f)
core   0: 3 0x80000318 (0x0009a783) x15 0x00000000 mem 0x800ffe50
core   0: 3 0x8000031c (0x03000693) x13 0x00000030
core   0: 3 0x80000320 (0x00f57463)
core   0: 3 0x80000328 (0x00d787b3) x15 0x00000030
core   0: 3 0x8000032c (0x00f5a023) mem 0x00080000 0x00000030
core   0: 3 0x80000330 (0xffc98793) x15 0x800ffe4c
core   0: 3 0x80000334 (0xff3610e3)
core   0: 3 0x80000338 (0x13c12983) x19 0x00000000 mem 0x800fff7c
core   0: 3 0x8000033c (0x13812a03) x20 0x00000000 mem 0x800fff78
core   0: 3 0x80000340 (0xdb9ff06f)
core   0: 3 0x800000f8 (0x00044783) x15 0x0000000a mem 0x800019d7
core   0: 3 0x800000fc (0xff9798e3)
core   0: 3 0x800000ec (0x04078c63)
core   0: 3 0x800000f0 (0x00140413) x8  0x800019d8
core   0: 3 0x800000f4 (0x00fd2023) mem 0x00080000 0x0000000a
core   0: 3 0x800000f8 (0x00044783) x15 0x00000000 mem 0x800019d8
core   0: 3 0x800000fc (0xff9798e3)
core   0: 3 0x800000ec (0x04078c63)
core   0: 3 0x80000144 (0x14c12083) x1  0x80000600 mem 0x800fff8c
core   0: 3 0x80000148 (0x14812403) x8  0x00000000 mem 0x800fff88
core   0: 3 0x8000014c (0x14412483) x9  0x00000000 mem 0x800fff84
core   0: 3 0x80000150 (0x14012903) x18 0x00000000 mem 0x800fff80
core   0: 3 0x80000154 (0x13412a83) x21 0x00000000 mem 0x800fff74
core   0: 3 0x80000158 (0x13012b03) x22 0x00000000 mem 0x800fff70
core   0: 3 0x8000015c (0x12812c03) x24 0x00000000 mem 0x800fff68
core   0: 3 0x80000160 (0x12412c83) x25 0x00000000 mem 0x800fff64
core   0: 3 0x80000164 (0x12012d03) x26 0x00000000 mem 0x800fff60
core   0: 3 0x80000168 (0x11c12d83) x27 0x00000000 mem 0x800fff5c
core   0: 3 0x8000016c (0x15010113) x2  0x800fff90
core   0: 3 0x80000170 (0x00008067)
core   0: 3 0x80000600 (0x01c12083) x1  0x80000d78 mem 0x800fffac
core   0: 3 0x80000604 (0x00000513) x10 0x00000000
core   0: 3 0x80000608 (0x04010113) x2  0x800fffd0
core   0: 3 0x8000060c (0x00008067)
core   0: 3 0x80000d78 (0x02c12083) x1  0x00000000 mem 0x800ffffc
core   0: 3 0x80000d7c (0x00000513) x10 0x00000000
core   0: 3 0x80000d80 (0x03010113) x2  0x80100000
core   0: 3 0x80000d84 (0x00008067)
