#
# An unexpected error has occurred (11)
#
Stack:
/lib/x86_64-linux-gnu/libc.so.6(+0x45320) [0x7ed984c45320]
/tools/Xilinx/Vivado/2024.1/lib/lnx64.o/libtcl8.6.so(+0xcd03a) [0x7ed98550e03a]
/tools/Xilinx/Vivado/2024.1/lib/lnx64.o/libtcl8.6.so(TclNRRunCallbacks+0x47) [0x7ed985484497]
/tools/Xilinx/Vivado/2024.1/lib/lnx64.o/librdi_commontasks.so(+0x25c62e) [0x7ed978a5c62e]
/tools/Xilinx/Vivado/2024.1/lib/lnx64.o/libtcl8.6.so(TclNRRunCallbacks+0x47) [0x7ed985484497]
/tools/Xilinx/Vivado/2024.1/lib/lnx64.o/libtcl8.6.so(+0x45309) [0x7ed985486309]
/tools/Xilinx/Vivado/2024.1/lib/lnx64.o/libtcl8.6.so(TclSubstTokens+0x4a9) [0x7ed98554ed59]
/tools/Xilinx/Vivado/2024.1/lib/lnx64.o/libtcl8.6.so(+0x45153) [0x7ed985486153]
/tools/Xilinx/Vivado/2024.1/lib/lnx64.o/libtcl8.6.so(Tcl_FSEvalFileEx+0x1f8) [0x7ed98553bae8]
/tools/Xilinx/Vivado/2024.1/lib/lnx64.o/librdi_commontasks.so(+0x27c1d5) [0x7ed978a7c1d5]
/tools/Xilinx/Vivado/2024.1/lib/lnx64.o/librdi_common.so(+0xd85d9f) [0x7ed986985d9f]
/tools/Xilinx/Vivado/2024.1/lib/lnx64.o/libtcl8.6.so(TclNRRunCallbacks+0x47) [0x7ed985484497]
/tools/Xilinx/Vivado/2024.1/lib/lnx64.o/librdi_common.so(hdi::tcltasks::task_manager::eval_in_tcl(Tcl_Interp*, Tcl_Obj*, char const*, bool)+0x7ad) [0x7ed98698415d]
/tools/Xilinx/Vivado/2024.1/lib/lnx64.o/librdi_designutils.so(HRTInvoker::inProcessLaunch(HDGUIStatus&)+0x310) [0x7ed96dd49680]
/tools/Xilinx/Vivado/2024.1/lib/lnx64.o/librdi_designutils.so(HRTInvoker::launch(HDGUIStatus&)+0x33) [0x7ed96dd49c33]
/tools/Xilinx/Vivado/2024.1/lib/lnx64.o/librdi_vivadotasks.so(+0x78d6dc) [0x7ed94358d6dc]
/tools/Xilinx/Vivado/2024.1/lib/lnx64.o/librdi_vivadotasks.so(+0x797063) [0x7ed943597063]
/tools/Xilinx/Vivado/2024.1/lib/lnx64.o/librdi_common.so(+0xd85d9f) [0x7ed986985d9f]
/tools/Xilinx/Vivado/2024.1/lib/lnx64.o/libtcl8.6.so(TclNRRunCallbacks+0x47) [0x7ed985484497]
/tools/Xilinx/Vivado/2024.1/lib/lnx64.o/libtcl8.6.so(+0x45309) [0x7ed985486309]
/tools/Xilinx/Vivado/2024.1/lib/lnx64.o/libtcl8.6.so(Tcl_FSEvalFileEx+0x1f8) [0x7ed98553bae8]
/tools/Xilinx/Vivado/2024.1/lib/lnx64.o/librdi_commontasks.so(+0x27c1d5) [0x7ed978a7c1d5]
/tools/Xilinx/Vivado/2024.1/lib/lnx64.o/librdi_common.so(+0xd85d9f) [0x7ed986985d9f]
/tools/Xilinx/Vivado/2024.1/lib/lnx64.o/libtcl8.6.so(TclNRRunCallbacks+0x47) [0x7ed985484497]
/tools/Xilinx/Vivado/2024.1/lib/lnx64.o/librdi_commontasks.so(+0x2c4bad) [0x7ed978ac4bad]
/tools/Xilinx/Vivado/2024.1/lib/lnx64.o/librdi_commontasks.so(+0x2c61df) [0x7ed978ac61df]
/tools/Xilinx/Vivado/2024.1/lib/lnx64.o/librdi_common.so(+0xd85d9f) [0x7ed986985d9f]
/tools/Xilinx/Vivado/2024.1/lib/lnx64.o/libtcl8.6.so(TclNRRunCallbacks+0x47) [0x7ed985484497]
/tools/Xilinx/Vivado/2024.1/lib/lnx64.o/librdi_commonmain.so(+0xe6d2) [0x7ed987b236d2]
/tools/Xilinx/Vivado/2024.1/lib/lnx64.o/libtcl8.6.so(Tcl_MainEx+0x1a8) [0x7ed985543038]
/tools/Xilinx/Vivado/2024.1/lib/lnx64.o/librdi_common.so(+0xdaf42b) [0x7ed9869af42b]
/lib/x86_64-linux-gnu/libc.so.6(+0x9ca94) [0x7ed984c9ca94]
/lib/x86_64-linux-gnu/libc.so.6(+0x129c3c) [0x7ed984d29c3c]
