#
# An unexpected error has occurred (6)
#
Stack:
/lib/x86_64-linux-gnu/libc.so.6(+0x45320) [0x766fc3645320]
/lib/x86_64-linux-gnu/libc.so.6(pthread_kill+0x11c) [0x766fc369eb1c]
/lib/x86_64-linux-gnu/libc.so.6(gsignal+0x1e) [0x766fc364526e]
/lib/x86_64-linux-gnu/libc.so.6(abort+0xdf) [0x766fc36288ff]
/tools/Xilinx/Vivado/2024.1/lib/lnx64.o/Ubuntu/libstdc++.so.6(+0x8ba13) [0x766fc408ba13]
/tools/Xilinx/Vivado/2024.1/lib/lnx64.o/Ubuntu/libstdc++.so.6(+0x91b86) [0x766fc4091b86]
/tools/Xilinx/Vivado/2024.1/lib/lnx64.o/Ubuntu/libstdc++.so.6(+0x91bc1) [0x766fc4091bc1]
/tools/Xilinx/Vivado/2024.1/lib/lnx64.o/Ubuntu/libstdc++.so.6(+0x928ff) [0x766fc40928ff]
/tools/Xilinx/Vivado/2024.1/lib/lnx64.o/librdi_synth.so(NPinC::disconnect()+0xad) [0x766f8a0e405d]
/tools/Xilinx/Vivado/2024.1/lib/lnx64.o/librdi_synth.so(HARTNlOptNInst::disconnectInputs()+0x3d) [0x766f893e187d]
/tools/Xilinx/Vivado/2024.1/lib/lnx64.o/librdi_synth.so(HARTNlOptNetlist::convertToLibraryPrimitives(std::vector<NInst, std::allocator<NInst> >&)+0x2a8) [0x766f8943a7c8]
/tools/Xilinx/Vivado/2024.1/lib/lnx64.o/librdi_synth.so(HARTNlOptNetlist::convertToRealLutsOrToLibraryPrimitives(std::vector<NInst, std::allocator<NInst> >&)+0x1e8) [0x766f8943ad88]
/tools/Xilinx/Vivado/2024.1/lib/lnx64.o/librdi_synth.so(HARTNlOptNetlist::convertToRealLutsOrToLibraryPrimitives()+0xb1) [0x766f8943aeb1]
/tools/Xilinx/Vivado/2024.1/lib/lnx64.o/librdi_synth.so(HARTNlOptimizeFrameWork::_convertToPrimitivesAndEstimate1(Cudd&, int, int, bool, bool)+0x831) [0x766f89395f21]
/tools/Xilinx/Vivado/2024.1/lib/lnx64.o/librdi_synth.so(HARTNlOptimizeFrameWork::_algAgreesiveXor(int)+0x65f) [0x766f8939de1f]
/tools/Xilinx/Vivado/2024.1/lib/lnx64.o/librdi_synth.so(HARTNlOptimizeFrameWork::_run_1_alg_basic(int, bool)+0x53) [0x766f8937f523]
/tools/Xilinx/Vivado/2024.1/lib/lnx64.o/librdi_synth.so(HARTNlOptimizeFrameWork::_runNalgorithms(bool)+0x302) [0x766f893ab1e2]
/tools/Xilinx/Vivado/2024.1/lib/lnx64.o/librdi_synth.so(HARTNlOptimizeFrameWork::optimize(int&)+0x1d8) [0x766f893ac828]
/tools/Xilinx/Vivado/2024.1/lib/lnx64.o/librdi_synth.so(HARTNlOptimize::modOptimize(NRealMod, char const*, NInstC*)+0x179) [0x766f894b2819]
/tools/Xilinx/Vivado/2024.1/lib/lnx64.o/librdi_synth.so(HARTNlOptimize::optimizeRecurse(NRealMod, char const*, NInstC*)+0xa1) [0x766f894b34b1]
/tools/Xilinx/Vivado/2024.1/lib/lnx64.o/librdi_synth.so(HARTNlOptimize::optimizeTop(char const*, NInstC*)+0x338) [0x766f894b3878]
/tools/Xilinx/Vivado/2024.1/lib/lnx64.o/librdi_synth.so(HARTLOptAbc::runNlOpt(LOptAbc*, NTargetLib&, UList<NInstC*, UListNode<NInstC*>, NInstC*, UEValue<NInstC*, UListNode<NInstC*> > >&, UHashMapList<NPinC*, int, NPinC*, UEKey<NPinC*> >&, int&, int&, std::vector<int, std::allocator<int> > const&, _IO_FILE*, _IO_FILE*)+0x50f) [0x766f892c544f]
/tools/Xilinx/Vivado/2024.1/lib/lnx64.o/librdi_synth.so(LOptAbc::doOpt(NRealMod, bool, bool, bool, TTime, long long&, TTime&, NPin&, bool&, int&, int&)+0x115a) [0x766f89cbff6a]
/tools/Xilinx/Vivado/2024.1/lib/lnx64.o/librdi_synth.so(HARTLOptAbc::doOpt(NRealMod, bool, bool, bool, TTime, long long&, TTime&, NPin&, bool&, int&, int&)+0x203) [0x766f892c70b3]
/tools/Xilinx/Vivado/2024.1/lib/lnx64.o/librdi_synth.so(LOptAbc::optimize(NRealMod, bool, bool, bool, TTime, TTime&, bool&, int&, int&)+0xad) [0x766f89cbafdd]
/tools/Xilinx/Vivado/2024.1/lib/lnx64.o/librdi_synth.so(NDes::optimizeLogic(bool, bool, bool, bool, TTime&, bool&)+0x333) [0x766f89cc4e73]
/tools/Xilinx/Vivado/2024.1/lib/lnx64.o/librdi_synth.so(Optimize1::optimize(OptActions, NEqPinArray)+0x639) [0x766f89cd9049]
/tools/Xilinx/Vivado/2024.1/lib/lnx64.o/librdi_synth.so(Optimize1::Optimize1(NDes, bool, bool, bool, bool, OptActions, NEqPinArray)+0xc1) [0x766f89cda7a1]
/tools/Xilinx/Vivado/2024.1/lib/lnx64.o/librdi_synth.so(Optimize2::areaOpt(bool, bool, bool, bool)+0x3f) [0x766f89cdeebf]
/tools/Xilinx/Vivado/2024.1/lib/lnx64.o/librdi_synth.so(Optimize2::Optimize2(NDes, bool, bool, bool, bool, bool, float, TTime, bool, bool)+0x1236) [0x766f89d02ee6]
/tools/Xilinx/Vivado/2024.1/lib/lnx64.o/librdi_synth.so(NDes::optimize(bool, bool, bool, bool, bool, float, TTime, bool, bool)+0x15a) [0x766f89cd2cca]
/tools/Xilinx/Vivado/2024.1/lib/lnx64.o/librdi_synth.so(+0x1455d36) [0x766f88c55d36]
/tools/Xilinx/Vivado/2024.1/lib/lnx64.o/librdi_synth.so(+0x13623e5) [0x766f88b623e5]
/tools/Xilinx/Vivado/2024.1/lib/lnx64.o/libtcl8.6.so(TclNRRunCallbacks+0x47) [0x766fc3e84497]
/tools/Xilinx/Vivado/2024.1/lib/lnx64.o/librdi_commontasks.so(+0x25c6d1) [0x766fb745c6d1]
/tools/Xilinx/Vivado/2024.1/lib/lnx64.o/libtcl8.6.so(TclNRRunCallbacks+0x47) [0x766fc3e84497]
/tools/Xilinx/Vivado/2024.1/lib/lnx64.o/librdi_commontasks.so(+0x25c6d1) [0x766fb745c6d1]
/tools/Xilinx/Vivado/2024.1/lib/lnx64.o/libtcl8.6.so(TclNRRunCallbacks+0x47) [0x766fc3e84497]
/tools/Xilinx/Vivado/2024.1/lib/lnx64.o/libtcl8.6.so(+0x45309) [0x766fc3e86309]
/tools/Xilinx/Vivado/2024.1/lib/lnx64.o/libtcl8.6.so(Tcl_FSEvalFileEx+0x1f8) [0x766fc3f3bae8]
/tools/Xilinx/Vivado/2024.1/lib/lnx64.o/librdi_commontasks.so(+0x27c1d5) [0x766fb747c1d5]
/tools/Xilinx/Vivado/2024.1/lib/lnx64.o/librdi_common.so(+0xd85d9f) [0x766fc5385d9f]
/tools/Xilinx/Vivado/2024.1/lib/lnx64.o/libtcl8.6.so(TclNRRunCallbacks+0x47) [0x766fc3e84497]
/tools/Xilinx/Vivado/2024.1/lib/lnx64.o/libtcl8.6.so(+0x45309) [0x766fc3e86309]
/tools/Xilinx/Vivado/2024.1/lib/lnx64.o/libtcl8.6.so(Tcl_FSEvalFileEx+0x1f8) [0x766fc3f3bae8]
/tools/Xilinx/Vivado/2024.1/lib/lnx64.o/librdi_commontasks.so(+0x27c1d5) [0x766fb747c1d5]
/tools/Xilinx/Vivado/2024.1/lib/lnx64.o/librdi_common.so(+0xd85d9f) [0x766fc5385d9f]
/tools/Xilinx/Vivado/2024.1/lib/lnx64.o/libtcl8.6.so(TclNRRunCallbacks+0x47) [0x766fc3e84497]
/tools/Xilinx/Vivado/2024.1/lib/lnx64.o/librdi_commontasks.so(+0x25c6d1) [0x766fb745c6d1]
/tools/Xilinx/Vivado/2024.1/lib/lnx64.o/libtcl8.6.so(TclNRRunCallbacks+0x47) [0x766fc3e84497]
/tools/Xilinx/Vivado/2024.1/lib/lnx64.o/librdi_common.so(hdi::tcltasks::task_manager::eval_in_tcl(Tcl_Interp*, Tcl_Obj*, char const*, bool)+0x7ad) [0x766fc538415d]
/tools/Xilinx/Vivado/2024.1/lib/lnx64.o/librdi_synth.so(HARTSWorker::runInternal()+0xe5) [0x766f897587a5]
/tools/Xilinx/Vivado/2024.1/lib/lnx64.o/librdi_synth.so(HARTSWorker::runJob(HARTSWorkerConfig&)+0x3f) [0x766f89759f5f]
/tools/Xilinx/Vivado/2024.1/lib/lnx64.o/librdi_synth.so(HARTSWorker::mainLoop()+0x8b) [0x766f8975bc4b]
/tools/Xilinx/Vivado/2024.1/lib/lnx64.o/librdi_synth.so(HARTNDb::parallelListen(char const*, char const*, char const*)+0x39) [0x766f88adece9]
/tools/Xilinx/Vivado/2024.1/lib/lnx64.o/librdi_synth.so(+0x14a4a74) [0x766f88ca4a74]
/tools/Xilinx/Vivado/2024.1/lib/lnx64.o/librdi_synth.so(+0x13623e5) [0x766f88b623e5]
/tools/Xilinx/Vivado/2024.1/lib/lnx64.o/libtcl8.6.so(TclNRRunCallbacks+0x47) [0x766fc3e84497]
/tools/Xilinx/Vivado/2024.1/lib/lnx64.o/librdi_commontasks.so(+0x25c62e) [0x766fb745c62e]
/tools/Xilinx/Vivado/2024.1/lib/lnx64.o/libtcl8.6.so(TclNRRunCallbacks+0x47) [0x766fc3e84497]
/tools/Xilinx/Vivado/2024.1/lib/lnx64.o/libtcl8.6.so(+0x45309) [0x766fc3e86309]
/tools/Xilinx/Vivado/2024.1/lib/lnx64.o/libtcl8.6.so(Tcl_FSEvalFileEx+0x1f8) [0x766fc3f3bae8]
/tools/Xilinx/Vivado/2024.1/lib/lnx64.o/librdi_commontasks.so(+0x27c1d5) [0x766fb747c1d5]
/tools/Xilinx/Vivado/2024.1/lib/lnx64.o/librdi_common.so(+0xd85d9f) [0x766fc5385d9f]
/tools/Xilinx/Vivado/2024.1/lib/lnx64.o/libtcl8.6.so(TclNRRunCallbacks+0x47) [0x766fc3e84497]
/tools/Xilinx/Vivado/2024.1/lib/lnx64.o/librdi_commontasks.so(+0x2c4bad) [0x766fb74c4bad]
/tools/Xilinx/Vivado/2024.1/lib/lnx64.o/librdi_commontasks.so(+0x2c61df) [0x766fb74c61df]
/tools/Xilinx/Vivado/2024.1/lib/lnx64.o/librdi_common.so(+0xd85d9f) [0x766fc5385d9f]
/tools/Xilinx/Vivado/2024.1/lib/lnx64.o/libtcl8.6.so(TclNRRunCallbacks+0x47) [0x766fc3e84497]
/tools/Xilinx/Vivado/2024.1/lib/lnx64.o/librdi_commonmain.so(+0xe6d2) [0x766fc651e6d2]
/tools/Xilinx/Vivado/2024.1/lib/lnx64.o/libtcl8.6.so(Tcl_MainEx+0x1a8) [0x766fc3f43038]
/tools/Xilinx/Vivado/2024.1/lib/lnx64.o/librdi_common.so(+0xdaf42b) [0x766fc53af42b]
/lib/x86_64-linux-gnu/libc.so.6(+0x9ca94) [0x766fc369ca94]
/lib/x86_64-linux-gnu/libc.so.6(+0x129c3c) [0x766fc3729c3c]
