Copyright 1986-2022 Xilinx, Inc. All Rights Reserved. Copyright 2022-2024 Advanced Micro Devices, Inc. All Rights Reserved.
---------------------------------------------------------------------------------------------------------------------------------------------
| Tool Version : Vivado v.2024.1 (lin64) Build 5076996 Wed May 22 18:36:09 MDT 2024
| Date         : Sun Aug 18 18:47:47 2024
| Host         : hakam-MS-7D46 running 64-bit Ubuntu 24.04 LTS
| Command      : report_utilization -file utilization_synth.rpt -hierarchical -hierarchical_depth 10 -hierarchical_percentage
| Design       : SOC
| Device       : xczu3eg-sbva484-1-i
| Speed File   : -1
| Design State : Synthesized
---------------------------------------------------------------------------------------------------------------------------------------------

Utilization Design Information

Table of Contents
-----------------
1. Utilization by Hierarchy

1. Utilization by Hierarchy
---------------------------

+----------------------------------------------+-----------------------------------+---------------+---------------+--------------+----------+---------------+-----------+----------+----------+------------+
|                   Instance                   |               Module              |   Total LUTs  |   Logic LUTs  |    LUTRAMs   |   SRLs   |      FFs      |   RAMB36  |  RAMB18  |   URAM   | DSP Blocks |
+----------------------------------------------+-----------------------------------+---------------+---------------+--------------+----------+---------------+-----------+----------+----------+------------+
| SOC                                          |                             (top) | 36294(51.44%) | 32572(46.16%) | 3722(12.92%) | 0(0.00%) | 14136(10.02%) | 12(5.56%) | 1(0.23%) | 0(0.00%) |   0(0.00%) |
|   (SOC)                                      |                             (top) |    200(0.28%) |      0(0.00%) |   200(0.69%) | 0(0.00%) |      0(0.00%) |  0(0.00%) | 0(0.00%) | 0(0.00%) |   0(0.00%) |
|   AXI_debug_printer                          |                 AXI_debug_printer |      2(0.01%) |      2(0.01%) |     0(0.00%) | 0(0.00%) |      2(0.01%) |  0(0.00%) | 0(0.00%) | 0(0.00%) |   0(0.00%) |
|   ChaosCore_tile                             |                    ChaosCore_tile | 35974(50.98%) | 32452(45.99%) | 3522(12.23%) | 0(0.00%) |  13921(9.86%) | 12(5.56%) | 1(0.23%) | 0(0.00%) |   0(0.00%) |
|     (ChaosCore_tile)                         |                    ChaosCore_tile |      2(0.01%) |      2(0.01%) |     0(0.00%) | 0(0.00%) |      0(0.00%) |  0(0.00%) | 0(0.00%) | 0(0.00%) |   0(0.00%) |
|     ChaosCore                                |                         ChaosCore | 29213(41.40%) | 27885(39.52%) |  1328(4.61%) | 0(0.00%) |   9166(6.50%) | 12(5.56%) | 1(0.23%) | 0(0.00%) |   0(0.00%) |
|       BRU                                    |                               BRU |      0(0.00%) |      0(0.00%) |     0(0.00%) | 0(0.00%) |      0(0.00%) |  0(0.00%) | 0(0.00%) | 0(0.00%) |   0(0.00%) |
|       FTQ                                    |                               FTQ |    608(0.86%) |    608(0.86%) |     0(0.00%) | 0(0.00%) |   1763(1.25%) |  0(0.00%) | 0(0.00%) | 0(0.00%) |   0(0.00%) |
|       ROB                                    |                               ROB |   1584(2.24%) |   1392(1.97%) |   192(0.67%) | 0(0.00%) |    370(0.26%) |  0(0.00%) | 0(0.00%) | 0(0.00%) |   0(0.00%) |
|         (ROB)                                |                               ROB |    133(0.19%) |    133(0.19%) |     0(0.00%) | 0(0.00%) |     78(0.06%) |  0(0.00%) | 0(0.00%) | 0(0.00%) |   0(0.00%) |
|         ROB_WB_banks_0                       |                        ROB_WB_mem |    139(0.20%) |    139(0.20%) |     0(0.00%) | 0(0.00%) |     64(0.05%) |  0(0.00%) | 0(0.00%) | 0(0.00%) |   0(0.00%) |
|           mem_ext                            |                       mem_64x2_97 |    139(0.20%) |    139(0.20%) |     0(0.00%) | 0(0.00%) |     64(0.05%) |  0(0.00%) | 0(0.00%) | 0(0.00%) |   0(0.00%) |
|         ROB_WB_banks_1                       |                     ROB_WB_mem_86 |    118(0.17%) |    118(0.17%) |     0(0.00%) | 0(0.00%) |     64(0.05%) |  0(0.00%) | 0(0.00%) | 0(0.00%) |   0(0.00%) |
|           mem_ext                            |                       mem_64x2_96 |    118(0.17%) |    118(0.17%) |     0(0.00%) | 0(0.00%) |     64(0.05%) |  0(0.00%) | 0(0.00%) | 0(0.00%) |   0(0.00%) |
|         ROB_WB_banks_2                       |                     ROB_WB_mem_87 |    119(0.17%) |    119(0.17%) |     0(0.00%) | 0(0.00%) |     64(0.05%) |  0(0.00%) | 0(0.00%) | 0(0.00%) |   0(0.00%) |
|           mem_ext                            |                       mem_64x2_95 |    119(0.17%) |    119(0.17%) |     0(0.00%) | 0(0.00%) |     64(0.05%) |  0(0.00%) | 0(0.00%) | 0(0.00%) |   0(0.00%) |
|         ROB_WB_banks_3                       |                     ROB_WB_mem_88 |    173(0.25%) |    173(0.25%) |     0(0.00%) | 0(0.00%) |     70(0.05%) |  0(0.00%) | 0(0.00%) | 0(0.00%) |   0(0.00%) |
|           mem_ext                            |                          mem_64x2 |    173(0.25%) |    173(0.25%) |     0(0.00%) | 0(0.00%) |     70(0.05%) |  0(0.00%) | 0(0.00%) | 0(0.00%) |   0(0.00%) |
|         ROB_entry_banks_0                    |                     ROB_entry_mem |     67(0.09%) |     47(0.07%) |    20(0.07%) | 0(0.00%) |      0(0.00%) |  0(0.00%) | 0(0.00%) | 0(0.00%) |   0(0.00%) |
|           mem_ext                            |                      mem_64x17_94 |     67(0.09%) |     47(0.07%) |    20(0.07%) | 0(0.00%) |      0(0.00%) |  0(0.00%) | 0(0.00%) | 0(0.00%) |   0(0.00%) |
|         ROB_entry_banks_1                    |                  ROB_entry_mem_89 |    128(0.18%) |    108(0.15%) |    20(0.07%) | 0(0.00%) |      0(0.00%) |  0(0.00%) | 0(0.00%) | 0(0.00%) |   0(0.00%) |
|           mem_ext                            |                      mem_64x17_93 |    128(0.18%) |    108(0.15%) |    20(0.07%) | 0(0.00%) |      0(0.00%) |  0(0.00%) | 0(0.00%) | 0(0.00%) |   0(0.00%) |
|         ROB_entry_banks_2                    |                  ROB_entry_mem_90 |    228(0.32%) |    208(0.29%) |    20(0.07%) | 0(0.00%) |      0(0.00%) |  0(0.00%) | 0(0.00%) | 0(0.00%) |   0(0.00%) |
|           mem_ext                            |                      mem_64x17_92 |    228(0.32%) |    208(0.29%) |    20(0.07%) | 0(0.00%) |      0(0.00%) |  0(0.00%) | 0(0.00%) | 0(0.00%) |   0(0.00%) |
|         ROB_entry_banks_3                    |                  ROB_entry_mem_91 |    247(0.35%) |    227(0.32%) |    20(0.07%) | 0(0.00%) |      0(0.00%) |  0(0.00%) | 0(0.00%) | 0(0.00%) |   0(0.00%) |
|           mem_ext                            |                         mem_64x17 |    247(0.35%) |    227(0.32%) |    20(0.07%) | 0(0.00%) |      0(0.00%) |  0(0.00%) | 0(0.00%) | 0(0.00%) |   0(0.00%) |
|         shared_mem                           |                    ROB_shared_mem |    232(0.33%) |    120(0.17%) |   112(0.39%) | 0(0.00%) |     30(0.02%) |  0(0.00%) | 0(0.00%) | 0(0.00%) |   0(0.00%) |
|           mem_ext                            |                         mem_64x70 |    232(0.33%) |    120(0.17%) |   112(0.39%) | 0(0.00%) |     30(0.02%) |  0(0.00%) | 0(0.00%) | 0(0.00%) |   0(0.00%) |
|       backend                                |                           backend | 20468(29.01%) | 20428(28.95%) |    40(0.14%) | 0(0.00%) |   6071(4.30%) |  0(0.00%) | 0(0.00%) | 0(0.00%) |   0(0.00%) |
|         (backend)                            |                           backend |      0(0.00%) |      0(0.00%) |     0(0.00%) | 0(0.00%) |    181(0.13%) |  0(0.00%) | 0(0.00%) | 0(0.00%) |   0(0.00%) |
|         AGU                                  |                               AGU |     99(0.14%) |     99(0.14%) |     0(0.00%) | 0(0.00%) |     71(0.05%) |  0(0.00%) | 0(0.00%) | 0(0.00%) |   0(0.00%) |
|         FU0                                  |                                FU |   3054(4.33%) |   3054(4.33%) |     0(0.00%) | 0(0.00%) |    123(0.09%) |  0(0.00%) | 0(0.00%) | 0(0.00%) |   0(0.00%) |
|           (FU0)                              |                                FU |     27(0.04%) |     27(0.04%) |     0(0.00%) | 0(0.00%) |      5(0.01%) |  0(0.00%) | 0(0.00%) | 0(0.00%) |   0(0.00%) |
|           ALU                                |                            ALU_85 |   2825(4.00%) |   2825(4.00%) |     0(0.00%) | 0(0.00%) |     53(0.04%) |  0(0.00%) | 0(0.00%) | 0(0.00%) |   0(0.00%) |
|           branch_unit                        |                       branch_unit |    202(0.29%) |    202(0.29%) |     0(0.00%) | 0(0.00%) |     65(0.05%) |  0(0.00%) | 0(0.00%) | 0(0.00%) |   0(0.00%) |
|         FU1                                  |                              FU_1 |    513(0.73%) |    513(0.73%) |     0(0.00%) | 0(0.00%) |     71(0.05%) |  0(0.00%) | 0(0.00%) | 0(0.00%) |   0(0.00%) |
|           ALU                                |                            ALU_84 |    513(0.73%) |    513(0.73%) |     0(0.00%) | 0(0.00%) |     71(0.05%) |  0(0.00%) | 0(0.00%) | 0(0.00%) |   0(0.00%) |
|         FU2                                  |                           FU_1_81 |   2744(3.89%) |   2744(3.89%) |     0(0.00%) | 0(0.00%) |     53(0.04%) |  0(0.00%) | 0(0.00%) | 0(0.00%) |   0(0.00%) |
|           ALU                                |                               ALU |   2744(3.89%) |   2744(3.89%) |     0(0.00%) | 0(0.00%) |     53(0.04%) |  0(0.00%) | 0(0.00%) | 0(0.00%) |   0(0.00%) |
|         INT_PRF                              |                   sim_nReadmWrite |  7291(10.33%) |  7291(10.33%) |     0(0.00%) | 0(0.00%) |   2147(1.52%) |  0(0.00%) | 0(0.00%) | 0(0.00%) |   0(0.00%) |
|           mem_ext                            |                         mem_64x32 |  7291(10.33%) |  7291(10.33%) |     0(0.00%) | 0(0.00%) |   2147(1.52%) |  0(0.00%) | 0(0.00%) | 0(0.00%) |   0(0.00%) |
|         INT_RS                               |                                RS |   2133(3.02%) |   2133(3.02%) |     0(0.00%) | 0(0.00%) |   1184(0.84%) |  0(0.00%) | 0(0.00%) | 0(0.00%) |   0(0.00%) |
|         MEM_RS                               |                             MEMRS |    666(0.94%) |    666(0.94%) |     0(0.00%) | 0(0.00%) |    795(0.56%) |  0(0.00%) | 0(0.00%) | 0(0.00%) |   0(0.00%) |
|         MOB                                  |                               MOB |   3970(5.63%) |   3930(5.57%) |    40(0.14%) | 0(0.00%) |   1446(1.02%) |  0(0.00%) | 0(0.00%) | 0(0.00%) |   0(0.00%) |
|           (MOB)                              |                               MOB |   3021(4.28%) |   3021(4.28%) |     0(0.00%) | 0(0.00%) |   1436(1.02%) |  0(0.00%) | 0(0.00%) | 0(0.00%) |   0(0.00%) |
|           FU_output_load_Q                   |                  Queue4_FU_output |    862(1.22%) |    830(1.18%) |    32(0.11%) | 0(0.00%) |      5(0.01%) |  0(0.00%) | 0(0.00%) | 0(0.00%) |   0(0.00%) |
|             (FU_output_load_Q)               |                  Queue4_FU_output |      4(0.01%) |      4(0.01%) |     0(0.00%) | 0(0.00%) |      5(0.01%) |  0(0.00%) | 0(0.00%) | 0(0.00%) |   0(0.00%) |
|             ram_ext                          |                      ram_4x192_83 |    858(1.22%) |    826(1.17%) |    32(0.11%) | 0(0.00%) |      0(0.00%) |  0(0.00%) | 0(0.00%) | 0(0.00%) |   0(0.00%) |
|           FU_output_store_Q                  |               Queue4_FU_output_82 |     87(0.12%) |     79(0.11%) |     8(0.03%) | 0(0.00%) |      5(0.01%) |  0(0.00%) | 0(0.00%) | 0(0.00%) |   0(0.00%) |
|             (FU_output_store_Q)              |               Queue4_FU_output_82 |      5(0.01%) |      5(0.01%) |     0(0.00%) | 0(0.00%) |      5(0.01%) |  0(0.00%) | 0(0.00%) | 0(0.00%) |   0(0.00%) |
|             ram_ext                          |                         ram_4x192 |     82(0.12%) |     74(0.10%) |     8(0.03%) | 0(0.00%) |      0(0.00%) |  0(0.00%) | 0(0.00%) | 0(0.00%) |   0(0.00%) |
|       frontend                               |                          frontend |   6553(9.29%) |   5457(7.73%) |  1096(3.81%) | 0(0.00%) |    962(0.68%) | 12(5.56%) | 1(0.23%) | 0(0.00%) |   0(0.00%) |
|         FTQ_queue                            |                 Queue16_FTQ_entry |     76(0.11%) |     12(0.02%) |    64(0.22%) | 0(0.00%) |     13(0.01%) |  0(0.00%) | 0(0.00%) | 0(0.00%) |   0(0.00%) |
|           (FTQ_queue)                        |                 Queue16_FTQ_entry |      8(0.01%) |      8(0.01%) |     0(0.00%) | 0(0.00%) |      9(0.01%) |  0(0.00%) | 0(0.00%) | 0(0.00%) |   0(0.00%) |
|           ram_ext                            |                        ram_16x110 |     68(0.10%) |      4(0.01%) |    64(0.22%) | 0(0.00%) |      4(0.01%) |  0(0.00%) | 0(0.00%) | 0(0.00%) |   0(0.00%) |
|         decoders                             |              fetch_packet_decoder |    518(0.73%) |    238(0.34%) |   280(0.97%) | 0(0.00%) |     32(0.02%) |  0(0.00%) | 0(0.00%) | 0(0.00%) |   0(0.00%) |
|           (decoders)                         |              fetch_packet_decoder |      0(0.00%) |      0(0.00%) |     0(0.00%) | 0(0.00%) |      1(0.01%) |  0(0.00%) | 0(0.00%) | 0(0.00%) |   0(0.00%) |
|           decoded_fetch_packet_out_Q         |       Queue2_decoded_fetch_packet |    441(0.63%) |    225(0.32%) |   216(0.75%) | 0(0.00%) |      4(0.01%) |  0(0.00%) | 0(0.00%) | 0(0.00%) |   0(0.00%) |
|             (decoded_fetch_packet_out_Q)     |       Queue2_decoded_fetch_packet |      3(0.01%) |      3(0.01%) |     0(0.00%) | 0(0.00%) |      4(0.01%) |  0(0.00%) | 0(0.00%) | 0(0.00%) |   0(0.00%) |
|             ram_ext                          |                         ram_2x434 |    438(0.62%) |    222(0.31%) |   216(0.75%) | 0(0.00%) |      0(0.00%) |  0(0.00%) | 0(0.00%) | 0(0.00%) |   0(0.00%) |
|           decoders_0                         |                           decoder |      2(0.01%) |      2(0.01%) |     0(0.00%) | 0(0.00%) |      6(0.01%) |  0(0.00%) | 0(0.00%) | 0(0.00%) |   0(0.00%) |
|           decoders_1                         |                        decoder_76 |      2(0.01%) |      2(0.01%) |     0(0.00%) | 0(0.00%) |      6(0.01%) |  0(0.00%) | 0(0.00%) | 0(0.00%) |   0(0.00%) |
|           decoders_2                         |                        decoder_77 |      2(0.01%) |      2(0.01%) |     0(0.00%) | 0(0.00%) |      6(0.01%) |  0(0.00%) | 0(0.00%) | 0(0.00%) |   0(0.00%) |
|           decoders_3                         |                        decoder_78 |      2(0.01%) |      2(0.01%) |     0(0.00%) | 0(0.00%) |      6(0.01%) |  0(0.00%) | 0(0.00%) | 0(0.00%) |   0(0.00%) |
|           predictions_out_Q                  |               Queue2_FTQ_entry_79 |     69(0.10%) |      5(0.01%) |    64(0.22%) | 0(0.00%) |      3(0.01%) |  0(0.00%) | 0(0.00%) | 0(0.00%) |   0(0.00%) |
|             (predictions_out_Q)              |               Queue2_FTQ_entry_79 |      2(0.01%) |      2(0.01%) |     0(0.00%) | 0(0.00%) |      3(0.01%) |  0(0.00%) | 0(0.00%) | 0(0.00%) |   0(0.00%) |
|             ram_ext                          |                      ram_2x110_80 |     67(0.09%) |      3(0.01%) |    64(0.22%) | 0(0.00%) |      0(0.00%) |  0(0.00%) | 0(0.00%) | 0(0.00%) |   0(0.00%) |
|         instruction_fetch                    |                 instruction_fetch |   1049(1.49%) |    801(1.14%) |   248(0.86%) | 0(0.00%) |    365(0.26%) | 12(5.56%) | 1(0.23%) | 0(0.00%) |   0(0.00%) |
|           BTB_Q                              |                Queue16_prediction |     76(0.11%) |     44(0.06%) |    32(0.11%) | 0(0.00%) |     13(0.01%) |  0(0.00%) | 0(0.00%) | 0(0.00%) |   0(0.00%) |
|             (BTB_Q)                          |                Queue16_prediction |      9(0.01%) |      9(0.01%) |     0(0.00%) | 0(0.00%) |      9(0.01%) |  0(0.00%) | 0(0.00%) | 0(0.00%) |   0(0.00%) |
|             ram_ext                          |                         ram_16x53 |     67(0.09%) |     35(0.05%) |    32(0.11%) | 0(0.00%) |      4(0.01%) |  0(0.00%) | 0(0.00%) | 0(0.00%) |   0(0.00%) |
|           PC_Q                               |   Queue16_frontend_memory_request |     68(0.10%) |     48(0.07%) |    20(0.07%) | 0(0.00%) |     13(0.01%) |  0(0.00%) | 0(0.00%) | 0(0.00%) |   0(0.00%) |
|             (PC_Q)                           |   Queue16_frontend_memory_request |      9(0.01%) |      9(0.01%) |     0(0.00%) | 0(0.00%) |      9(0.01%) |  0(0.00%) | 0(0.00%) | 0(0.00%) |   0(0.00%) |
|             ram_ext                          |                         ram_16x65 |     59(0.08%) |     39(0.06%) |    20(0.07%) | 0(0.00%) |      4(0.01%) |  0(0.00%) | 0(0.00%) | 0(0.00%) |   0(0.00%) |
|           PC_gen                             |                            PC_gen |     32(0.05%) |     32(0.05%) |     0(0.00%) | 0(0.00%) |     64(0.05%) |  0(0.00%) | 0(0.00%) | 0(0.00%) |   0(0.00%) |
|           bp                                 |                                BP |    305(0.43%) |    209(0.30%) |    96(0.33%) | 0(0.00%) |    207(0.15%) | 12(5.56%) | 1(0.23%) | 0(0.00%) |   0(0.00%) |
|             (bp)                             |                                BP |      0(0.00%) |      0(0.00%) |     0(0.00%) | 0(0.00%) |      1(0.01%) |  0(0.00%) | 0(0.00%) | 0(0.00%) |   0(0.00%) |
|             BTB                              |                          hash_BTB |    123(0.17%) |    123(0.17%) |     0(0.00%) | 0(0.00%) |     74(0.05%) |  6(2.78%) | 1(0.23%) | 0(0.00%) |   0(0.00%) |
|               (BTB)                          |                          hash_BTB |      0(0.00%) |      0(0.00%) |     0(0.00%) | 0(0.00%) |     19(0.01%) |  0(0.00%) | 0(0.00%) | 0(0.00%) |   0(0.00%) |
|               BTB_memory                     |                      hash_BTB_mem |    123(0.17%) |    123(0.17%) |     0(0.00%) | 0(0.00%) |     55(0.04%) |  6(2.78%) | 1(0.23%) | 0(0.00%) |   0(0.00%) |
|                 (BTB_memory)                 |                      hash_BTB_mem |      0(0.00%) |      0(0.00%) |     0(0.00%) | 0(0.00%) |     55(0.04%) |  0(0.00%) | 0(0.00%) | 0(0.00%) |   0(0.00%) |
|                 mem_ext                      |                       mem_4096x56 |    123(0.17%) |    123(0.17%) |     0(0.00%) | 0(0.00%) |      0(0.00%) |  6(2.78%) | 1(0.23%) | 0(0.00%) |   0(0.00%) |
|             RAS                              |                               RAS |    170(0.24%) |     74(0.10%) |    96(0.33%) | 0(0.00%) |     59(0.04%) |  0(0.00%) | 0(0.00%) | 0(0.00%) |   0(0.00%) |
|               (RAS)                          |                               RAS |      7(0.01%) |      7(0.01%) |     0(0.00%) | 0(0.00%) |     14(0.01%) |  0(0.00%) | 0(0.00%) | 0(0.00%) |   0(0.00%) |
|               RAS_memory                     |                  SDPReadWriteSmem |    163(0.23%) |     67(0.09%) |    96(0.33%) | 0(0.00%) |     45(0.03%) |  0(0.00%) | 0(0.00%) | 0(0.00%) |   0(0.00%) |
|                 (RAS_memory)                 |                  SDPReadWriteSmem |      0(0.00%) |      0(0.00%) |     0(0.00%) | 0(0.00%) |     38(0.03%) |  0(0.00%) | 0(0.00%) | 0(0.00%) |   0(0.00%) |
|                 mem_ext                      |                        mem_128x39 |    163(0.23%) |     67(0.09%) |    96(0.33%) | 0(0.00%) |      7(0.01%) |  0(0.00%) | 0(0.00%) | 0(0.00%) |   0(0.00%) |
|             gshare                           |                            gshare |      6(0.01%) |      6(0.01%) |     0(0.00%) | 0(0.00%) |     19(0.01%) |  6(2.78%) | 0(0.00%) | 0(0.00%) |   0(0.00%) |
|               (gshare)                       |                            gshare |      0(0.00%) |      0(0.00%) |     0(0.00%) | 0(0.00%) |     18(0.01%) |  0(0.00%) | 0(0.00%) | 0(0.00%) |   0(0.00%) |
|               PHT                            |                        PHT_memory |      6(0.01%) |      6(0.01%) |     0(0.00%) | 0(0.00%) |      1(0.01%) |  6(2.78%) | 0(0.00%) | 0(0.00%) |   0(0.00%) |
|                 mem_ext                      |                       mem_65536x2 |      6(0.01%) |      6(0.01%) |     0(0.00%) | 0(0.00%) |      1(0.01%) |  6(2.78%) | 0(0.00%) | 0(0.00%) |   0(0.00%) |
|             prediction_skid_buffer           |                 Queue1_prediction |      6(0.01%) |      6(0.01%) |     0(0.00%) | 0(0.00%) |     54(0.04%) |  0(0.00%) | 0(0.00%) | 0(0.00%) |   0(0.00%) |
|           instruction_Q                      |              Queue16_fetch_packet |    461(0.65%) |    361(0.51%) |   100(0.35%) | 0(0.00%) |     13(0.01%) |  0(0.00%) | 0(0.00%) | 0(0.00%) |   0(0.00%) |
|             (instruction_Q)                  |              Queue16_fetch_packet |     14(0.02%) |     14(0.02%) |     0(0.00%) | 0(0.00%) |      9(0.01%) |  0(0.00%) | 0(0.00%) | 0(0.00%) |   0(0.00%) |
|             ram_ext                          |                        ram_16x234 |    447(0.63%) |    347(0.49%) |   100(0.35%) | 0(0.00%) |      4(0.01%) |  0(0.00%) | 0(0.00%) | 0(0.00%) |   0(0.00%) |
|           predecoder                         |                        predecoder |    108(0.15%) |    108(0.15%) |     0(0.00%) | 0(0.00%) |     55(0.04%) |  0(0.00%) | 0(0.00%) | 0(0.00%) |   0(0.00%) |
|             (predecoder)                     |                        predecoder |     88(0.12%) |     88(0.12%) |     0(0.00%) | 0(0.00%) |     49(0.03%) |  0(0.00%) | 0(0.00%) | 0(0.00%) |   0(0.00%) |
|             final_fetch_packet_out_Q         |               Queue2_fetch_packet |     16(0.02%) |     16(0.02%) |     0(0.00%) | 0(0.00%) |      3(0.01%) |  0(0.00%) | 0(0.00%) | 0(0.00%) |   0(0.00%) |
|             predictions_out_Q                |               Queue2_FTQ_entry_75 |      4(0.01%) |      4(0.01%) |     0(0.00%) | 0(0.00%) |      3(0.01%) |  0(0.00%) | 0(0.00%) | 0(0.00%) |   0(0.00%) |
|         instruction_queue                    |      Queue16_decoded_fetch_packet |    671(0.95%) |    455(0.64%) |   216(0.75%) | 0(0.00%) |     17(0.01%) |  0(0.00%) | 0(0.00%) | 0(0.00%) |   0(0.00%) |
|           (instruction_queue)                |      Queue16_decoded_fetch_packet |     10(0.01%) |     10(0.01%) |     0(0.00%) | 0(0.00%) |      9(0.01%) |  0(0.00%) | 0(0.00%) | 0(0.00%) |   0(0.00%) |
|           ram_ext                            |                        ram_16x434 |    661(0.94%) |    445(0.63%) |   216(0.75%) | 0(0.00%) |      8(0.01%) |  0(0.00%) | 0(0.00%) | 0(0.00%) |   0(0.00%) |
|         rename                               |                            rename |   4239(6.01%) |   3951(5.60%) |   288(1.00%) | 0(0.00%) |    535(0.38%) |  0(0.00%) | 0(0.00%) | 0(0.00%) |   0(0.00%) |
|           (rename)                           |                            rename |      0(0.00%) |      0(0.00%) |     0(0.00%) | 0(0.00%) |     65(0.05%) |  0(0.00%) | 0(0.00%) | 0(0.00%) |   0(0.00%) |
|           RAT                                |                               RAT |    505(0.72%) |    505(0.72%) |     0(0.00%) | 0(0.00%) |    448(0.32%) |  0(0.00%) | 0(0.00%) | 0(0.00%) |   0(0.00%) |
|           free_list                          |                         free_list |    326(0.46%) |    326(0.46%) |     0(0.00%) | 0(0.00%) |     14(0.01%) |  0(0.00%) | 0(0.00%) | 0(0.00%) |   0(0.00%) |
|           predictions_out_Q                  |                  Queue2_FTQ_entry |     68(0.10%) |      4(0.01%) |    64(0.22%) | 0(0.00%) |      3(0.01%) |  0(0.00%) | 0(0.00%) | 0(0.00%) |   0(0.00%) |
|             (predictions_out_Q)              |                  Queue2_FTQ_entry |      3(0.01%) |      3(0.01%) |     0(0.00%) | 0(0.00%) |      3(0.01%) |  0(0.00%) | 0(0.00%) | 0(0.00%) |   0(0.00%) |
|             ram_ext                          |                         ram_2x110 |     65(0.09%) |      1(0.01%) |    64(0.22%) | 0(0.00%) |      0(0.00%) |  0(0.00%) | 0(0.00%) | 0(0.00%) |   0(0.00%) |
|           renamed_decoded_fetch_packet_Q     |     Queue2_decoded_fetch_packet_1 |   3340(4.73%) |   3116(4.42%) |   224(0.78%) | 0(0.00%) |      5(0.01%) |  0(0.00%) | 0(0.00%) | 0(0.00%) |   0(0.00%) |
|             (renamed_decoded_fetch_packet_Q) |     Queue2_decoded_fetch_packet_1 |      7(0.01%) |      7(0.01%) |     0(0.00%) | 0(0.00%) |      3(0.01%) |  0(0.00%) | 0(0.00%) | 0(0.00%) |   0(0.00%) |
|             ram_ext                          |                       ram_2x434_0 |   3333(4.72%) |   3109(4.41%) |   224(0.78%) | 0(0.00%) |      2(0.01%) |  0(0.00%) | 0(0.00%) | 0(0.00%) |   0(0.00%) |
|     data_cache                               |                     L1_data_cache |   5123(7.26%) |   3571(5.06%) |  1552(5.39%) | 0(0.00%) |   4017(2.85%) |  0(0.00%) | 0(0.00%) | 0(0.00%) |   0(0.00%) |
|       (data_cache)                           |                     L1_data_cache |    552(0.78%) |    552(0.78%) |     0(0.00%) | 0(0.00%) |   3690(2.61%) |  0(0.00%) | 0(0.00%) | 0(0.00%) |   0(0.00%) |
|       AXI_request_Q                          |        Queue2_AXI_request_Q_entry |    437(0.62%) |    241(0.34%) |   196(0.68%) | 0(0.00%) |      4(0.01%) |  0(0.00%) | 0(0.00%) | 0(0.00%) |   0(0.00%) |
|         (AXI_request_Q)                      |        Queue2_AXI_request_Q_entry |      0(0.00%) |      0(0.00%) |     0(0.00%) | 0(0.00%) |      3(0.01%) |  0(0.00%) | 0(0.00%) | 0(0.00%) |   0(0.00%) |
|         ram_ext                              |                         ram_2x352 |    437(0.62%) |    241(0.34%) |   196(0.68%) | 0(0.00%) |      1(0.01%) |  0(0.00%) | 0(0.00%) | 0(0.00%) |   0(0.00%) |
|       CPU_response_skid_buffer               |    Queue3_backend_memory_response |     32(0.05%) |      8(0.01%) |    24(0.08%) | 0(0.00%) |      7(0.01%) |  0(0.00%) | 0(0.00%) | 0(0.00%) |   0(0.00%) |
|         (CPU_response_skid_buffer)           |    Queue3_backend_memory_response |      3(0.01%) |      3(0.01%) |     0(0.00%) | 0(0.00%) |      5(0.01%) |  0(0.00%) | 0(0.00%) | 0(0.00%) |   0(0.00%) |
|         ram_ext                              |                          ram_3x36 |     29(0.04%) |      5(0.01%) |    24(0.08%) | 0(0.00%) |      2(0.01%) |  0(0.00%) | 0(0.00%) | 0(0.00%) |   0(0.00%) |
|       cacheable_request_Q                    |        Queue8_AXI_request_Q_entry |    445(0.63%) |    269(0.38%) |   176(0.61%) | 0(0.00%) |     10(0.01%) |  0(0.00%) | 0(0.00%) | 0(0.00%) |   0(0.00%) |
|         (cacheable_request_Q)                |        Queue8_AXI_request_Q_entry |      5(0.01%) |      5(0.01%) |     0(0.00%) | 0(0.00%) |      7(0.01%) |  0(0.00%) | 0(0.00%) | 0(0.00%) |   0(0.00%) |
|         ram_ext                              |                      ram_8x352_74 |    440(0.62%) |    264(0.37%) |   176(0.61%) | 0(0.00%) |      3(0.01%) |  0(0.00%) | 0(0.00%) | 0(0.00%) |   0(0.00%) |
|       cacheable_response_Q                   |    Queue8_backend_memory_response |     35(0.05%) |     11(0.02%) |    24(0.08%) | 0(0.00%) |     10(0.01%) |  0(0.00%) | 0(0.00%) | 0(0.00%) |   0(0.00%) |
|         (cacheable_response_Q)               |    Queue8_backend_memory_response |      6(0.01%) |      6(0.01%) |     0(0.00%) | 0(0.00%) |      7(0.01%) |  0(0.00%) | 0(0.00%) | 0(0.00%) |   0(0.00%) |
|         ram_ext                              |                       ram_8x36_73 |     29(0.04%) |      5(0.01%) |    24(0.08%) | 0(0.00%) |      3(0.01%) |  0(0.00%) | 0(0.00%) | 0(0.00%) |   0(0.00%) |
|       data_memories_0                        |                     ReadWriteSmem |     40(0.06%) |      8(0.01%) |    32(0.11%) | 0(0.00%) |      8(0.01%) |  0(0.00%) | 0(0.00%) | 0(0.00%) |   0(0.00%) |
|         (data_memories_0)                    |                     ReadWriteSmem |      0(0.00%) |      0(0.00%) |     0(0.00%) | 0(0.00%) |      8(0.01%) |  0(0.00%) | 0(0.00%) | 0(0.00%) |   0(0.00%) |
|         ram_ext                              |                      ram_256x8_72 |     40(0.06%) |      8(0.01%) |    32(0.11%) | 0(0.00%) |      0(0.00%) |  0(0.00%) | 0(0.00%) | 0(0.00%) |   0(0.00%) |
|       data_memories_1                        |                   ReadWriteSmem_2 |     40(0.06%) |      8(0.01%) |    32(0.11%) | 0(0.00%) |      8(0.01%) |  0(0.00%) | 0(0.00%) | 0(0.00%) |   0(0.00%) |
|         (data_memories_1)                    |                   ReadWriteSmem_2 |      0(0.00%) |      0(0.00%) |     0(0.00%) | 0(0.00%) |      8(0.01%) |  0(0.00%) | 0(0.00%) | 0(0.00%) |   0(0.00%) |
|         ram_ext                              |                      ram_256x8_71 |     40(0.06%) |      8(0.01%) |    32(0.11%) | 0(0.00%) |      0(0.00%) |  0(0.00%) | 0(0.00%) | 0(0.00%) |   0(0.00%) |
|       data_memories_10                       |                   ReadWriteSmem_3 |     40(0.06%) |      8(0.01%) |    32(0.11%) | 0(0.00%) |      8(0.01%) |  0(0.00%) | 0(0.00%) | 0(0.00%) |   0(0.00%) |
|         (data_memories_10)                   |                   ReadWriteSmem_3 |      0(0.00%) |      0(0.00%) |     0(0.00%) | 0(0.00%) |      8(0.01%) |  0(0.00%) | 0(0.00%) | 0(0.00%) |   0(0.00%) |
|         ram_ext                              |                      ram_256x8_70 |     40(0.06%) |      8(0.01%) |    32(0.11%) | 0(0.00%) |      0(0.00%) |  0(0.00%) | 0(0.00%) | 0(0.00%) |   0(0.00%) |
|       data_memories_11                       |                   ReadWriteSmem_4 |     40(0.06%) |      8(0.01%) |    32(0.11%) | 0(0.00%) |      8(0.01%) |  0(0.00%) | 0(0.00%) | 0(0.00%) |   0(0.00%) |
|         (data_memories_11)                   |                   ReadWriteSmem_4 |      0(0.00%) |      0(0.00%) |     0(0.00%) | 0(0.00%) |      8(0.01%) |  0(0.00%) | 0(0.00%) | 0(0.00%) |   0(0.00%) |
|         ram_ext                              |                      ram_256x8_69 |     40(0.06%) |      8(0.01%) |    32(0.11%) | 0(0.00%) |      0(0.00%) |  0(0.00%) | 0(0.00%) | 0(0.00%) |   0(0.00%) |
|       data_memories_12                       |                   ReadWriteSmem_5 |     40(0.06%) |      8(0.01%) |    32(0.11%) | 0(0.00%) |      8(0.01%) |  0(0.00%) | 0(0.00%) | 0(0.00%) |   0(0.00%) |
|         (data_memories_12)                   |                   ReadWriteSmem_5 |      0(0.00%) |      0(0.00%) |     0(0.00%) | 0(0.00%) |      8(0.01%) |  0(0.00%) | 0(0.00%) | 0(0.00%) |   0(0.00%) |
|         ram_ext                              |                      ram_256x8_68 |     40(0.06%) |      8(0.01%) |    32(0.11%) | 0(0.00%) |      0(0.00%) |  0(0.00%) | 0(0.00%) | 0(0.00%) |   0(0.00%) |
|       data_memories_13                       |                   ReadWriteSmem_6 |     40(0.06%) |      8(0.01%) |    32(0.11%) | 0(0.00%) |      8(0.01%) |  0(0.00%) | 0(0.00%) | 0(0.00%) |   0(0.00%) |
|         (data_memories_13)                   |                   ReadWriteSmem_6 |      0(0.00%) |      0(0.00%) |     0(0.00%) | 0(0.00%) |      8(0.01%) |  0(0.00%) | 0(0.00%) | 0(0.00%) |   0(0.00%) |
|         ram_ext                              |                      ram_256x8_67 |     40(0.06%) |      8(0.01%) |    32(0.11%) | 0(0.00%) |      0(0.00%) |  0(0.00%) | 0(0.00%) | 0(0.00%) |   0(0.00%) |
|       data_memories_14                       |                   ReadWriteSmem_7 |     40(0.06%) |      8(0.01%) |    32(0.11%) | 0(0.00%) |      8(0.01%) |  0(0.00%) | 0(0.00%) | 0(0.00%) |   0(0.00%) |
|         (data_memories_14)                   |                   ReadWriteSmem_7 |      0(0.00%) |      0(0.00%) |     0(0.00%) | 0(0.00%) |      8(0.01%) |  0(0.00%) | 0(0.00%) | 0(0.00%) |   0(0.00%) |
|         ram_ext                              |                      ram_256x8_66 |     40(0.06%) |      8(0.01%) |    32(0.11%) | 0(0.00%) |      0(0.00%) |  0(0.00%) | 0(0.00%) | 0(0.00%) |   0(0.00%) |
|       data_memories_15                       |                   ReadWriteSmem_8 |     40(0.06%) |      8(0.01%) |    32(0.11%) | 0(0.00%) |      8(0.01%) |  0(0.00%) | 0(0.00%) | 0(0.00%) |   0(0.00%) |
|         (data_memories_15)                   |                   ReadWriteSmem_8 |      0(0.00%) |      0(0.00%) |     0(0.00%) | 0(0.00%) |      8(0.01%) |  0(0.00%) | 0(0.00%) | 0(0.00%) |   0(0.00%) |
|         ram_ext                              |                      ram_256x8_65 |     40(0.06%) |      8(0.01%) |    32(0.11%) | 0(0.00%) |      0(0.00%) |  0(0.00%) | 0(0.00%) | 0(0.00%) |   0(0.00%) |
|       data_memories_16                       |                   ReadWriteSmem_9 |     40(0.06%) |      8(0.01%) |    32(0.11%) | 0(0.00%) |      8(0.01%) |  0(0.00%) | 0(0.00%) | 0(0.00%) |   0(0.00%) |
|         (data_memories_16)                   |                   ReadWriteSmem_9 |      0(0.00%) |      0(0.00%) |     0(0.00%) | 0(0.00%) |      8(0.01%) |  0(0.00%) | 0(0.00%) | 0(0.00%) |   0(0.00%) |
|         ram_ext                              |                      ram_256x8_64 |     40(0.06%) |      8(0.01%) |    32(0.11%) | 0(0.00%) |      0(0.00%) |  0(0.00%) | 0(0.00%) | 0(0.00%) |   0(0.00%) |
|       data_memories_17                       |                  ReadWriteSmem_10 |     40(0.06%) |      8(0.01%) |    32(0.11%) | 0(0.00%) |      8(0.01%) |  0(0.00%) | 0(0.00%) | 0(0.00%) |   0(0.00%) |
|         (data_memories_17)                   |                  ReadWriteSmem_10 |      0(0.00%) |      0(0.00%) |     0(0.00%) | 0(0.00%) |      8(0.01%) |  0(0.00%) | 0(0.00%) | 0(0.00%) |   0(0.00%) |
|         ram_ext                              |                      ram_256x8_63 |     40(0.06%) |      8(0.01%) |    32(0.11%) | 0(0.00%) |      0(0.00%) |  0(0.00%) | 0(0.00%) | 0(0.00%) |   0(0.00%) |
|       data_memories_18                       |                  ReadWriteSmem_11 |     40(0.06%) |      8(0.01%) |    32(0.11%) | 0(0.00%) |      8(0.01%) |  0(0.00%) | 0(0.00%) | 0(0.00%) |   0(0.00%) |
|         (data_memories_18)                   |                  ReadWriteSmem_11 |      0(0.00%) |      0(0.00%) |     0(0.00%) | 0(0.00%) |      8(0.01%) |  0(0.00%) | 0(0.00%) | 0(0.00%) |   0(0.00%) |
|         ram_ext                              |                      ram_256x8_62 |     40(0.06%) |      8(0.01%) |    32(0.11%) | 0(0.00%) |      0(0.00%) |  0(0.00%) | 0(0.00%) | 0(0.00%) |   0(0.00%) |
|       data_memories_19                       |                  ReadWriteSmem_12 |     40(0.06%) |      8(0.01%) |    32(0.11%) | 0(0.00%) |      8(0.01%) |  0(0.00%) | 0(0.00%) | 0(0.00%) |   0(0.00%) |
|         (data_memories_19)                   |                  ReadWriteSmem_12 |      0(0.00%) |      0(0.00%) |     0(0.00%) | 0(0.00%) |      8(0.01%) |  0(0.00%) | 0(0.00%) | 0(0.00%) |   0(0.00%) |
|         ram_ext                              |                      ram_256x8_61 |     40(0.06%) |      8(0.01%) |    32(0.11%) | 0(0.00%) |      0(0.00%) |  0(0.00%) | 0(0.00%) | 0(0.00%) |   0(0.00%) |
|       data_memories_2                        |                  ReadWriteSmem_13 |     40(0.06%) |      8(0.01%) |    32(0.11%) | 0(0.00%) |      8(0.01%) |  0(0.00%) | 0(0.00%) | 0(0.00%) |   0(0.00%) |
|         (data_memories_2)                    |                  ReadWriteSmem_13 |      0(0.00%) |      0(0.00%) |     0(0.00%) | 0(0.00%) |      8(0.01%) |  0(0.00%) | 0(0.00%) | 0(0.00%) |   0(0.00%) |
|         ram_ext                              |                      ram_256x8_60 |     40(0.06%) |      8(0.01%) |    32(0.11%) | 0(0.00%) |      0(0.00%) |  0(0.00%) | 0(0.00%) | 0(0.00%) |   0(0.00%) |
|       data_memories_20                       |                  ReadWriteSmem_14 |     40(0.06%) |      8(0.01%) |    32(0.11%) | 0(0.00%) |      8(0.01%) |  0(0.00%) | 0(0.00%) | 0(0.00%) |   0(0.00%) |
|         (data_memories_20)                   |                  ReadWriteSmem_14 |      0(0.00%) |      0(0.00%) |     0(0.00%) | 0(0.00%) |      8(0.01%) |  0(0.00%) | 0(0.00%) | 0(0.00%) |   0(0.00%) |
|         ram_ext                              |                      ram_256x8_59 |     40(0.06%) |      8(0.01%) |    32(0.11%) | 0(0.00%) |      0(0.00%) |  0(0.00%) | 0(0.00%) | 0(0.00%) |   0(0.00%) |
|       data_memories_21                       |                  ReadWriteSmem_15 |     40(0.06%) |      8(0.01%) |    32(0.11%) | 0(0.00%) |      8(0.01%) |  0(0.00%) | 0(0.00%) | 0(0.00%) |   0(0.00%) |
|         (data_memories_21)                   |                  ReadWriteSmem_15 |      0(0.00%) |      0(0.00%) |     0(0.00%) | 0(0.00%) |      8(0.01%) |  0(0.00%) | 0(0.00%) | 0(0.00%) |   0(0.00%) |
|         ram_ext                              |                      ram_256x8_58 |     40(0.06%) |      8(0.01%) |    32(0.11%) | 0(0.00%) |      0(0.00%) |  0(0.00%) | 0(0.00%) | 0(0.00%) |   0(0.00%) |
|       data_memories_22                       |                  ReadWriteSmem_16 |     40(0.06%) |      8(0.01%) |    32(0.11%) | 0(0.00%) |      8(0.01%) |  0(0.00%) | 0(0.00%) | 0(0.00%) |   0(0.00%) |
|         (data_memories_22)                   |                  ReadWriteSmem_16 |      0(0.00%) |      0(0.00%) |     0(0.00%) | 0(0.00%) |      8(0.01%) |  0(0.00%) | 0(0.00%) | 0(0.00%) |   0(0.00%) |
|         ram_ext                              |                      ram_256x8_57 |     40(0.06%) |      8(0.01%) |    32(0.11%) | 0(0.00%) |      0(0.00%) |  0(0.00%) | 0(0.00%) | 0(0.00%) |   0(0.00%) |
|       data_memories_23                       |                  ReadWriteSmem_17 |     40(0.06%) |      8(0.01%) |    32(0.11%) | 0(0.00%) |      8(0.01%) |  0(0.00%) | 0(0.00%) | 0(0.00%) |   0(0.00%) |
|         (data_memories_23)                   |                  ReadWriteSmem_17 |      0(0.00%) |      0(0.00%) |     0(0.00%) | 0(0.00%) |      8(0.01%) |  0(0.00%) | 0(0.00%) | 0(0.00%) |   0(0.00%) |
|         ram_ext                              |                      ram_256x8_56 |     40(0.06%) |      8(0.01%) |    32(0.11%) | 0(0.00%) |      0(0.00%) |  0(0.00%) | 0(0.00%) | 0(0.00%) |   0(0.00%) |
|       data_memories_24                       |                  ReadWriteSmem_18 |     64(0.09%) |     32(0.05%) |    32(0.11%) | 0(0.00%) |      8(0.01%) |  0(0.00%) | 0(0.00%) | 0(0.00%) |   0(0.00%) |
|         (data_memories_24)                   |                  ReadWriteSmem_18 |      0(0.00%) |      0(0.00%) |     0(0.00%) | 0(0.00%) |      8(0.01%) |  0(0.00%) | 0(0.00%) | 0(0.00%) |   0(0.00%) |
|         ram_ext                              |                      ram_256x8_55 |     64(0.09%) |     32(0.05%) |    32(0.11%) | 0(0.00%) |      0(0.00%) |  0(0.00%) | 0(0.00%) | 0(0.00%) |   0(0.00%) |
|       data_memories_25                       |                  ReadWriteSmem_19 |     48(0.07%) |     16(0.02%) |    32(0.11%) | 0(0.00%) |      8(0.01%) |  0(0.00%) | 0(0.00%) | 0(0.00%) |   0(0.00%) |
|         (data_memories_25)                   |                  ReadWriteSmem_19 |      0(0.00%) |      0(0.00%) |     0(0.00%) | 0(0.00%) |      8(0.01%) |  0(0.00%) | 0(0.00%) | 0(0.00%) |   0(0.00%) |
|         ram_ext                              |                      ram_256x8_54 |     48(0.07%) |     16(0.02%) |    32(0.11%) | 0(0.00%) |      0(0.00%) |  0(0.00%) | 0(0.00%) | 0(0.00%) |   0(0.00%) |
|       data_memories_26                       |                  ReadWriteSmem_20 |     52(0.07%) |     20(0.03%) |    32(0.11%) | 0(0.00%) |      8(0.01%) |  0(0.00%) | 0(0.00%) | 0(0.00%) |   0(0.00%) |
|         (data_memories_26)                   |                  ReadWriteSmem_20 |      0(0.00%) |      0(0.00%) |     0(0.00%) | 0(0.00%) |      8(0.01%) |  0(0.00%) | 0(0.00%) | 0(0.00%) |   0(0.00%) |
|         ram_ext                              |                      ram_256x8_53 |     52(0.07%) |     20(0.03%) |    32(0.11%) | 0(0.00%) |      0(0.00%) |  0(0.00%) | 0(0.00%) | 0(0.00%) |   0(0.00%) |
|       data_memories_27                       |                  ReadWriteSmem_21 |     68(0.10%) |     36(0.05%) |    32(0.11%) | 0(0.00%) |      8(0.01%) |  0(0.00%) | 0(0.00%) | 0(0.00%) |   0(0.00%) |
|         (data_memories_27)                   |                  ReadWriteSmem_21 |      0(0.00%) |      0(0.00%) |     0(0.00%) | 0(0.00%) |      8(0.01%) |  0(0.00%) | 0(0.00%) | 0(0.00%) |   0(0.00%) |
|         ram_ext                              |                      ram_256x8_52 |     68(0.10%) |     36(0.05%) |    32(0.11%) | 0(0.00%) |      0(0.00%) |  0(0.00%) | 0(0.00%) | 0(0.00%) |   0(0.00%) |
|       data_memories_28                       |                  ReadWriteSmem_22 |     48(0.07%) |     16(0.02%) |    32(0.11%) | 0(0.00%) |      8(0.01%) |  0(0.00%) | 0(0.00%) | 0(0.00%) |   0(0.00%) |
|         (data_memories_28)                   |                  ReadWriteSmem_22 |      0(0.00%) |      0(0.00%) |     0(0.00%) | 0(0.00%) |      8(0.01%) |  0(0.00%) | 0(0.00%) | 0(0.00%) |   0(0.00%) |
|         ram_ext                              |                      ram_256x8_51 |     48(0.07%) |     16(0.02%) |    32(0.11%) | 0(0.00%) |      0(0.00%) |  0(0.00%) | 0(0.00%) | 0(0.00%) |   0(0.00%) |
|       data_memories_29                       |                  ReadWriteSmem_23 |     48(0.07%) |     16(0.02%) |    32(0.11%) | 0(0.00%) |      8(0.01%) |  0(0.00%) | 0(0.00%) | 0(0.00%) |   0(0.00%) |
|         (data_memories_29)                   |                  ReadWriteSmem_23 |      0(0.00%) |      0(0.00%) |     0(0.00%) | 0(0.00%) |      8(0.01%) |  0(0.00%) | 0(0.00%) | 0(0.00%) |   0(0.00%) |
|         ram_ext                              |                      ram_256x8_50 |     48(0.07%) |     16(0.02%) |    32(0.11%) | 0(0.00%) |      0(0.00%) |  0(0.00%) | 0(0.00%) | 0(0.00%) |   0(0.00%) |
|       data_memories_3                        |                  ReadWriteSmem_24 |     40(0.06%) |      8(0.01%) |    32(0.11%) | 0(0.00%) |      8(0.01%) |  0(0.00%) | 0(0.00%) | 0(0.00%) |   0(0.00%) |
|         (data_memories_3)                    |                  ReadWriteSmem_24 |      0(0.00%) |      0(0.00%) |     0(0.00%) | 0(0.00%) |      8(0.01%) |  0(0.00%) | 0(0.00%) | 0(0.00%) |   0(0.00%) |
|         ram_ext                              |                      ram_256x8_49 |     40(0.06%) |      8(0.01%) |    32(0.11%) | 0(0.00%) |      0(0.00%) |  0(0.00%) | 0(0.00%) | 0(0.00%) |   0(0.00%) |
|       data_memories_30                       |                  ReadWriteSmem_25 |     48(0.07%) |     16(0.02%) |    32(0.11%) | 0(0.00%) |      8(0.01%) |  0(0.00%) | 0(0.00%) | 0(0.00%) |   0(0.00%) |
|         (data_memories_30)                   |                  ReadWriteSmem_25 |      0(0.00%) |      0(0.00%) |     0(0.00%) | 0(0.00%) |      8(0.01%) |  0(0.00%) | 0(0.00%) | 0(0.00%) |   0(0.00%) |
|         ram_ext                              |                      ram_256x8_48 |     48(0.07%) |     16(0.02%) |    32(0.11%) | 0(0.00%) |      0(0.00%) |  0(0.00%) | 0(0.00%) | 0(0.00%) |   0(0.00%) |
|       data_memories_31                       |                  ReadWriteSmem_26 |     54(0.08%) |     22(0.03%) |    32(0.11%) | 0(0.00%) |      8(0.01%) |  0(0.00%) | 0(0.00%) | 0(0.00%) |   0(0.00%) |
|         (data_memories_31)                   |                  ReadWriteSmem_26 |      0(0.00%) |      0(0.00%) |     0(0.00%) | 0(0.00%) |      8(0.01%) |  0(0.00%) | 0(0.00%) | 0(0.00%) |   0(0.00%) |
|         ram_ext                              |                      ram_256x8_47 |     54(0.08%) |     22(0.03%) |    32(0.11%) | 0(0.00%) |      0(0.00%) |  0(0.00%) | 0(0.00%) | 0(0.00%) |   0(0.00%) |
|       data_memories_4                        |                  ReadWriteSmem_27 |     40(0.06%) |      8(0.01%) |    32(0.11%) | 0(0.00%) |      8(0.01%) |  0(0.00%) | 0(0.00%) | 0(0.00%) |   0(0.00%) |
|         (data_memories_4)                    |                  ReadWriteSmem_27 |      0(0.00%) |      0(0.00%) |     0(0.00%) | 0(0.00%) |      8(0.01%) |  0(0.00%) | 0(0.00%) | 0(0.00%) |   0(0.00%) |
|         ram_ext                              |                      ram_256x8_46 |     40(0.06%) |      8(0.01%) |    32(0.11%) | 0(0.00%) |      0(0.00%) |  0(0.00%) | 0(0.00%) | 0(0.00%) |   0(0.00%) |
|       data_memories_5                        |                  ReadWriteSmem_28 |     40(0.06%) |      8(0.01%) |    32(0.11%) | 0(0.00%) |      8(0.01%) |  0(0.00%) | 0(0.00%) | 0(0.00%) |   0(0.00%) |
|         (data_memories_5)                    |                  ReadWriteSmem_28 |      0(0.00%) |      0(0.00%) |     0(0.00%) | 0(0.00%) |      8(0.01%) |  0(0.00%) | 0(0.00%) | 0(0.00%) |   0(0.00%) |
|         ram_ext                              |                      ram_256x8_45 |     40(0.06%) |      8(0.01%) |    32(0.11%) | 0(0.00%) |      0(0.00%) |  0(0.00%) | 0(0.00%) | 0(0.00%) |   0(0.00%) |
|       data_memories_6                        |                  ReadWriteSmem_29 |     40(0.06%) |      8(0.01%) |    32(0.11%) | 0(0.00%) |      8(0.01%) |  0(0.00%) | 0(0.00%) | 0(0.00%) |   0(0.00%) |
|         (data_memories_6)                    |                  ReadWriteSmem_29 |      0(0.00%) |      0(0.00%) |     0(0.00%) | 0(0.00%) |      8(0.01%) |  0(0.00%) | 0(0.00%) | 0(0.00%) |   0(0.00%) |
|         ram_ext                              |                      ram_256x8_44 |     40(0.06%) |      8(0.01%) |    32(0.11%) | 0(0.00%) |      0(0.00%) |  0(0.00%) | 0(0.00%) | 0(0.00%) |   0(0.00%) |
|       data_memories_7                        |                  ReadWriteSmem_30 |     40(0.06%) |      8(0.01%) |    32(0.11%) | 0(0.00%) |      8(0.01%) |  0(0.00%) | 0(0.00%) | 0(0.00%) |   0(0.00%) |
|         (data_memories_7)                    |                  ReadWriteSmem_30 |      0(0.00%) |      0(0.00%) |     0(0.00%) | 0(0.00%) |      8(0.01%) |  0(0.00%) | 0(0.00%) | 0(0.00%) |   0(0.00%) |
|         ram_ext                              |                      ram_256x8_43 |     40(0.06%) |      8(0.01%) |    32(0.11%) | 0(0.00%) |      0(0.00%) |  0(0.00%) | 0(0.00%) | 0(0.00%) |   0(0.00%) |
|       data_memories_8                        |                  ReadWriteSmem_31 |     40(0.06%) |      8(0.01%) |    32(0.11%) | 0(0.00%) |      8(0.01%) |  0(0.00%) | 0(0.00%) | 0(0.00%) |   0(0.00%) |
|         (data_memories_8)                    |                  ReadWriteSmem_31 |      0(0.00%) |      0(0.00%) |     0(0.00%) | 0(0.00%) |      8(0.01%) |  0(0.00%) | 0(0.00%) | 0(0.00%) |   0(0.00%) |
|         ram_ext                              |                      ram_256x8_42 |     40(0.06%) |      8(0.01%) |    32(0.11%) | 0(0.00%) |      0(0.00%) |  0(0.00%) | 0(0.00%) | 0(0.00%) |   0(0.00%) |
|       data_memories_9                        |                  ReadWriteSmem_32 |     40(0.06%) |      8(0.01%) |    32(0.11%) | 0(0.00%) |      8(0.01%) |  0(0.00%) | 0(0.00%) | 0(0.00%) |   0(0.00%) |
|         (data_memories_9)                    |                  ReadWriteSmem_32 |      0(0.00%) |      0(0.00%) |     0(0.00%) | 0(0.00%) |      8(0.01%) |  0(0.00%) | 0(0.00%) | 0(0.00%) |   0(0.00%) |
|         ram_ext                              |                         ram_256x8 |     40(0.06%) |      8(0.01%) |    32(0.11%) | 0(0.00%) |      0(0.00%) |  0(0.00%) | 0(0.00%) | 0(0.00%) |   0(0.00%) |
|       non_cacheable_request_Q                |     Queue8_AXI_request_Q_entry_33 |   1316(1.87%) |   1252(1.77%) |    64(0.22%) | 0(0.00%) |     10(0.01%) |  0(0.00%) | 0(0.00%) | 0(0.00%) |   0(0.00%) |
|         (non_cacheable_request_Q)            |     Queue8_AXI_request_Q_entry_33 |      5(0.01%) |      5(0.01%) |     0(0.00%) | 0(0.00%) |      7(0.01%) |  0(0.00%) | 0(0.00%) | 0(0.00%) |   0(0.00%) |
|         ram_ext                              |                         ram_8x352 |   1311(1.86%) |   1247(1.77%) |    64(0.22%) | 0(0.00%) |      3(0.01%) |  0(0.00%) | 0(0.00%) | 0(0.00%) |   0(0.00%) |
|       non_cacheable_response_Q               | Queue8_backend_memory_response_34 |     81(0.11%) |     57(0.08%) |    24(0.08%) | 0(0.00%) |     10(0.01%) |  0(0.00%) | 0(0.00%) | 0(0.00%) |   0(0.00%) |
|         (non_cacheable_response_Q)           | Queue8_backend_memory_response_34 |      5(0.01%) |      5(0.01%) |     0(0.00%) | 0(0.00%) |      7(0.01%) |  0(0.00%) | 0(0.00%) | 0(0.00%) |   0(0.00%) |
|         ram_ext                              |                          ram_8x36 |     76(0.11%) |     52(0.07%) |    24(0.08%) | 0(0.00%) |      3(0.01%) |  0(0.00%) | 0(0.00%) | 0(0.00%) |   0(0.00%) |
|       tag_memories_0                         |               ReadWriteSmem_32_35 |     29(0.04%) |     24(0.03%) |     5(0.02%) | 0(0.00%) |      5(0.01%) |  0(0.00%) | 0(0.00%) | 0(0.00%) |   0(0.00%) |
|         (tag_memories_0)                     |               ReadWriteSmem_32_35 |      2(0.01%) |      2(0.01%) |     0(0.00%) | 0(0.00%) |      5(0.01%) |  0(0.00%) | 0(0.00%) | 0(0.00%) |   0(0.00%) |
|         ram_ext                              |                      ram_64x21_41 |     27(0.04%) |     22(0.03%) |     5(0.02%) | 0(0.00%) |      0(0.00%) |  0(0.00%) | 0(0.00%) | 0(0.00%) |   0(0.00%) |
|       tag_memories_1                         |               ReadWriteSmem_32_36 |     84(0.12%) |     79(0.11%) |     5(0.02%) | 0(0.00%) |      5(0.01%) |  0(0.00%) | 0(0.00%) | 0(0.00%) |   0(0.00%) |
|         (tag_memories_1)                     |               ReadWriteSmem_32_36 |      2(0.01%) |      2(0.01%) |     0(0.00%) | 0(0.00%) |      5(0.01%) |  0(0.00%) | 0(0.00%) | 0(0.00%) |   0(0.00%) |
|         ram_ext                              |                      ram_64x21_40 |     82(0.12%) |     77(0.11%) |     5(0.02%) | 0(0.00%) |      0(0.00%) |  0(0.00%) | 0(0.00%) | 0(0.00%) |   0(0.00%) |
|       tag_memories_2                         |               ReadWriteSmem_32_37 |    707(1.00%) |    702(0.99%) |     5(0.02%) | 0(0.00%) |      5(0.01%) |  0(0.00%) | 0(0.00%) | 0(0.00%) |   0(0.00%) |
|         (tag_memories_2)                     |               ReadWriteSmem_32_37 |    429(0.61%) |    429(0.61%) |     0(0.00%) | 0(0.00%) |      5(0.01%) |  0(0.00%) | 0(0.00%) | 0(0.00%) |   0(0.00%) |
|         ram_ext                              |                      ram_64x21_39 |    278(0.39%) |    273(0.39%) |     5(0.02%) | 0(0.00%) |      0(0.00%) |  0(0.00%) | 0(0.00%) | 0(0.00%) |   0(0.00%) |
|       tag_memories_3                         |               ReadWriteSmem_32_38 |     15(0.02%) |     10(0.01%) |     5(0.02%) | 0(0.00%) |      5(0.01%) |  0(0.00%) | 0(0.00%) | 0(0.00%) |   0(0.00%) |
|         (tag_memories_3)                     |               ReadWriteSmem_32_38 |      2(0.01%) |      2(0.01%) |     0(0.00%) | 0(0.00%) |      5(0.01%) |  0(0.00%) | 0(0.00%) | 0(0.00%) |   0(0.00%) |
|         ram_ext                              |                         ram_64x21 |     13(0.02%) |      8(0.01%) |     5(0.02%) | 0(0.00%) |      0(0.00%) |  0(0.00%) | 0(0.00%) | 0(0.00%) |   0(0.00%) |
|     instruction_cache                        |              L1_instruction_cache |   1636(2.32%) |    994(1.41%) |   642(2.23%) | 0(0.00%) |    738(0.52%) |  0(0.00%) | 0(0.00%) | 0(0.00%) |   0(0.00%) |
|       (instruction_cache)                    |              L1_instruction_cache |      3(0.01%) |      3(0.01%) |     0(0.00%) | 0(0.00%) |    285(0.20%) |  0(0.00%) | 0(0.00%) | 0(0.00%) |   0(0.00%) |
|       CPU_response_skid_buffer               |               Queue1_fetch_packet |    163(0.23%) |    163(0.23%) |     0(0.00%) | 0(0.00%) |    167(0.12%) |  0(0.00%) | 0(0.00%) | 0(0.00%) |   0(0.00%) |
|       LRU_memory                             |                SDPReadWriteSmem_1 |      7(0.01%) |      5(0.01%) |     2(0.01%) | 0(0.00%) |      3(0.01%) |  0(0.00%) | 0(0.00%) | 0(0.00%) |   0(0.00%) |
|         (LRU_memory)                         |                SDPReadWriteSmem_1 |      0(0.00%) |      0(0.00%) |     0(0.00%) | 0(0.00%) |      3(0.01%) |  0(0.00%) | 0(0.00%) | 0(0.00%) |   0(0.00%) |
|         mem_ext                              |                        mem_64x2_0 |      7(0.01%) |      5(0.01%) |     2(0.01%) | 0(0.00%) |      0(0.00%) |  0(0.00%) | 0(0.00%) | 0(0.00%) |   0(0.00%) |
|       data_memory_0                          |              icache_ReadWriteSmem |    497(0.70%) |    177(0.25%) |   320(1.11%) | 0(0.00%) |      0(0.00%) |  0(0.00%) | 0(0.00%) | 0(0.00%) |   0(0.00%) |
|         mem_ext                              |                      mem_64x278_1 |    497(0.70%) |    177(0.25%) |   320(1.11%) | 0(0.00%) |      0(0.00%) |  0(0.00%) | 0(0.00%) | 0(0.00%) |   0(0.00%) |
|       data_memory_1                          |            icache_ReadWriteSmem_0 |    704(1.00%) |    384(0.54%) |   320(1.11%) | 0(0.00%) |     26(0.02%) |  0(0.00%) | 0(0.00%) | 0(0.00%) |   0(0.00%) |
|         mem_ext                              |                        mem_64x278 |    704(1.00%) |    384(0.54%) |   320(1.11%) | 0(0.00%) |     26(0.02%) |  0(0.00%) | 0(0.00%) | 0(0.00%) |   0(0.00%) |
|       final_response_buffer                  |         Queue1_final_AXI_response |    262(0.37%) |    262(0.37%) |     0(0.00%) | 0(0.00%) |    257(0.18%) |  0(0.00%) | 0(0.00%) | 0(0.00%) |   0(0.00%) |
|   axi_interconnect                           |              axi_interconnect_2x2 |    118(0.17%) |    118(0.17%) |     0(0.00%) | 0(0.00%) |    213(0.15%) |  0(0.00%) | 0(0.00%) | 0(0.00%) |   0(0.00%) |
|     NOC                                      |         axi_interconnect_wrap_2x2 |    118(0.17%) |    118(0.17%) |     0(0.00%) | 0(0.00%) |    213(0.15%) |  0(0.00%) | 0(0.00%) | 0(0.00%) |   0(0.00%) |
|       axi_interconnect_inst                  |                  axi_interconnect |    118(0.17%) |    118(0.17%) |     0(0.00%) | 0(0.00%) |    213(0.15%) |  0(0.00%) | 0(0.00%) | 0(0.00%) |   0(0.00%) |
|         (axi_interconnect_inst)              |                  axi_interconnect |     36(0.05%) |     36(0.05%) |     0(0.00%) | 0(0.00%) |    205(0.15%) |  0(0.00%) | 0(0.00%) | 0(0.00%) |   0(0.00%) |
|         arb_inst                             |                           arbiter |     82(0.12%) |     82(0.12%) |     0(0.00%) | 0(0.00%) |      8(0.01%) |  0(0.00%) | 0(0.00%) | 0(0.00%) |   0(0.00%) |
+----------------------------------------------+-----------------------------------+---------------+---------------+--------------+----------+---------------+-----------+----------+----------+------------+


