#-----------------------------------------------------------
# Vivado v2024.1 (64-bit)
# SW Build 5076996 on Wed May 22 18:36:09 MDT 2024
# IP Build 5075265 on Wed May 22 21:45:21 MDT 2024
# SharedData Build 5076995 on Wed May 22 18:29:18 MDT 2024
# Start of session at: Wed Aug 14 16:23:38 2024
# Process ID: 11227
# Current directory: /home/hakam/Repos/ChaosCore/syn
# Command line: vivado -mode batch -source build.tcl
# Log file: /home/hakam/Repos/ChaosCore/syn/vivado.log
# Journal file: /home/hakam/Repos/ChaosCore/syn/vivado.jou
# Running On        :hakam-MS-7D46
# Platform          :Ubuntu
# Operating System  :Ubuntu 24.04 LTS
# Processor Detail  :12th Gen Intel(R) Core(TM) i3-12100F
# CPU Frequency     :4100.000 MHz
# CPU Physical cores:4
# CPU Logical cores :8
# Host memory       :16615 MB
# Swap memory       :4294 MB
# Total Virtual     :20910 MB
# Available Virtual :17291 MB
#-----------------------------------------------------------
source build.tcl
# create_project ChaosCore ./ -part xczu3eg-sbva484-1-i -force
# set fp [open "../hw/verilog/filelist.f" r]
# set file_list {}
# while {[gets $fp line] >= 0} {
#     # Trim any leading/trailing whitespace from the line
#     set line [string trim $line]
#     
#     # Only add the file if the line is not empty
#     if {$line != ""} {
#         lappend file_list "../hw/verilog/$line"
#     }
# }
# close $fp
# add_files -fileset constrs_1 -norecurse {*}$file_list
# set_property top ChaosCore [current_fileset]
ERROR: [Common 17-53] User Exception: No open design. Please open an elaborated, synthesized or implemented design before executing this command.
INFO: [Common 17-206] Exiting Vivado at Wed Aug 14 16:23:43 2024...
