#-----------------------------------------------------------
# Vivado v2024.1 (64-bit)
# SW Build 5076996 on Wed May 22 18:36:09 MDT 2024
# IP Build 5075265 on Wed May 22 21:45:21 MDT 2024
# SharedData Build 5076995 on Wed May 22 18:29:18 MDT 2024
# Start of session at: Wed Aug 14 16:18:22 2024
# Process ID: 10409
# Current directory: /home/hakam/Repos/ChaosCore/syn
# Command line: vivado -mode batch -source build.tcl
# Log file: /home/hakam/Repos/ChaosCore/syn/vivado.log
# Journal file: /home/hakam/Repos/ChaosCore/syn/vivado.jou
# Running On        :hakam-MS-7D46
# Platform          :Ubuntu
# Operating System  :Ubuntu 24.04 LTS
# Processor Detail  :12th Gen Intel(R) Core(TM) i3-12100F
# CPU Frequency     :3737.245 MHz
# CPU Physical cores:4
# CPU Logical cores :8
# Host memory       :16615 MB
# Swap memory       :4294 MB
# Total Virtual     :20910 MB
# Available Virtual :17540 MB
#-----------------------------------------------------------
source build.tcl
# create_project ChaosCore ./ -part xczu3eg-sbva484-1-i -force
# set fp [open "../hw/verilog/filelist.f" r]
# while {[gets $fp line] >= 0} {
# 
#    add_files -fileset constrs_1 -norecurse $line
# 
#    }
ERROR: [Vivado 12-172] File or Directory 'mem_65536x2.sv' does not exist
INFO: [Common 17-206] Exiting Vivado at Wed Aug 14 16:18:28 2024...
