#-----------------------------------------------------------
# Vivado v2024.1 (64-bit)
# SW Build 5076996 on Wed May 22 18:36:09 MDT 2024
# IP Build 5075265 on Wed May 22 21:45:21 MDT 2024
# SharedData Build 5076995 on Wed May 22 18:29:18 MDT 2024
# Start of session at: Sat Aug 17 03:12:54 2024
# Process ID: 7894
# Current directory: /home/hakam/Repos/ChaosCore/syn
# Command line: vivado -mode batch -source build.tcl
# Log file: /home/hakam/Repos/ChaosCore/syn/vivado.log
# Journal file: /home/hakam/Repos/ChaosCore/syn/vivado.jou
# Running On        :hakam-MS-7D46
# Platform          :Ubuntu
# Operating System  :Ubuntu 24.04 LTS
# Processor Detail  :12th Gen Intel(R) Core(TM) i3-12100F
# CPU Frequency     :3910.328 MHz
# CPU Physical cores:4
# CPU Logical cores :8
# Host memory       :16615 MB
# Swap memory       :4294 MB
# Total Virtual     :20910 MB
# Available Virtual :17770 MB
#-----------------------------------------------------------
source build.tcl
# set top_module "SOC"
# set board_file "???"
# set board_name "ultra96v2"
# set fpga_part "xczu3eg-sbva484-1-i"
# set lib_dir [file normalize "./../hw/verilog"]
# set constraints_dir [file normalize "./constraints"]
# set bdf_dir [file normalize "./bdf"]
# set fp [open "$lib_dir/filelist.f" r]
# while {[gets $fp line] >= 0} {
#    read_verilog -sv "${lib_dir}/$line" 
# }
# set fp [open "$lib_dir/firrtl_black_box_resource_files.f" r]
# while {[gets $fp line] >= 0} {
#    read_verilog -sv "${lib_dir}/$line" 
# }
WARNING: [filemgmt 56-12] File '/home/hakam/Repos/ChaosCore/hw/verilog/axi_interconnect_wrap_2x2.v' cannot be added to the project because it already exists in the project, skipping this file
WARNING: [filemgmt 56-12] File '/home/hakam/Repos/ChaosCore/hw/verilog/nReadmWrite.v' cannot be added to the project because it already exists in the project, skipping this file
# read_xdc "${constraints_dir}/constraints.xdc" -mode out_of_context
# synth_design -top "$top_module" -part ${fpga_part} -mode out_of_context
Command: synth_design -top SOC -part xczu3eg-sbva484-1-i -mode out_of_context
Starting synth_design
Attempting to get a license for feature 'Synthesis' and/or device 'xczu3eg'
INFO: [Common 17-349] Got license for feature 'Synthesis' and/or device 'xczu3eg'
INFO: [Device 21-403] Loading part xczu3eg-sbva484-1-i
INFO: [Synth 8-7079] Multithreading enabled for synth_design using a maximum of 4 processes.
INFO: [Synth 8-7078] Launching helper process for spawning children vivado processes
INFO: [Synth 8-7075] Helper process launched with PID 7935
---------------------------------------------------------------------------------
Starting RTL Elaboration : Time (s): cpu = 00:00:02 ; elapsed = 00:00:02 . Memory (MB): peak = 2563.559 ; gain = 303.715 ; free physical = 7373 ; free virtual = 15140
---------------------------------------------------------------------------------
WARNING: [Synth 8-11065] parameter 'LEVELS' becomes localparam in 'priority_encoder' with formal parameter declaration list [/home/hakam/Repos/ChaosCore/hw/verilog/priority_encoder.v:47]
WARNING: [Synth 8-11065] parameter 'W' becomes localparam in 'priority_encoder' with formal parameter declaration list [/home/hakam/Repos/ChaosCore/hw/verilog/priority_encoder.v:48]
WARNING: [Synth 8-11065] parameter 'CL_S_COUNT' becomes localparam in 'axi_interconnect' with formal parameter declaration list [/home/hakam/Repos/ChaosCore/hw/verilog/axi_interconnect.v:188]
WARNING: [Synth 8-11065] parameter 'CL_M_COUNT' becomes localparam in 'axi_interconnect' with formal parameter declaration list [/home/hakam/Repos/ChaosCore/hw/verilog/axi_interconnect.v:189]
WARNING: [Synth 8-11065] parameter 'AUSER_WIDTH' becomes localparam in 'axi_interconnect' with formal parameter declaration list [/home/hakam/Repos/ChaosCore/hw/verilog/axi_interconnect.v:191]
WARNING: [Synth 8-11065] parameter 'M_BASE_ADDR_INT' becomes localparam in 'axi_interconnect' with formal parameter declaration list [/home/hakam/Repos/ChaosCore/hw/verilog/axi_interconnect.v:218]
INFO: [Synth 8-6157] synthesizing module 'SOC' [/home/hakam/Repos/ChaosCore/hw/verilog/SOC.sv:31]
INFO: [Synth 8-6157] synthesizing module 'ChaosCore_tile' [/home/hakam/Repos/ChaosCore/hw/verilog/ChaosCore_tile.sv:31]
INFO: [Synth 8-6157] synthesizing module 'ChaosCore' [/home/hakam/Repos/ChaosCore/hw/verilog/ChaosCore.sv:31]
INFO: [Synth 8-6157] synthesizing module 'frontend' [/home/hakam/Repos/ChaosCore/hw/verilog/frontend.sv:31]
INFO: [Synth 8-6157] synthesizing module 'instruction_fetch' [/home/hakam/Repos/ChaosCore/hw/verilog/instruction_fetch.sv:31]
INFO: [Synth 8-6157] synthesizing module 'BP' [/home/hakam/Repos/ChaosCore/hw/verilog/BP.sv:31]
INFO: [Synth 8-6157] synthesizing module 'gshare' [/home/hakam/Repos/ChaosCore/hw/verilog/gshare.sv:31]
INFO: [Synth 8-6157] synthesizing module 'PHT_memory' [/home/hakam/Repos/ChaosCore/hw/verilog/PHT_memory.sv:31]
INFO: [Synth 8-6157] synthesizing module 'mem_65536x2' [/home/hakam/Repos/ChaosCore/hw/verilog/mem_65536x2.sv:32]
INFO: [Synth 8-6155] done synthesizing module 'mem_65536x2' (0#1) [/home/hakam/Repos/ChaosCore/hw/verilog/mem_65536x2.sv:32]
INFO: [Synth 8-6155] done synthesizing module 'PHT_memory' (0#1) [/home/hakam/Repos/ChaosCore/hw/verilog/PHT_memory.sv:31]
INFO: [Synth 8-6155] done synthesizing module 'gshare' (0#1) [/home/hakam/Repos/ChaosCore/hw/verilog/gshare.sv:31]
INFO: [Synth 8-6157] synthesizing module 'hash_BTB' [/home/hakam/Repos/ChaosCore/hw/verilog/hash_BTB.sv:31]
INFO: [Synth 8-6157] synthesizing module 'hash_BTB_mem' [/home/hakam/Repos/ChaosCore/hw/verilog/hash_BTB_mem.sv:31]
INFO: [Synth 8-6157] synthesizing module 'mem_4096x56' [/home/hakam/Repos/ChaosCore/hw/verilog/mem_4096x56.sv:32]
INFO: [Synth 8-6155] done synthesizing module 'mem_4096x56' (0#1) [/home/hakam/Repos/ChaosCore/hw/verilog/mem_4096x56.sv:32]
INFO: [Synth 8-6155] done synthesizing module 'hash_BTB_mem' (0#1) [/home/hakam/Repos/ChaosCore/hw/verilog/hash_BTB_mem.sv:31]
INFO: [Synth 8-6155] done synthesizing module 'hash_BTB' (0#1) [/home/hakam/Repos/ChaosCore/hw/verilog/hash_BTB.sv:31]
INFO: [Synth 8-6157] synthesizing module 'RAS' [/home/hakam/Repos/ChaosCore/hw/verilog/RAS.sv:31]
INFO: [Synth 8-6157] synthesizing module 'SDPReadWriteSmem' [/home/hakam/Repos/ChaosCore/hw/verilog/SDPReadWriteSmem.sv:31]
INFO: [Synth 8-6157] synthesizing module 'mem_128x39' [/home/hakam/Repos/ChaosCore/hw/verilog/mem_128x39.sv:32]
INFO: [Synth 8-6155] done synthesizing module 'mem_128x39' (0#1) [/home/hakam/Repos/ChaosCore/hw/verilog/mem_128x39.sv:32]
INFO: [Synth 8-6155] done synthesizing module 'SDPReadWriteSmem' (0#1) [/home/hakam/Repos/ChaosCore/hw/verilog/SDPReadWriteSmem.sv:31]
INFO: [Synth 8-6155] done synthesizing module 'RAS' (0#1) [/home/hakam/Repos/ChaosCore/hw/verilog/RAS.sv:31]
INFO: [Synth 8-6157] synthesizing module 'Queue1_prediction' [/home/hakam/Repos/ChaosCore/hw/verilog/Queue1_prediction.sv:31]
INFO: [Synth 8-6155] done synthesizing module 'Queue1_prediction' (0#1) [/home/hakam/Repos/ChaosCore/hw/verilog/Queue1_prediction.sv:31]
INFO: [Synth 8-6155] done synthesizing module 'BP' (0#1) [/home/hakam/Repos/ChaosCore/hw/verilog/BP.sv:31]
INFO: [Synth 8-6157] synthesizing module 'predecoder' [/home/hakam/Repos/ChaosCore/hw/verilog/predecoder.sv:31]
INFO: [Synth 8-6157] synthesizing module 'Queue2_FTQ_entry' [/home/hakam/Repos/ChaosCore/hw/verilog/Queue2_FTQ_entry.sv:31]
INFO: [Synth 8-6157] synthesizing module 'ram_2x110' [/home/hakam/Repos/ChaosCore/hw/verilog/ram_2x110.sv:32]
INFO: [Synth 8-6155] done synthesizing module 'ram_2x110' (0#1) [/home/hakam/Repos/ChaosCore/hw/verilog/ram_2x110.sv:32]
INFO: [Synth 8-6155] done synthesizing module 'Queue2_FTQ_entry' (0#1) [/home/hakam/Repos/ChaosCore/hw/verilog/Queue2_FTQ_entry.sv:31]
INFO: [Synth 8-6157] synthesizing module 'Queue2_fetch_packet' [/home/hakam/Repos/ChaosCore/hw/verilog/Queue2_fetch_packet.sv:31]
INFO: [Synth 8-6157] synthesizing module 'ram_2x234' [/home/hakam/Repos/ChaosCore/hw/verilog/ram_2x234.sv:32]
INFO: [Synth 8-6155] done synthesizing module 'ram_2x234' (0#1) [/home/hakam/Repos/ChaosCore/hw/verilog/ram_2x234.sv:32]
INFO: [Synth 8-6155] done synthesizing module 'Queue2_fetch_packet' (0#1) [/home/hakam/Repos/ChaosCore/hw/verilog/Queue2_fetch_packet.sv:31]
INFO: [Synth 8-6155] done synthesizing module 'predecoder' (0#1) [/home/hakam/Repos/ChaosCore/hw/verilog/predecoder.sv:31]
INFO: [Synth 8-6157] synthesizing module 'PC_gen' [/home/hakam/Repos/ChaosCore/hw/verilog/PC_gen.sv:31]
INFO: [Synth 8-6155] done synthesizing module 'PC_gen' (0#1) [/home/hakam/Repos/ChaosCore/hw/verilog/PC_gen.sv:31]
INFO: [Synth 8-6157] synthesizing module 'Queue16_fetch_packet' [/home/hakam/Repos/ChaosCore/hw/verilog/Queue16_fetch_packet.sv:31]
INFO: [Synth 8-6157] synthesizing module 'ram_16x234' [/home/hakam/Repos/ChaosCore/hw/verilog/ram_16x234.sv:32]
INFO: [Synth 8-6155] done synthesizing module 'ram_16x234' (0#1) [/home/hakam/Repos/ChaosCore/hw/verilog/ram_16x234.sv:32]
INFO: [Synth 8-6155] done synthesizing module 'Queue16_fetch_packet' (0#1) [/home/hakam/Repos/ChaosCore/hw/verilog/Queue16_fetch_packet.sv:31]
INFO: [Synth 8-6157] synthesizing module 'Queue16_frontend_memory_request' [/home/hakam/Repos/ChaosCore/hw/verilog/Queue16_frontend_memory_request.sv:31]
INFO: [Synth 8-6157] synthesizing module 'ram_16x65' [/home/hakam/Repos/ChaosCore/hw/verilog/ram_16x65.sv:32]
INFO: [Synth 8-6155] done synthesizing module 'ram_16x65' (0#1) [/home/hakam/Repos/ChaosCore/hw/verilog/ram_16x65.sv:32]
INFO: [Synth 8-6155] done synthesizing module 'Queue16_frontend_memory_request' (0#1) [/home/hakam/Repos/ChaosCore/hw/verilog/Queue16_frontend_memory_request.sv:31]
INFO: [Synth 8-6157] synthesizing module 'Queue16_prediction' [/home/hakam/Repos/ChaosCore/hw/verilog/Queue16_prediction.sv:31]
INFO: [Synth 8-6157] synthesizing module 'ram_16x53' [/home/hakam/Repos/ChaosCore/hw/verilog/ram_16x53.sv:32]
INFO: [Synth 8-6155] done synthesizing module 'ram_16x53' (0#1) [/home/hakam/Repos/ChaosCore/hw/verilog/ram_16x53.sv:32]
INFO: [Synth 8-6155] done synthesizing module 'Queue16_prediction' (0#1) [/home/hakam/Repos/ChaosCore/hw/verilog/Queue16_prediction.sv:31]
INFO: [Synth 8-6155] done synthesizing module 'instruction_fetch' (0#1) [/home/hakam/Repos/ChaosCore/hw/verilog/instruction_fetch.sv:31]
INFO: [Synth 8-6157] synthesizing module 'fetch_packet_decoder' [/home/hakam/Repos/ChaosCore/hw/verilog/fetch_packet_decoder.sv:31]
INFO: [Synth 8-6157] synthesizing module 'decoder' [/home/hakam/Repos/ChaosCore/hw/verilog/decoder.sv:31]
INFO: [Synth 8-6155] done synthesizing module 'decoder' (0#1) [/home/hakam/Repos/ChaosCore/hw/verilog/decoder.sv:31]
INFO: [Synth 8-6157] synthesizing module 'Queue2_decoded_fetch_packet' [/home/hakam/Repos/ChaosCore/hw/verilog/Queue2_decoded_fetch_packet.sv:31]
INFO: [Synth 8-6157] synthesizing module 'ram_2x434' [/home/hakam/Repos/ChaosCore/hw/verilog/ram_2x434.sv:32]
INFO: [Synth 8-6155] done synthesizing module 'ram_2x434' (0#1) [/home/hakam/Repos/ChaosCore/hw/verilog/ram_2x434.sv:32]
INFO: [Synth 8-6155] done synthesizing module 'Queue2_decoded_fetch_packet' (0#1) [/home/hakam/Repos/ChaosCore/hw/verilog/Queue2_decoded_fetch_packet.sv:31]
INFO: [Synth 8-6155] done synthesizing module 'fetch_packet_decoder' (0#1) [/home/hakam/Repos/ChaosCore/hw/verilog/fetch_packet_decoder.sv:31]
INFO: [Synth 8-6157] synthesizing module 'Queue16_decoded_fetch_packet' [/home/hakam/Repos/ChaosCore/hw/verilog/Queue16_decoded_fetch_packet.sv:31]
INFO: [Synth 8-6157] synthesizing module 'ram_16x434' [/home/hakam/Repos/ChaosCore/hw/verilog/ram_16x434.sv:32]
INFO: [Synth 8-6155] done synthesizing module 'ram_16x434' (0#1) [/home/hakam/Repos/ChaosCore/hw/verilog/ram_16x434.sv:32]
INFO: [Synth 8-6155] done synthesizing module 'Queue16_decoded_fetch_packet' (0#1) [/home/hakam/Repos/ChaosCore/hw/verilog/Queue16_decoded_fetch_packet.sv:31]
INFO: [Synth 8-6157] synthesizing module 'Queue16_FTQ_entry' [/home/hakam/Repos/ChaosCore/hw/verilog/Queue16_FTQ_entry.sv:31]
INFO: [Synth 8-6157] synthesizing module 'ram_16x110' [/home/hakam/Repos/ChaosCore/hw/verilog/ram_16x110.sv:32]
INFO: [Synth 8-6155] done synthesizing module 'ram_16x110' (0#1) [/home/hakam/Repos/ChaosCore/hw/verilog/ram_16x110.sv:32]
INFO: [Synth 8-6155] done synthesizing module 'Queue16_FTQ_entry' (0#1) [/home/hakam/Repos/ChaosCore/hw/verilog/Queue16_FTQ_entry.sv:31]
INFO: [Synth 8-6157] synthesizing module 'rename' [/home/hakam/Repos/ChaosCore/hw/verilog/rename.sv:31]
INFO: [Synth 8-6157] synthesizing module 'free_list' [/home/hakam/Repos/ChaosCore/hw/verilog/free_list.sv:31]
WARNING: [Synth 8-2898] ignoring concurrent assertion [/home/hakam/Repos/ChaosCore/hw/verilog/free_list.sv:172]
WARNING: [Synth 8-2898] ignoring concurrent assertion [/home/hakam/Repos/ChaosCore/hw/verilog/free_list.sv:174]
WARNING: [Synth 8-2898] ignoring concurrent assertion [/home/hakam/Repos/ChaosCore/hw/verilog/free_list.sv:176]
WARNING: [Synth 8-2898] ignoring concurrent assertion [/home/hakam/Repos/ChaosCore/hw/verilog/free_list.sv:178]
WARNING: [Synth 8-589] replacing case/wildcard equality operator === with logical equality operator == [/home/hakam/Repos/ChaosCore/hw/verilog/free_list.sv:171]
WARNING: [Synth 8-589] replacing case/wildcard equality operator === with logical equality operator == [/home/hakam/Repos/ChaosCore/hw/verilog/free_list.sv:171]
INFO: [Synth 8-6155] done synthesizing module 'free_list' (0#1) [/home/hakam/Repos/ChaosCore/hw/verilog/free_list.sv:31]
INFO: [Synth 8-6157] synthesizing module 'WAW_handler' [/home/hakam/Repos/ChaosCore/hw/verilog/WAW_handler.sv:31]
INFO: [Synth 8-6155] done synthesizing module 'WAW_handler' (0#1) [/home/hakam/Repos/ChaosCore/hw/verilog/WAW_handler.sv:31]
INFO: [Synth 8-6157] synthesizing module 'RAT' [/home/hakam/Repos/ChaosCore/hw/verilog/RAT.sv:31]
INFO: [Synth 8-6155] done synthesizing module 'RAT' (0#1) [/home/hakam/Repos/ChaosCore/hw/verilog/RAT.sv:31]
INFO: [Synth 8-6155] done synthesizing module 'rename' (0#1) [/home/hakam/Repos/ChaosCore/hw/verilog/rename.sv:31]
INFO: [Synth 8-6155] done synthesizing module 'frontend' (0#1) [/home/hakam/Repos/ChaosCore/hw/verilog/frontend.sv:31]
INFO: [Synth 8-6157] synthesizing module 'backend' [/home/hakam/Repos/ChaosCore/hw/verilog/backend.sv:31]
INFO: [Synth 8-6157] synthesizing module 'RS' [/home/hakam/Repos/ChaosCore/hw/verilog/RS.sv:31]
INFO: [Synth 8-6155] done synthesizing module 'RS' (0#1) [/home/hakam/Repos/ChaosCore/hw/verilog/RS.sv:31]
INFO: [Synth 8-6157] synthesizing module 'MEMRS' [/home/hakam/Repos/ChaosCore/hw/verilog/MEMRS.sv:31]
INFO: [Synth 8-6155] done synthesizing module 'MEMRS' (0#1) [/home/hakam/Repos/ChaosCore/hw/verilog/MEMRS.sv:31]
INFO: [Synth 8-6157] synthesizing module 'MOB' [/home/hakam/Repos/ChaosCore/hw/verilog/MOB.sv:31]
INFO: [Synth 8-6157] synthesizing module 'Queue4_FU_output' [/home/hakam/Repos/ChaosCore/hw/verilog/Queue4_FU_output.sv:31]
INFO: [Synth 8-6157] synthesizing module 'ram_4x192' [/home/hakam/Repos/ChaosCore/hw/verilog/ram_4x192.sv:32]
INFO: [Synth 8-6155] done synthesizing module 'ram_4x192' (0#1) [/home/hakam/Repos/ChaosCore/hw/verilog/ram_4x192.sv:32]
INFO: [Synth 8-6155] done synthesizing module 'Queue4_FU_output' (0#1) [/home/hakam/Repos/ChaosCore/hw/verilog/Queue4_FU_output.sv:31]
INFO: [Synth 8-6157] synthesizing module 'Arbiter2_FU_output' [/home/hakam/Repos/ChaosCore/hw/verilog/Arbiter2_FU_output.sv:31]
INFO: [Synth 8-6155] done synthesizing module 'Arbiter2_FU_output' (0#1) [/home/hakam/Repos/ChaosCore/hw/verilog/Arbiter2_FU_output.sv:31]
INFO: [Synth 8-6155] done synthesizing module 'MOB' (0#1) [/home/hakam/Repos/ChaosCore/hw/verilog/MOB.sv:31]
INFO: [Synth 8-6157] synthesizing module 'nReadmWrite' [/home/hakam/Repos/ChaosCore/hw/verilog/nReadmWrite.v:2]
INFO: [Synth 8-6155] done synthesizing module 'nReadmWrite' (0#1) [/home/hakam/Repos/ChaosCore/hw/verilog/nReadmWrite.v:2]
INFO: [Synth 8-6157] synthesizing module 'FU' [/home/hakam/Repos/ChaosCore/hw/verilog/FU.sv:31]
INFO: [Synth 8-6157] synthesizing module 'ALU' [/home/hakam/Repos/ChaosCore/hw/verilog/ALU.sv:31]
INFO: [Synth 8-6155] done synthesizing module 'ALU' (0#1) [/home/hakam/Repos/ChaosCore/hw/verilog/ALU.sv:31]
INFO: [Synth 8-6157] synthesizing module 'branch_unit' [/home/hakam/Repos/ChaosCore/hw/verilog/branch_unit.sv:31]
INFO: [Synth 8-6155] done synthesizing module 'branch_unit' (0#1) [/home/hakam/Repos/ChaosCore/hw/verilog/branch_unit.sv:31]
INFO: [Synth 8-6155] done synthesizing module 'FU' (0#1) [/home/hakam/Repos/ChaosCore/hw/verilog/FU.sv:31]
INFO: [Synth 8-6157] synthesizing module 'FU_1' [/home/hakam/Repos/ChaosCore/hw/verilog/FU_1.sv:31]
INFO: [Synth 8-6155] done synthesizing module 'FU_1' (0#1) [/home/hakam/Repos/ChaosCore/hw/verilog/FU_1.sv:31]
INFO: [Synth 8-6157] synthesizing module 'AGU' [/home/hakam/Repos/ChaosCore/hw/verilog/AGU.sv:31]
WARNING: [Synth 8-2898] ignoring concurrent assertion [/home/hakam/Repos/ChaosCore/hw/verilog/AGU.sv:70]
WARNING: [Synth 8-2898] ignoring concurrent assertion [/home/hakam/Repos/ChaosCore/hw/verilog/AGU.sv:72]
WARNING: [Synth 8-2898] ignoring concurrent assertion [/home/hakam/Repos/ChaosCore/hw/verilog/AGU.sv:74]
WARNING: [Synth 8-2898] ignoring concurrent assertion [/home/hakam/Repos/ChaosCore/hw/verilog/AGU.sv:77]
WARNING: [Synth 8-2898] ignoring concurrent assertion [/home/hakam/Repos/ChaosCore/hw/verilog/AGU.sv:80]
WARNING: [Synth 8-589] replacing case/wildcard equality operator === with logical equality operator == [/home/hakam/Repos/ChaosCore/hw/verilog/AGU.sv:69]
WARNING: [Synth 8-589] replacing case/wildcard equality operator === with logical equality operator == [/home/hakam/Repos/ChaosCore/hw/verilog/AGU.sv:69]
INFO: [Synth 8-6155] done synthesizing module 'AGU' (0#1) [/home/hakam/Repos/ChaosCore/hw/verilog/AGU.sv:31]
INFO: [Synth 8-6155] done synthesizing module 'backend' (0#1) [/home/hakam/Repos/ChaosCore/hw/verilog/backend.sv:31]
INFO: [Synth 8-6157] synthesizing module 'FTQ' [/home/hakam/Repos/ChaosCore/hw/verilog/FTQ.sv:31]
INFO: [Synth 8-6155] done synthesizing module 'FTQ' (0#1) [/home/hakam/Repos/ChaosCore/hw/verilog/FTQ.sv:31]
INFO: [Synth 8-6157] synthesizing module 'ROB' [/home/hakam/Repos/ChaosCore/hw/verilog/ROB.sv:31]
INFO: [Synth 8-6157] synthesizing module 'ROB_shared_mem' [/home/hakam/Repos/ChaosCore/hw/verilog/ROB_shared_mem.sv:31]
INFO: [Synth 8-6157] synthesizing module 'mem_64x70' [/home/hakam/Repos/ChaosCore/hw/verilog/mem_64x70.sv:32]
INFO: [Synth 8-6155] done synthesizing module 'mem_64x70' (0#1) [/home/hakam/Repos/ChaosCore/hw/verilog/mem_64x70.sv:32]
INFO: [Synth 8-6155] done synthesizing module 'ROB_shared_mem' (0#1) [/home/hakam/Repos/ChaosCore/hw/verilog/ROB_shared_mem.sv:31]
INFO: [Synth 8-6157] synthesizing module 'ROB_WB_mem' [/home/hakam/Repos/ChaosCore/hw/verilog/ROB_WB_mem.sv:31]
INFO: [Synth 8-6157] synthesizing module 'mem_64x2' [/home/hakam/Repos/ChaosCore/hw/verilog/mem_64x2.sv:32]
INFO: [Synth 8-6155] done synthesizing module 'mem_64x2' (0#1) [/home/hakam/Repos/ChaosCore/hw/verilog/mem_64x2.sv:32]
INFO: [Synth 8-6155] done synthesizing module 'ROB_WB_mem' (0#1) [/home/hakam/Repos/ChaosCore/hw/verilog/ROB_WB_mem.sv:31]
INFO: [Synth 8-6157] synthesizing module 'ROB_entry_mem' [/home/hakam/Repos/ChaosCore/hw/verilog/ROB_entry_mem.sv:31]
INFO: [Synth 8-6157] synthesizing module 'mem_64x17' [/home/hakam/Repos/ChaosCore/hw/verilog/mem_64x17.sv:32]
INFO: [Synth 8-6155] done synthesizing module 'mem_64x17' (0#1) [/home/hakam/Repos/ChaosCore/hw/verilog/mem_64x17.sv:32]
INFO: [Synth 8-6155] done synthesizing module 'ROB_entry_mem' (0#1) [/home/hakam/Repos/ChaosCore/hw/verilog/ROB_entry_mem.sv:31]
INFO: [Synth 8-6155] done synthesizing module 'ROB' (0#1) [/home/hakam/Repos/ChaosCore/hw/verilog/ROB.sv:31]
INFO: [Synth 8-6157] synthesizing module 'BRU' [/home/hakam/Repos/ChaosCore/hw/verilog/BRU.sv:31]
INFO: [Synth 8-6155] done synthesizing module 'BRU' (0#1) [/home/hakam/Repos/ChaosCore/hw/verilog/BRU.sv:31]
INFO: [Synth 8-6155] done synthesizing module 'ChaosCore' (0#1) [/home/hakam/Repos/ChaosCore/hw/verilog/ChaosCore.sv:31]
INFO: [Synth 8-6157] synthesizing module 'L1_instruction_cache' [/home/hakam/Repos/ChaosCore/hw/verilog/L1_instruction_cache.sv:31]
INFO: [Synth 8-6157] synthesizing module 'Queue1_final_AXI_response' [/home/hakam/Repos/ChaosCore/hw/verilog/Queue1_final_AXI_response.sv:31]
INFO: [Synth 8-6155] done synthesizing module 'Queue1_final_AXI_response' (0#1) [/home/hakam/Repos/ChaosCore/hw/verilog/Queue1_final_AXI_response.sv:31]
INFO: [Synth 8-6157] synthesizing module 'SDPReadWriteSmem_1' [/home/hakam/Repos/ChaosCore/hw/verilog/SDPReadWriteSmem_1.sv:31]
INFO: [Synth 8-6157] synthesizing module 'mem_64x2_0' [/home/hakam/Repos/ChaosCore/hw/verilog/mem_64x2_0.sv:32]
INFO: [Synth 8-6155] done synthesizing module 'mem_64x2_0' (0#1) [/home/hakam/Repos/ChaosCore/hw/verilog/mem_64x2_0.sv:32]
INFO: [Synth 8-6155] done synthesizing module 'SDPReadWriteSmem_1' (0#1) [/home/hakam/Repos/ChaosCore/hw/verilog/SDPReadWriteSmem_1.sv:31]
INFO: [Synth 8-6157] synthesizing module 'icache_ReadWriteSmem' [/home/hakam/Repos/ChaosCore/hw/verilog/icache_ReadWriteSmem.sv:31]
INFO: [Synth 8-6157] synthesizing module 'mem_64x278' [/home/hakam/Repos/ChaosCore/hw/verilog/mem_64x278.sv:32]
INFO: [Synth 8-6155] done synthesizing module 'mem_64x278' (0#1) [/home/hakam/Repos/ChaosCore/hw/verilog/mem_64x278.sv:32]
INFO: [Synth 8-6155] done synthesizing module 'icache_ReadWriteSmem' (0#1) [/home/hakam/Repos/ChaosCore/hw/verilog/icache_ReadWriteSmem.sv:31]
INFO: [Synth 8-6157] synthesizing module 'instruction_validator' [/home/hakam/Repos/ChaosCore/hw/verilog/instruction_validator.sv:31]
INFO: [Synth 8-6155] done synthesizing module 'instruction_validator' (0#1) [/home/hakam/Repos/ChaosCore/hw/verilog/instruction_validator.sv:31]
INFO: [Synth 8-6157] synthesizing module 'Queue1_fetch_packet' [/home/hakam/Repos/ChaosCore/hw/verilog/Queue1_fetch_packet.sv:31]
INFO: [Synth 8-6155] done synthesizing module 'Queue1_fetch_packet' (0#1) [/home/hakam/Repos/ChaosCore/hw/verilog/Queue1_fetch_packet.sv:31]
INFO: [Synth 8-6155] done synthesizing module 'L1_instruction_cache' (0#1) [/home/hakam/Repos/ChaosCore/hw/verilog/L1_instruction_cache.sv:31]
INFO: [Synth 8-6157] synthesizing module 'L1_data_cache' [/home/hakam/Repos/ChaosCore/hw/verilog/L1_data_cache.sv:31]
INFO: [Synth 8-6157] synthesizing module 'Queue8_AXI_request_Q_entry' [/home/hakam/Repos/ChaosCore/hw/verilog/Queue8_AXI_request_Q_entry.sv:31]
INFO: [Synth 8-6157] synthesizing module 'ram_8x352' [/home/hakam/Repos/ChaosCore/hw/verilog/ram_8x352.sv:32]
INFO: [Synth 8-6155] done synthesizing module 'ram_8x352' (0#1) [/home/hakam/Repos/ChaosCore/hw/verilog/ram_8x352.sv:32]
INFO: [Synth 8-6155] done synthesizing module 'Queue8_AXI_request_Q_entry' (0#1) [/home/hakam/Repos/ChaosCore/hw/verilog/Queue8_AXI_request_Q_entry.sv:31]
INFO: [Synth 8-6157] synthesizing module 'Queue2_AXI_request_Q_entry' [/home/hakam/Repos/ChaosCore/hw/verilog/Queue2_AXI_request_Q_entry.sv:31]
INFO: [Synth 8-6157] synthesizing module 'ram_2x345' [/home/hakam/Repos/ChaosCore/hw/verilog/ram_2x345.sv:32]
INFO: [Synth 8-6155] done synthesizing module 'ram_2x345' (0#1) [/home/hakam/Repos/ChaosCore/hw/verilog/ram_2x345.sv:32]
INFO: [Synth 8-6155] done synthesizing module 'Queue2_AXI_request_Q_entry' (0#1) [/home/hakam/Repos/ChaosCore/hw/verilog/Queue2_AXI_request_Q_entry.sv:31]
INFO: [Synth 8-6157] synthesizing module 'Queue8_backend_memory_response' [/home/hakam/Repos/ChaosCore/hw/verilog/Queue8_backend_memory_response.sv:31]
INFO: [Synth 8-6157] synthesizing module 'ram_8x36' [/home/hakam/Repos/ChaosCore/hw/verilog/ram_8x36.sv:32]
INFO: [Synth 8-6155] done synthesizing module 'ram_8x36' (0#1) [/home/hakam/Repos/ChaosCore/hw/verilog/ram_8x36.sv:32]
INFO: [Synth 8-6155] done synthesizing module 'Queue8_backend_memory_response' (0#1) [/home/hakam/Repos/ChaosCore/hw/verilog/Queue8_backend_memory_response.sv:31]
INFO: [Synth 8-6157] synthesizing module 'Queue3_backend_memory_response' [/home/hakam/Repos/ChaosCore/hw/verilog/Queue3_backend_memory_response.sv:31]
INFO: [Synth 8-6157] synthesizing module 'ram_3x36' [/home/hakam/Repos/ChaosCore/hw/verilog/ram_3x36.sv:32]
INFO: [Synth 8-6155] done synthesizing module 'ram_3x36' (0#1) [/home/hakam/Repos/ChaosCore/hw/verilog/ram_3x36.sv:32]
INFO: [Synth 8-6155] done synthesizing module 'Queue3_backend_memory_response' (0#1) [/home/hakam/Repos/ChaosCore/hw/verilog/Queue3_backend_memory_response.sv:31]
INFO: [Synth 8-6157] synthesizing module 'ReadWriteSmem' [/home/hakam/Repos/ChaosCore/hw/verilog/ReadWriteSmem.sv:31]
INFO: [Synth 8-6157] synthesizing module 'ram_256x8' [/home/hakam/Repos/ChaosCore/hw/verilog/ram_256x8.sv:32]
INFO: [Synth 8-6155] done synthesizing module 'ram_256x8' (0#1) [/home/hakam/Repos/ChaosCore/hw/verilog/ram_256x8.sv:32]
INFO: [Synth 8-6155] done synthesizing module 'ReadWriteSmem' (0#1) [/home/hakam/Repos/ChaosCore/hw/verilog/ReadWriteSmem.sv:31]
INFO: [Synth 8-6157] synthesizing module 'ReadWriteSmem_32' [/home/hakam/Repos/ChaosCore/hw/verilog/ReadWriteSmem_32.sv:31]
INFO: [Synth 8-6157] synthesizing module 'ram_64x21' [/home/hakam/Repos/ChaosCore/hw/verilog/ram_64x21.sv:32]
INFO: [Synth 8-6155] done synthesizing module 'ram_64x21' (0#1) [/home/hakam/Repos/ChaosCore/hw/verilog/ram_64x21.sv:32]
INFO: [Synth 8-6155] done synthesizing module 'ReadWriteSmem_32' (0#1) [/home/hakam/Repos/ChaosCore/hw/verilog/ReadWriteSmem_32.sv:31]
INFO: [Synth 8-6157] synthesizing module 'Arbiter2_AXI_request_Q_entry' [/home/hakam/Repos/ChaosCore/hw/verilog/Arbiter2_AXI_request_Q_entry.sv:31]
INFO: [Synth 8-6155] done synthesizing module 'Arbiter2_AXI_request_Q_entry' (0#1) [/home/hakam/Repos/ChaosCore/hw/verilog/Arbiter2_AXI_request_Q_entry.sv:31]
INFO: [Synth 8-6157] synthesizing module 'Arbiter2_backend_memory_response' [/home/hakam/Repos/ChaosCore/hw/verilog/Arbiter2_backend_memory_response.sv:31]
INFO: [Synth 8-6155] done synthesizing module 'Arbiter2_backend_memory_response' (0#1) [/home/hakam/Repos/ChaosCore/hw/verilog/Arbiter2_backend_memory_response.sv:31]
INFO: [Synth 8-6155] done synthesizing module 'L1_data_cache' (0#1) [/home/hakam/Repos/ChaosCore/hw/verilog/L1_data_cache.sv:31]
INFO: [Synth 8-6155] done synthesizing module 'ChaosCore_tile' (0#1) [/home/hakam/Repos/ChaosCore/hw/verilog/ChaosCore_tile.sv:31]
INFO: [Synth 8-6157] synthesizing module 'AXI_debug_printer' [/home/hakam/Repos/ChaosCore/hw/verilog/AXI_debug_printer.sv:31]
INFO: [Synth 8-6155] done synthesizing module 'AXI_debug_printer' (0#1) [/home/hakam/Repos/ChaosCore/hw/verilog/AXI_debug_printer.sv:31]
INFO: [Synth 8-6157] synthesizing module 'axi_interconnect_2x2' [/home/hakam/Repos/ChaosCore/hw/verilog/axi_interconnect_2x2.sv:31]
INFO: [Synth 8-6157] synthesizing module 'axi_interconnect_wrap_2x2' [/home/hakam/Repos/ChaosCore/hw/verilog/axi_interconnect_wrap_2x2.v:34]
	Parameter DATA_WIDTH bound to: 32 - type: integer 
	Parameter ADDR_WIDTH bound to: 32 - type: integer 
	Parameter STRB_WIDTH bound to: 4 - type: integer 
	Parameter ID_WIDTH bound to: 8 - type: integer 
	Parameter AWUSER_ENABLE bound to: 0 - type: integer 
	Parameter AWUSER_WIDTH bound to: 1 - type: integer 
	Parameter WUSER_ENABLE bound to: 0 - type: integer 
	Parameter WUSER_WIDTH bound to: 1 - type: integer 
	Parameter BUSER_ENABLE bound to: 0 - type: integer 
	Parameter BUSER_WIDTH bound to: 1 - type: integer 
	Parameter ARUSER_ENABLE bound to: 0 - type: integer 
	Parameter ARUSER_WIDTH bound to: 1 - type: integer 
	Parameter RUSER_ENABLE bound to: 0 - type: integer 
	Parameter RUSER_WIDTH bound to: 1 - type: integer 
	Parameter FORWARD_ID bound to: 0 - type: integer 
	Parameter M_REGIONS bound to: 1 - type: integer 
	Parameter M00_BASE_ADDR bound to: 0 - type: integer 
	Parameter M00_ADDR_WIDTH bound to: 24 - type: integer 
	Parameter M00_CONNECT_READ bound to: 1 - type: integer 
	Parameter M00_CONNECT_WRITE bound to: 1 - type: integer 
	Parameter M00_SECURE bound to: 0 - type: integer 
	Parameter M01_BASE_ADDR bound to: 134217728 - type: integer 
	Parameter M01_ADDR_WIDTH bound to: 24 - type: integer 
	Parameter M01_CONNECT_READ bound to: 1 - type: integer 
	Parameter M01_CONNECT_WRITE bound to: 1 - type: integer 
	Parameter M01_SECURE bound to: 0 - type: integer 
INFO: [Synth 8-6157] synthesizing module 'axi_interconnect' [/home/hakam/Repos/ChaosCore/hw/verilog/axi_interconnect.v:34]
	Parameter S_COUNT bound to: 2 - type: integer 
	Parameter M_COUNT bound to: 2 - type: integer 
	Parameter DATA_WIDTH bound to: 32 - type: integer 
	Parameter ADDR_WIDTH bound to: 32 - type: integer 
	Parameter STRB_WIDTH bound to: 4 - type: integer 
	Parameter ID_WIDTH bound to: 8 - type: integer 
	Parameter AWUSER_ENABLE bound to: 0 - type: integer 
	Parameter AWUSER_WIDTH bound to: 1 - type: integer 
	Parameter WUSER_ENABLE bound to: 0 - type: integer 
	Parameter WUSER_WIDTH bound to: 1 - type: integer 
	Parameter BUSER_ENABLE bound to: 0 - type: integer 
	Parameter BUSER_WIDTH bound to: 1 - type: integer 
	Parameter ARUSER_ENABLE bound to: 0 - type: integer 
	Parameter ARUSER_WIDTH bound to: 1 - type: integer 
	Parameter RUSER_ENABLE bound to: 0 - type: integer 
	Parameter RUSER_WIDTH bound to: 1 - type: integer 
	Parameter FORWARD_ID bound to: 0 - type: integer 
	Parameter M_REGIONS bound to: 1 - type: integer 
	Parameter M_BASE_ADDR bound to: 64'b0000100000000000000000000000000000000000000000000000000000000000 
	Parameter M_ADDR_WIDTH bound to: 64'b0000000000000000000000000001100000000000000000000000000000011000 
	Parameter M_CONNECT_READ bound to: 4'b0101 
	Parameter M_CONNECT_WRITE bound to: 4'b0101 
	Parameter M_SECURE bound to: 2'b00 
INFO: [Synth 8-251] Addressing configuration for axi_interconnect instance  [/home/hakam/Repos/ChaosCore/hw/verilog/axi_interconnect.v:236]
INFO: [Synth 8-251] 0 (0): 0 / 24 -- 0-ffffff [/home/hakam/Repos/ChaosCore/hw/verilog/axi_interconnect.v:239]
INFO: [Synth 8-251] 1 (0): 8000000 / 24 -- 8000000-8ffffff [/home/hakam/Repos/ChaosCore/hw/verilog/axi_interconnect.v:239]
INFO: [Synth 8-6157] synthesizing module 'arbiter' [/home/hakam/Repos/ChaosCore/hw/verilog/arbiter.v:34]
	Parameter PORTS bound to: 4 - type: integer 
	Parameter ARB_TYPE_ROUND_ROBIN bound to: 1 - type: integer 
	Parameter ARB_BLOCK bound to: 1 - type: integer 
	Parameter ARB_BLOCK_ACK bound to: 1 - type: integer 
	Parameter ARB_LSB_HIGH_PRIORITY bound to: 1 - type: integer 
INFO: [Synth 8-6157] synthesizing module 'priority_encoder' [/home/hakam/Repos/ChaosCore/hw/verilog/priority_encoder.v:34]
	Parameter WIDTH bound to: 4 - type: integer 
	Parameter LSB_HIGH_PRIORITY bound to: 1 - type: integer 
WARNING: [Synth 8-693] zero replication count - replication ignored [/home/hakam/Repos/ChaosCore/hw/verilog/priority_encoder.v:51]
INFO: [Synth 8-6155] done synthesizing module 'priority_encoder' (0#1) [/home/hakam/Repos/ChaosCore/hw/verilog/priority_encoder.v:34]
INFO: [Synth 8-6155] done synthesizing module 'arbiter' (0#1) [/home/hakam/Repos/ChaosCore/hw/verilog/arbiter.v:34]
INFO: [Synth 8-6155] done synthesizing module 'axi_interconnect' (0#1) [/home/hakam/Repos/ChaosCore/hw/verilog/axi_interconnect.v:34]
INFO: [Synth 8-6155] done synthesizing module 'axi_interconnect_wrap_2x2' (0#1) [/home/hakam/Repos/ChaosCore/hw/verilog/axi_interconnect_wrap_2x2.v:34]
INFO: [Synth 8-6155] done synthesizing module 'axi_interconnect_2x2' (0#1) [/home/hakam/Repos/ChaosCore/hw/verilog/axi_interconnect_2x2.sv:31]
INFO: [Synth 8-6155] done synthesizing module 'SOC' (0#1) [/home/hakam/Repos/ChaosCore/hw/verilog/SOC.sv:31]
WARNING: [Synth 8-6014] Unused sequential element _R0_en_d0_reg was removed.  [/home/hakam/Repos/ChaosCore/hw/verilog/mem_65536x2.sv:51]
WARNING: [Synth 8-6014] Unused sequential element _R1_en_d0_reg was removed.  [/home/hakam/Repos/ChaosCore/hw/verilog/mem_65536x2.sv:57]
WARNING: [Synth 8-6014] Unused sequential element _R0_en_d0_reg was removed.  [/home/hakam/Repos/ChaosCore/hw/verilog/mem_4096x56.sv:47]
WARNING: [Synth 8-6014] Unused sequential element _R0_en_d0_reg was removed.  [/home/hakam/Repos/ChaosCore/hw/verilog/mem_128x39.sv:47]
WARNING: [Synth 8-6014] Unused sequential element io_fetch_packet_ready_REG_reg was removed.  [/home/hakam/Repos/ChaosCore/hw/verilog/predecoder.sv:282]
WARNING: [Synth 8-6014] Unused sequential element _R0_en_d0_reg was removed.  [/home/hakam/Repos/ChaosCore/hw/verilog/ram_16x234.sv:47]
WARNING: [Synth 8-6014] Unused sequential element _R0_en_d0_reg was removed.  [/home/hakam/Repos/ChaosCore/hw/verilog/ram_16x65.sv:47]
WARNING: [Synth 8-6014] Unused sequential element _R0_en_d0_reg was removed.  [/home/hakam/Repos/ChaosCore/hw/verilog/ram_16x53.sv:47]
WARNING: [Synth 8-6014] Unused sequential element monitor_output_REG_reg was removed.  [/home/hakam/Repos/ChaosCore/hw/verilog/fetch_packet_decoder.sv:281]
WARNING: [Synth 8-6014] Unused sequential element io_predictions_in_ready_REG_reg was removed.  [/home/hakam/Repos/ChaosCore/hw/verilog/fetch_packet_decoder.sv:277]
WARNING: [Synth 8-6014] Unused sequential element _R0_en_d0_reg was removed.  [/home/hakam/Repos/ChaosCore/hw/verilog/ram_16x434.sv:47]
WARNING: [Synth 8-6014] Unused sequential element _R0_en_d0_reg was removed.  [/home/hakam/Repos/ChaosCore/hw/verilog/ram_16x110.sv:47]
WARNING: [Synth 8-6014] Unused sequential element hasBeenResetReg_reg was removed.  [/home/hakam/Repos/ChaosCore/hw/verilog/free_list.sv:171]
WARNING: [Synth 8-6014] Unused sequential element io_predictions_in_ready_REG_reg was removed.  [/home/hakam/Repos/ChaosCore/hw/verilog/rename.sv:496]
INFO: [Common 17-41] Interrupt caught. Command should exit soon.
WARNING: [Synth 8-6014] Unused sequential element reservation_station_0_decoded_instruction_RDold_reg was removed.  [/home/hakam/Repos/ChaosCore/hw/verilog/MEMRS.sv:1193]
WARNING: [Synth 8-6014] Unused sequential element reservation_station_0_decoded_instruction_RD_valid_reg was removed.  [/home/hakam/Repos/ChaosCore/hw/verilog/MEMRS.sv:1195]
WARNING: [Synth 8-6014] Unused sequential element reservation_station_0_decoded_instruction_packet_index_reg was removed.  [/home/hakam/Repos/ChaosCore/hw/verilog/MEMRS.sv:1202]
WARNING: [Synth 8-6014] Unused sequential element reservation_station_0_decoded_instruction_ROB_index_reg was removed.  [/home/hakam/Repos/ChaosCore/hw/verilog/MEMRS.sv:1203]
WARNING: [Synth 8-6014] Unused sequential element reservation_station_0_decoded_instruction_FTQ_index_reg was removed.  [/home/hakam/Repos/ChaosCore/hw/verilog/MEMRS.sv:1205]
WARNING: [Synth 8-6014] Unused sequential element reservation_station_0_decoded_instruction_instructionType_reg was removed.  [/home/hakam/Repos/ChaosCore/hw/verilog/MEMRS.sv:1206]
WARNING: [Synth 8-6014] Unused sequential element reservation_station_0_decoded_instruction_portID_reg was removed.  [/home/hakam/Repos/ChaosCore/hw/verilog/MEMRS.sv:1207]
WARNING: [Synth 8-6014] Unused sequential element reservation_station_0_decoded_instruction_RS_type_reg was removed.  [/home/hakam/Repos/ChaosCore/hw/verilog/MEMRS.sv:1208]
WARNING: [Synth 8-6014] Unused sequential element reservation_station_0_decoded_instruction_needs_ALU_reg was removed.  [/home/hakam/Repos/ChaosCore/hw/verilog/MEMRS.sv:1209]
WARNING: [Synth 8-6014] Unused sequential element reservation_station_0_decoded_instruction_needs_branch_unit_reg was removed.  [/home/hakam/Repos/ChaosCore/hw/verilog/MEMRS.sv:1210]
WARNING: [Synth 8-6014] Unused sequential element reservation_station_0_decoded_instruction_needs_CSRs_reg was removed.  [/home/hakam/Repos/ChaosCore/hw/verilog/MEMRS.sv:1211]
WARNING: [Synth 8-6014] Unused sequential element reservation_station_0_decoded_instruction_SUBTRACT_reg was removed.  [/home/hakam/Repos/ChaosCore/hw/verilog/MEMRS.sv:1212]
WARNING: [Synth 8-6014] Unused sequential element reservation_station_0_decoded_instruction_MULTIPLY_reg was removed.  [/home/hakam/Repos/ChaosCore/hw/verilog/MEMRS.sv:1213]
WARNING: [Synth 8-6014] Unused sequential element reservation_station_0_decoded_instruction_IS_IMM_reg was removed.  [/home/hakam/Repos/ChaosCore/hw/verilog/MEMRS.sv:1214]
WARNING: [Synth 8-6014] Unused sequential element reservation_station_0_fetch_PC_reg was removed.  [/home/hakam/Repos/ChaosCore/hw/verilog/MEMRS.sv:1217]
WARNING: [Synth 8-6014] Unused sequential element reservation_station_1_decoded_instruction_RDold_reg was removed.  [/home/hakam/Repos/ChaosCore/hw/verilog/MEMRS.sv:1221]
WARNING: [Synth 8-6014] Unused sequential element reservation_station_1_decoded_instruction_RD_valid_reg was removed.  [/home/hakam/Repos/ChaosCore/hw/verilog/MEMRS.sv:1223]
WARNING: [Synth 8-6014] Unused sequential element reservation_station_1_decoded_instruction_packet_index_reg was removed.  [/home/hakam/Repos/ChaosCore/hw/verilog/MEMRS.sv:1230]
WARNING: [Synth 8-6014] Unused sequential element reservation_station_1_decoded_instruction_ROB_index_reg was removed.  [/home/hakam/Repos/ChaosCore/hw/verilog/MEMRS.sv:1231]
WARNING: [Synth 8-6014] Unused sequential element reservation_station_1_decoded_instruction_FTQ_index_reg was removed.  [/home/hakam/Repos/ChaosCore/hw/verilog/MEMRS.sv:1233]
WARNING: [Synth 8-6014] Unused sequential element reservation_station_1_decoded_instruction_instructionType_reg was removed.  [/home/hakam/Repos/ChaosCore/hw/verilog/MEMRS.sv:1234]
WARNING: [Synth 8-6014] Unused sequential element reservation_station_1_decoded_instruction_portID_reg was removed.  [/home/hakam/Repos/ChaosCore/hw/verilog/MEMRS.sv:1235]
WARNING: [Synth 8-6014] Unused sequential element reservation_station_1_decoded_instruction_RS_type_reg was removed.  [/home/hakam/Repos/ChaosCore/hw/verilog/MEMRS.sv:1236]
WARNING: [Synth 8-6014] Unused sequential element reservation_station_1_decoded_instruction_needs_ALU_reg was removed.  [/home/hakam/Repos/ChaosCore/hw/verilog/MEMRS.sv:1237]
WARNING: [Synth 8-6014] Unused sequential element reservation_station_1_decoded_instruction_needs_branch_unit_reg was removed.  [/home/hakam/Repos/ChaosCore/hw/verilog/MEMRS.sv:1238]
WARNING: [Synth 8-6014] Unused sequential element reservation_station_1_decoded_instruction_needs_CSRs_reg was removed.  [/home/hakam/Repos/ChaosCore/hw/verilog/MEMRS.sv:1239]
WARNING: [Synth 8-6014] Unused sequential element reservation_station_1_decoded_instruction_SUBTRACT_reg was removed.  [/home/hakam/Repos/ChaosCore/hw/verilog/MEMRS.sv:1240]
WARNING: [Synth 8-6014] Unused sequential element reservation_station_1_decoded_instruction_MULTIPLY_reg was removed.  [/home/hakam/Repos/ChaosCore/hw/verilog/MEMRS.sv:1241]
WARNING: [Synth 8-6014] Unused sequential element reservation_station_1_decoded_instruction_IS_IMM_reg was removed.  [/home/hakam/Repos/ChaosCore/hw/verilog/MEMRS.sv:1242]
WARNING: [Synth 8-6014] Unused sequential element reservation_station_1_fetch_PC_reg was removed.  [/home/hakam/Repos/ChaosCore/hw/verilog/MEMRS.sv:1245]
WARNING: [Synth 8-6014] Unused sequential element reservation_station_2_decoded_instruction_RDold_reg was removed.  [/home/hakam/Repos/ChaosCore/hw/verilog/MEMRS.sv:1249]
WARNING: [Synth 8-6014] Unused sequential element reservation_station_2_decoded_instruction_RD_valid_reg was removed.  [/home/hakam/Repos/ChaosCore/hw/verilog/MEMRS.sv:1251]
WARNING: [Synth 8-6014] Unused sequential element reservation_station_2_decoded_instruction_packet_index_reg was removed.  [/home/hakam/Repos/ChaosCore/hw/verilog/MEMRS.sv:1258]
WARNING: [Synth 8-6014] Unused sequential element reservation_station_2_decoded_instruction_ROB_index_reg was removed.  [/home/hakam/Repos/ChaosCore/hw/verilog/MEMRS.sv:1259]
WARNING: [Synth 8-6014] Unused sequential element reservation_station_2_decoded_instruction_FTQ_index_reg was removed.  [/home/hakam/Repos/ChaosCore/hw/verilog/MEMRS.sv:1261]
WARNING: [Synth 8-6014] Unused sequential element reservation_station_2_decoded_instruction_instructionType_reg was removed.  [/home/hakam/Repos/ChaosCore/hw/verilog/MEMRS.sv:1262]
WARNING: [Synth 8-6014] Unused sequential element reservation_station_2_decoded_instruction_portID_reg was removed.  [/home/hakam/Repos/ChaosCore/hw/verilog/MEMRS.sv:1263]
WARNING: [Synth 8-6014] Unused sequential element reservation_station_2_decoded_instruction_RS_type_reg was removed.  [/home/hakam/Repos/ChaosCore/hw/verilog/MEMRS.sv:1264]
WARNING: [Synth 8-6014] Unused sequential element reservation_station_2_decoded_instruction_needs_ALU_reg was removed.  [/home/hakam/Repos/ChaosCore/hw/verilog/MEMRS.sv:1265]
WARNING: [Synth 8-6014] Unused sequential element reservation_station_2_decoded_instruction_needs_branch_unit_reg was removed.  [/home/hakam/Repos/ChaosCore/hw/verilog/MEMRS.sv:1266]
WARNING: [Synth 8-6014] Unused sequential element reservation_station_2_decoded_instruction_needs_CSRs_reg was removed.  [/home/hakam/Repos/ChaosCore/hw/verilog/MEMRS.sv:1267]
WARNING: [Synth 8-6014] Unused sequential element reservation_station_2_decoded_instruction_SUBTRACT_reg was removed.  [/home/hakam/Repos/ChaosCore/hw/verilog/MEMRS.sv:1268]
WARNING: [Synth 8-6014] Unused sequential element reservation_station_2_decoded_instruction_MULTIPLY_reg was removed.  [/home/hakam/Repos/ChaosCore/hw/verilog/MEMRS.sv:1269]
WARNING: [Synth 8-6014] Unused sequential element reservation_station_2_decoded_instruction_IS_IMM_reg was removed.  [/home/hakam/Repos/ChaosCore/hw/verilog/MEMRS.sv:1270]
WARNING: [Synth 8-6014] Unused sequential element reservation_station_2_fetch_PC_reg was removed.  [/home/hakam/Repos/ChaosCore/hw/verilog/MEMRS.sv:1273]
WARNING: [Synth 8-6014] Unused sequential element reservation_station_3_decoded_instruction_RDold_reg was removed.  [/home/hakam/Repos/ChaosCore/hw/verilog/MEMRS.sv:1277]
WARNING: [Synth 8-6014] Unused sequential element reservation_station_3_decoded_instruction_RD_valid_reg was removed.  [/home/hakam/Repos/ChaosCore/hw/verilog/MEMRS.sv:1279]
WARNING: [Synth 8-6014] Unused sequential element reservation_station_3_decoded_instruction_packet_index_reg was removed.  [/home/hakam/Repos/ChaosCore/hw/verilog/MEMRS.sv:1286]
WARNING: [Synth 8-6014] Unused sequential element reservation_station_3_decoded_instruction_ROB_index_reg was removed.  [/home/hakam/Repos/ChaosCore/hw/verilog/MEMRS.sv:1287]
WARNING: [Synth 8-6014] Unused sequential element reservation_station_3_decoded_instruction_FTQ_index_reg was removed.  [/home/hakam/Repos/ChaosCore/hw/verilog/MEMRS.sv:1289]
WARNING: [Synth 8-6014] Unused sequential element reservation_station_3_decoded_instruction_instructionType_reg was removed.  [/home/hakam/Repos/ChaosCore/hw/verilog/MEMRS.sv:1290]
WARNING: [Synth 8-6014] Unused sequential element reservation_station_3_decoded_instruction_portID_reg was removed.  [/home/hakam/Repos/ChaosCore/hw/verilog/MEMRS.sv:1291]
WARNING: [Synth 8-6014] Unused sequential element reservation_station_3_decoded_instruction_RS_type_reg was removed.  [/home/hakam/Repos/ChaosCore/hw/verilog/MEMRS.sv:1292]
WARNING: [Synth 8-6014] Unused sequential element reservation_station_3_decoded_instruction_needs_ALU_reg was removed.  [/home/hakam/Repos/ChaosCore/hw/verilog/MEMRS.sv:1293]
WARNING: [Synth 8-6014] Unused sequential element reservation_station_3_decoded_instruction_needs_branch_unit_reg was removed.  [/home/hakam/Repos/ChaosCore/hw/verilog/MEMRS.sv:1294]
WARNING: [Synth 8-6014] Unused sequential element reservation_station_3_decoded_instruction_needs_CSRs_reg was removed.  [/home/hakam/Repos/ChaosCore/hw/verilog/MEMRS.sv:1295]
WARNING: [Synth 8-6014] Unused sequential element reservation_station_3_decoded_instruction_SUBTRACT_reg was removed.  [/home/hakam/Repos/ChaosCore/hw/verilog/MEMRS.sv:1296]
WARNING: [Synth 8-6014] Unused sequential element reservation_station_3_decoded_instruction_MULTIPLY_reg was removed.  [/home/hakam/Repos/ChaosCore/hw/verilog/MEMRS.sv:1297]
WARNING: [Synth 8-6014] Unused sequential element reservation_station_3_decoded_instruction_IS_IMM_reg was removed.  [/home/hakam/Repos/ChaosCore/hw/verilog/MEMRS.sv:1298]
WARNING: [Synth 8-6014] Unused sequential element reservation_station_3_fetch_PC_reg was removed.  [/home/hakam/Repos/ChaosCore/hw/verilog/MEMRS.sv:1301]
WARNING: [Synth 8-6014] Unused sequential element reservation_station_4_decoded_instruction_RDold_reg was removed.  [/home/hakam/Repos/ChaosCore/hw/verilog/MEMRS.sv:1305]
WARNING: [Synth 8-6014] Unused sequential element reservation_station_4_decoded_instruction_RD_valid_reg was removed.  [/home/hakam/Repos/ChaosCore/hw/verilog/MEMRS.sv:1307]
WARNING: [Synth 8-6014] Unused sequential element reservation_station_4_decoded_instruction_packet_index_reg was removed.  [/home/hakam/Repos/ChaosCore/hw/verilog/MEMRS.sv:1314]
WARNING: [Synth 8-6014] Unused sequential element reservation_station_4_decoded_instruction_ROB_index_reg was removed.  [/home/hakam/Repos/ChaosCore/hw/verilog/MEMRS.sv:1315]
WARNING: [Synth 8-6014] Unused sequential element reservation_station_4_decoded_instruction_FTQ_index_reg was removed.  [/home/hakam/Repos/ChaosCore/hw/verilog/MEMRS.sv:1317]
WARNING: [Synth 8-6014] Unused sequential element reservation_station_4_decoded_instruction_instructionType_reg was removed.  [/home/hakam/Repos/ChaosCore/hw/verilog/MEMRS.sv:1318]
WARNING: [Synth 8-6014] Unused sequential element reservation_station_4_decoded_instruction_portID_reg was removed.  [/home/hakam/Repos/ChaosCore/hw/verilog/MEMRS.sv:1319]
WARNING: [Synth 8-6014] Unused sequential element reservation_station_4_decoded_instruction_RS_type_reg was removed.  [/home/hakam/Repos/ChaosCore/hw/verilog/MEMRS.sv:1320]
WARNING: [Synth 8-6014] Unused sequential element reservation_station_4_decoded_instruction_needs_ALU_reg was removed.  [/home/hakam/Repos/ChaosCore/hw/verilog/MEMRS.sv:1321]
WARNING: [Synth 8-6014] Unused sequential element reservation_station_4_decoded_instruction_needs_branch_unit_reg was removed.  [/home/hakam/Repos/ChaosCore/hw/verilog/MEMRS.sv:1322]
WARNING: [Synth 8-6014] Unused sequential element reservation_station_4_decoded_instruction_needs_CSRs_reg was removed.  [/home/hakam/Repos/ChaosCore/hw/verilog/MEMRS.sv:1323]
WARNING: [Synth 8-6014] Unused sequential element reservation_station_4_decoded_instruction_SUBTRACT_reg was removed.  [/home/hakam/Repos/ChaosCore/hw/verilog/MEMRS.sv:1324]
WARNING: [Synth 8-6014] Unused sequential element reservation_station_4_decoded_instruction_MULTIPLY_reg was removed.  [/home/hakam/Repos/ChaosCore/hw/verilog/MEMRS.sv:1325]
WARNING: [Synth 8-6014] Unused sequential element reservation_station_4_decoded_instruction_IS_IMM_reg was removed.  [/home/hakam/Repos/ChaosCore/hw/verilog/MEMRS.sv:1326]
WARNING: [Synth 8-6014] Unused sequential element reservation_station_4_fetch_PC_reg was removed.  [/home/hakam/Repos/ChaosCore/hw/verilog/MEMRS.sv:1329]
WARNING: [Synth 8-6014] Unused sequential element reservation_station_5_decoded_instruction_RDold_reg was removed.  [/home/hakam/Repos/ChaosCore/hw/verilog/MEMRS.sv:1333]
WARNING: [Synth 8-6014] Unused sequential element reservation_station_5_decoded_instruction_RD_valid_reg was removed.  [/home/hakam/Repos/ChaosCore/hw/verilog/MEMRS.sv:1335]
WARNING: [Synth 8-6014] Unused sequential element reservation_station_5_decoded_instruction_packet_index_reg was removed.  [/home/hakam/Repos/ChaosCore/hw/verilog/MEMRS.sv:1342]
WARNING: [Synth 8-6014] Unused sequential element reservation_station_5_decoded_instruction_ROB_index_reg was removed.  [/home/hakam/Repos/ChaosCore/hw/verilog/MEMRS.sv:1343]
WARNING: [Synth 8-6014] Unused sequential element reservation_station_5_decoded_instruction_FTQ_index_reg was removed.  [/home/hakam/Repos/ChaosCore/hw/verilog/MEMRS.sv:1345]
WARNING: [Synth 8-6014] Unused sequential element reservation_station_5_decoded_instruction_instructionType_reg was removed.  [/home/hakam/Repos/ChaosCore/hw/verilog/MEMRS.sv:1346]
WARNING: [Synth 8-6014] Unused sequential element reservation_station_5_decoded_instruction_portID_reg was removed.  [/home/hakam/Repos/ChaosCore/hw/verilog/MEMRS.sv:1347]
WARNING: [Synth 8-6014] Unused sequential element reservation_station_5_decoded_instruction_RS_type_reg was removed.  [/home/hakam/Repos/ChaosCore/hw/verilog/MEMRS.sv:1348]
WARNING: [Synth 8-6014] Unused sequential element reservation_station_5_decoded_instruction_needs_ALU_reg was removed.  [/home/hakam/Repos/ChaosCore/hw/verilog/MEMRS.sv:1349]
WARNING: [Synth 8-6014] Unused sequential element reservation_station_5_decoded_instruction_needs_branch_unit_reg was removed.  [/home/hakam/Repos/ChaosCore/hw/verilog/MEMRS.sv:1350]
WARNING: [Synth 8-6014] Unused sequential element reservation_station_5_decoded_instruction_needs_CSRs_reg was removed.  [/home/hakam/Repos/ChaosCore/hw/verilog/MEMRS.sv:1351]
INFO: [Common 17-14] Message 'Synth 8-6014' appears 100 times and further instances of the messages will be disabled. Use the Tcl command set_msg_config to change the current settings.
INFO: [Common 17-41] Interrupt caught. Command should exit soon.
INFO: [Common 17-41] Interrupt caught. Command should exit soon.
INFO: [Common 17-41] Interrupt caught. Command should exit soon.
INFO: [Common 17-41] Interrupt caught. Command should exit soon.
INFO: [Common 17-41] Interrupt caught. Command should exit soon.
WARNING: [Synth 8-4767] Trying to implement RAM ' ' in registers. Block RAM or DRAM implementation is not possible; see log for reasons.
	1: Invalid write to RAM. 
	2: Unable to determine number of words or word size in RAM. 
	3: No valid read/write found for RAM. 
RAM dissolved into registers
WARNING: [Synth 8-4767] Trying to implement RAM ' ' in registers. Block RAM or DRAM implementation is not possible; see log for reasons.
	1: RAM has multiple writes via different ports in same process. If RAM inferencing intended, write to one port per process. 
	2: Unable to determine number of words or word size in RAM. 
	3: No valid read/write found for RAM. 
RAM dissolved into registers
WARNING: [Synth 8-4767] Trying to implement RAM 'Memory_reg' in registers. Block RAM or DRAM implementation is not possible; see log for reasons.
Reason is one or more of the following :
	1: RAM has multiple writes via different ports in same process. If RAM inferencing intended, write to one port per process. 
	2: Unable to determine number of words or word size in RAM. 
	3: No valid read/write found for RAM. 
RAM "Memory_reg" dissolved into registers
WARNING: [Synth 8-3936] Found unconnected internal register 'PLRU_reg' and it is trimmed from '4' to '3' bits. [/home/hakam/Repos/ChaosCore/hw/verilog/L1_data_cache.sv:1140]
WARNING: [Synth 8-3936] Found unconnected internal register 'output_address_r_1_reg' and it is trimmed from '32' to '5' bits. [/home/hakam/Repos/ChaosCore/hw/verilog/L1_data_cache.sv:2004]
INFO: [Common 17-41] Interrupt caught. Command should exit soon.
WARNING: [Synth 8-7129] Port s_axi_awuser[1] in module axi_interconnect is either unconnected or has no load
WARNING: [Synth 8-7129] Port s_axi_awuser[0] in module axi_interconnect is either unconnected or has no load
WARNING: [Synth 8-7129] Port s_axi_wuser[1] in module axi_interconnect is either unconnected or has no load
WARNING: [Synth 8-7129] Port s_axi_wuser[0] in module axi_interconnect is either unconnected or has no load
WARNING: [Synth 8-7129] Port s_axi_aruser[1] in module axi_interconnect is either unconnected or has no load
WARNING: [Synth 8-7129] Port s_axi_aruser[0] in module axi_interconnect is either unconnected or has no load
WARNING: [Synth 8-7129] Port m_axi_bid[15] in module axi_interconnect is either unconnected or has no load
WARNING: [Synth 8-7129] Port m_axi_bid[14] in module axi_interconnect is either unconnected or has no load
WARNING: [Synth 8-7129] Port m_axi_bid[13] in module axi_interconnect is either unconnected or has no load
WARNING: [Synth 8-7129] Port m_axi_bid[12] in module axi_interconnect is either unconnected or has no load
WARNING: [Synth 8-7129] Port m_axi_bid[11] in module axi_interconnect is either unconnected or has no load
WARNING: [Synth 8-7129] Port m_axi_bid[10] in module axi_interconnect is either unconnected or has no load
WARNING: [Synth 8-7129] Port m_axi_bid[9] in module axi_interconnect is either unconnected or has no load
WARNING: [Synth 8-7129] Port m_axi_bid[8] in module axi_interconnect is either unconnected or has no load
WARNING: [Synth 8-7129] Port m_axi_bid[7] in module axi_interconnect is either unconnected or has no load
WARNING: [Synth 8-7129] Port m_axi_bid[6] in module axi_interconnect is either unconnected or has no load
WARNING: [Synth 8-7129] Port m_axi_bid[5] in module axi_interconnect is either unconnected or has no load
WARNING: [Synth 8-7129] Port m_axi_bid[4] in module axi_interconnect is either unconnected or has no load
WARNING: [Synth 8-7129] Port m_axi_bid[3] in module axi_interconnect is either unconnected or has no load
WARNING: [Synth 8-7129] Port m_axi_bid[2] in module axi_interconnect is either unconnected or has no load
WARNING: [Synth 8-7129] Port m_axi_bid[1] in module axi_interconnect is either unconnected or has no load
WARNING: [Synth 8-7129] Port m_axi_bid[0] in module axi_interconnect is either unconnected or has no load
WARNING: [Synth 8-7129] Port m_axi_buser[1] in module axi_interconnect is either unconnected or has no load
WARNING: [Synth 8-7129] Port m_axi_buser[0] in module axi_interconnect is either unconnected or has no load
WARNING: [Synth 8-7129] Port m_axi_rid[15] in module axi_interconnect is either unconnected or has no load
WARNING: [Synth 8-7129] Port m_axi_rid[14] in module axi_interconnect is either unconnected or has no load
WARNING: [Synth 8-7129] Port m_axi_rid[13] in module axi_interconnect is either unconnected or has no load
WARNING: [Synth 8-7129] Port m_axi_rid[12] in module axi_interconnect is either unconnected or has no load
WARNING: [Synth 8-7129] Port m_axi_rid[11] in module axi_interconnect is either unconnected or has no load
WARNING: [Synth 8-7129] Port m_axi_rid[10] in module axi_interconnect is either unconnected or has no load
WARNING: [Synth 8-7129] Port m_axi_rid[9] in module axi_interconnect is either unconnected or has no load
WARNING: [Synth 8-7129] Port m_axi_rid[8] in module axi_interconnect is either unconnected or has no load
WARNING: [Synth 8-7129] Port m_axi_rid[7] in module axi_interconnect is either unconnected or has no load
WARNING: [Synth 8-7129] Port m_axi_rid[6] in module axi_interconnect is either unconnected or has no load
WARNING: [Synth 8-7129] Port m_axi_rid[5] in module axi_interconnect is either unconnected or has no load
WARNING: [Synth 8-7129] Port m_axi_rid[4] in module axi_interconnect is either unconnected or has no load
WARNING: [Synth 8-7129] Port m_axi_rid[3] in module axi_interconnect is either unconnected or has no load
WARNING: [Synth 8-7129] Port m_axi_rid[2] in module axi_interconnect is either unconnected or has no load
WARNING: [Synth 8-7129] Port m_axi_rid[1] in module axi_interconnect is either unconnected or has no load
WARNING: [Synth 8-7129] Port m_axi_rid[0] in module axi_interconnect is either unconnected or has no load
WARNING: [Synth 8-7129] Port m_axi_ruser[1] in module axi_interconnect is either unconnected or has no load
WARNING: [Synth 8-7129] Port m_axi_ruser[0] in module axi_interconnect is either unconnected or has no load
WARNING: [Synth 8-7129] Port io_m_AXI_port_0_AXI_AW_bits_awregion[3] in module axi_interconnect_2x2 is either unconnected or has no load
WARNING: [Synth 8-7129] Port io_m_AXI_port_0_AXI_AW_bits_awregion[2] in module axi_interconnect_2x2 is either unconnected or has no load
WARNING: [Synth 8-7129] Port io_m_AXI_port_0_AXI_AW_bits_awregion[1] in module axi_interconnect_2x2 is either unconnected or has no load
WARNING: [Synth 8-7129] Port io_m_AXI_port_0_AXI_AW_bits_awregion[0] in module axi_interconnect_2x2 is either unconnected or has no load
WARNING: [Synth 8-7129] Port io_m_AXI_port_0_AXI_AR_bits_arregion[3] in module axi_interconnect_2x2 is either unconnected or has no load
WARNING: [Synth 8-7129] Port io_m_AXI_port_0_AXI_AR_bits_arregion[2] in module axi_interconnect_2x2 is either unconnected or has no load
WARNING: [Synth 8-7129] Port io_m_AXI_port_0_AXI_AR_bits_arregion[1] in module axi_interconnect_2x2 is either unconnected or has no load
WARNING: [Synth 8-7129] Port io_m_AXI_port_0_AXI_AR_bits_arregion[0] in module axi_interconnect_2x2 is either unconnected or has no load
WARNING: [Synth 8-7129] Port io_m_AXI_port_1_AXI_AW_bits_awregion[3] in module axi_interconnect_2x2 is either unconnected or has no load
WARNING: [Synth 8-7129] Port io_m_AXI_port_1_AXI_AW_bits_awregion[2] in module axi_interconnect_2x2 is either unconnected or has no load
WARNING: [Synth 8-7129] Port io_m_AXI_port_1_AXI_AW_bits_awregion[1] in module axi_interconnect_2x2 is either unconnected or has no load
WARNING: [Synth 8-7129] Port io_m_AXI_port_1_AXI_AW_bits_awregion[0] in module axi_interconnect_2x2 is either unconnected or has no load
WARNING: [Synth 8-7129] Port io_m_AXI_port_1_AXI_AR_bits_arregion[3] in module axi_interconnect_2x2 is either unconnected or has no load
WARNING: [Synth 8-7129] Port io_m_AXI_port_1_AXI_AR_bits_arregion[2] in module axi_interconnect_2x2 is either unconnected or has no load
WARNING: [Synth 8-7129] Port io_m_AXI_port_1_AXI_AR_bits_arregion[1] in module axi_interconnect_2x2 is either unconnected or has no load
WARNING: [Synth 8-7129] Port io_m_AXI_port_1_AXI_AR_bits_arregion[0] in module axi_interconnect_2x2 is either unconnected or has no load
WARNING: [Synth 8-7129] Port io_s_AXI_AXI_W_bits_wdata[31] in module AXI_debug_printer is either unconnected or has no load
WARNING: [Synth 8-7129] Port io_s_AXI_AXI_W_bits_wdata[30] in module AXI_debug_printer is either unconnected or has no load
WARNING: [Synth 8-7129] Port io_s_AXI_AXI_W_bits_wdata[29] in module AXI_debug_printer is either unconnected or has no load
WARNING: [Synth 8-7129] Port io_s_AXI_AXI_W_bits_wdata[28] in module AXI_debug_printer is either unconnected or has no load
WARNING: [Synth 8-7129] Port io_s_AXI_AXI_W_bits_wdata[27] in module AXI_debug_printer is either unconnected or has no load
WARNING: [Synth 8-7129] Port io_s_AXI_AXI_W_bits_wdata[26] in module AXI_debug_printer is either unconnected or has no load
WARNING: [Synth 8-7129] Port io_s_AXI_AXI_W_bits_wdata[25] in module AXI_debug_printer is either unconnected or has no load
WARNING: [Synth 8-7129] Port io_s_AXI_AXI_W_bits_wdata[24] in module AXI_debug_printer is either unconnected or has no load
WARNING: [Synth 8-7129] Port io_s_AXI_AXI_W_bits_wdata[23] in module AXI_debug_printer is either unconnected or has no load
WARNING: [Synth 8-7129] Port io_s_AXI_AXI_W_bits_wdata[22] in module AXI_debug_printer is either unconnected or has no load
WARNING: [Synth 8-7129] Port io_s_AXI_AXI_W_bits_wdata[21] in module AXI_debug_printer is either unconnected or has no load
WARNING: [Synth 8-7129] Port io_s_AXI_AXI_W_bits_wdata[20] in module AXI_debug_printer is either unconnected or has no load
WARNING: [Synth 8-7129] Port io_s_AXI_AXI_W_bits_wdata[19] in module AXI_debug_printer is either unconnected or has no load
WARNING: [Synth 8-7129] Port io_s_AXI_AXI_W_bits_wdata[18] in module AXI_debug_printer is either unconnected or has no load
WARNING: [Synth 8-7129] Port io_s_AXI_AXI_W_bits_wdata[17] in module AXI_debug_printer is either unconnected or has no load
WARNING: [Synth 8-7129] Port io_s_AXI_AXI_W_bits_wdata[16] in module AXI_debug_printer is either unconnected or has no load
WARNING: [Synth 8-7129] Port io_s_AXI_AXI_W_bits_wdata[15] in module AXI_debug_printer is either unconnected or has no load
WARNING: [Synth 8-7129] Port io_s_AXI_AXI_W_bits_wdata[14] in module AXI_debug_printer is either unconnected or has no load
WARNING: [Synth 8-7129] Port io_s_AXI_AXI_W_bits_wdata[13] in module AXI_debug_printer is either unconnected or has no load
WARNING: [Synth 8-7129] Port io_s_AXI_AXI_W_bits_wdata[12] in module AXI_debug_printer is either unconnected or has no load
WARNING: [Synth 8-7129] Port io_s_AXI_AXI_W_bits_wdata[11] in module AXI_debug_printer is either unconnected or has no load
WARNING: [Synth 8-7129] Port io_s_AXI_AXI_W_bits_wdata[10] in module AXI_debug_printer is either unconnected or has no load
WARNING: [Synth 8-7129] Port io_s_AXI_AXI_W_bits_wdata[9] in module AXI_debug_printer is either unconnected or has no load
WARNING: [Synth 8-7129] Port io_s_AXI_AXI_W_bits_wdata[8] in module AXI_debug_printer is either unconnected or has no load
WARNING: [Synth 8-7129] Port io_s_AXI_AXI_W_bits_wdata[7] in module AXI_debug_printer is either unconnected or has no load
WARNING: [Synth 8-7129] Port io_s_AXI_AXI_W_bits_wdata[6] in module AXI_debug_printer is either unconnected or has no load
WARNING: [Synth 8-7129] Port io_s_AXI_AXI_W_bits_wdata[5] in module AXI_debug_printer is either unconnected or has no load
WARNING: [Synth 8-7129] Port io_s_AXI_AXI_W_bits_wdata[4] in module AXI_debug_printer is either unconnected or has no load
WARNING: [Synth 8-7129] Port io_s_AXI_AXI_W_bits_wdata[3] in module AXI_debug_printer is either unconnected or has no load
WARNING: [Synth 8-7129] Port io_s_AXI_AXI_W_bits_wdata[2] in module AXI_debug_printer is either unconnected or has no load
WARNING: [Synth 8-7129] Port io_s_AXI_AXI_W_bits_wdata[1] in module AXI_debug_printer is either unconnected or has no load
WARNING: [Synth 8-7129] Port io_s_AXI_AXI_W_bits_wdata[0] in module AXI_debug_printer is either unconnected or has no load
WARNING: [Synth 8-7129] Port R0_en in module ram_64x21 is either unconnected or has no load
WARNING: [Synth 8-7129] Port R0_clk in module ram_64x21 is either unconnected or has no load
WARNING: [Synth 8-7129] Port R0_en in module ram_256x8 is either unconnected or has no load
WARNING: [Synth 8-7129] Port R0_clk in module ram_256x8 is either unconnected or has no load
WARNING: [Synth 8-7129] Port R0_en in module ram_3x36 is either unconnected or has no load
WARNING: [Synth 8-7129] Port R0_clk in module ram_3x36 is either unconnected or has no load
WARNING: [Synth 8-7129] Port R0_en in module ram_8x36 is either unconnected or has no load
WARNING: [Synth 8-7129] Port R0_en in module ram_2x345 is either unconnected or has no load
WARNING: [Synth 8-7129] Port R0_clk in module ram_2x345 is either unconnected or has no load
WARNING: [Synth 8-7129] Port io_enq_bits_write_bytes[6] in module Queue2_AXI_request_Q_entry is either unconnected or has no load
INFO: [Common 17-14] Message 'Synth 8-7129' appears 100 times and further instances of the messages will be disabled. Use the Tcl command set_msg_config to change the current settings.
INFO: [Common 17-41] Interrupt caught. Command should exit soon.
INFO: [Common 17-41] Interrupt caught. Command should exit soon.
INFO: [Common 17-41] Interrupt caught. Command should exit soon.
INFO: [Common 17-41] Interrupt caught. Command should exit soon.
INFO: [Common 17-41] Interrupt caught. Command should exit soon.
INFO: [Common 17-41] Interrupt caught. Command should exit soon.
INFO: [Common 17-41] Interrupt caught. Command should exit soon.
INFO: [Common 17-41] Interrupt caught. Command should exit soon.
INFO: [Common 17-41] Interrupt caught. Command should exit soon.
INFO: [Common 17-41] Interrupt caught. Command should exit soon.
INFO: [Common 17-41] Interrupt caught. Command should exit soon.
INFO: [Common 17-41] Interrupt caught. Command should exit soon.
INFO: [Common 17-41] Interrupt caught. Command should exit soon.
INFO: [Common 17-41] Interrupt caught. Command should exit soon.
INFO: [Common 17-41] Interrupt caught. Command should exit soon.
INFO: [Common 17-41] Interrupt caught. Command should exit soon.
INFO: [Common 17-41] Interrupt caught. Command should exit soon.
INFO: [Common 17-41] Interrupt caught. Command should exit soon.
INFO: [Common 17-41] Interrupt caught. Command should exit soon.
INFO: [Common 17-41] Interrupt caught. Command should exit soon.
INFO: [Common 17-41] Interrupt caught. Command should exit soon.
INFO: [Common 17-41] Interrupt caught. Command should exit soon.
INFO: [Common 17-41] Interrupt caught. Command should exit soon.
INFO: [Common 17-41] Interrupt caught. Command should exit soon.
INFO: [Common 17-41] Interrupt caught. Command should exit soon.
INFO: [Common 17-41] Interrupt caught. Command should exit soon.
1
INFO: [Common 17-83] Releasing license: Synthesis
226 Infos, 225 Warnings, 0 Critical Warnings and 1 Errors encountered.
synth_design failed
INFO: [Common 17-344] 'source' was cancelled
INFO: [Common 17-206] Exiting Vivado at Sat Aug 17 03:13:12 2024...
